[INFO] Scanning for projects...
Downloading from central: https://repo.maven.apache.org/maven2/org/codehaus/mojo/build-helper-maven-plugin/1.8/build-helper-maven-plugin-1.8.pom
Progress (1): 1.4/6.7 kBProgress (1): 2.7/6.7 kBProgress (1): 4.1/6.7 kBProgress (1): 5.5/6.7 kBProgress (1): 6.7 kB                        Downloaded from central: https://repo.maven.apache.org/maven2/org/codehaus/mojo/build-helper-maven-plugin/1.8/build-helper-maven-plugin-1.8.pom (6.7 kB at 8.4 kB/s)
Downloading from central: https://repo.maven.apache.org/maven2/org/codehaus/mojo/build-helper-maven-plugin/1.8/build-helper-maven-plugin-1.8.jar
Progress (1): 1.4/42 kBProgress (1): 2.7/42 kBProgress (1): 4.1/42 kBProgress (1): 5.5/42 kBProgress (1): 6.9/42 kBProgress (1): 8.2/42 kBProgress (1): 9.6/42 kBProgress (1): 11/42 kB Progress (1): 12/42 kBProgress (1): 14/42 kBProgress (1): 15/42 kBProgress (1): 16/42 kBProgress (1): 18/42 kBProgress (1): 19/42 kBProgress (1): 21/42 kBProgress (1): 22/42 kBProgress (1): 23/42 kBProgress (1): 25/42 kBProgress (1): 26/42 kBProgress (1): 27/42 kBProgress (1): 29/42 kBProgress (1): 30/42 kBProgress (1): 32/42 kBProgress (1): 33/42 kBProgress (1): 34/42 kBProgress (1): 36/42 kBProgress (1): 37/42 kBProgress (1): 38/42 kBProgress (1): 40/42 kBProgress (1): 41/42 kBProgress (1): 42 kB                      Downloaded from central: https://repo.maven.apache.org/maven2/org/codehaus/mojo/build-helper-maven-plugin/1.8/build-helper-maven-plugin-1.8.jar (42 kB at 981 kB/s)
Downloading from central: https://repo.maven.apache.org/maven2/org/codehaus/mojo/animal-sniffer-maven-plugin/1.13/animal-sniffer-maven-plugin-1.13.pom
Progress (1): 1.4/4.9 kBProgress (1): 2.7/4.9 kBProgress (1): 4.1/4.9 kBProgress (1): 4.9 kB                        Downloaded from central: https://repo.maven.apache.org/maven2/org/codehaus/mojo/animal-sniffer-maven-plugin/1.13/animal-sniffer-maven-plugin-1.13.pom (4.9 kB at 44 kB/s)
Downloading from central: https://repo.maven.apache.org/maven2/org/codehaus/mojo/animal-sniffer-parent/1.13/animal-sniffer-parent-1.13.pom
Progress (1): 1.4/4.4 kBProgress (1): 2.7/4.4 kBProgress (1): 4.1/4.4 kBProgress (1): 4.4 kB                        Downloaded from central: https://repo.maven.apache.org/maven2/org/codehaus/mojo/animal-sniffer-parent/1.13/animal-sniffer-parent-1.13.pom (4.4 kB at 40 kB/s)
Downloading from central: https://repo.maven.apache.org/maven2/org/codehaus/mojo/animal-sniffer-maven-plugin/1.13/animal-sniffer-maven-plugin-1.13.jar
Progress (1): 1.4/31 kBProgress (1): 2.7/31 kBProgress (1): 4.1/31 kBProgress (1): 5.5/31 kBProgress (1): 6.9/31 kBProgress (1): 8.2/31 kBProgress (1): 9.6/31 kBProgress (1): 11/31 kB Progress (1): 12/31 kBProgress (1): 14/31 kBProgress (1): 15/31 kBProgress (1): 16/31 kBProgress (1): 18/31 kBProgress (1): 19/31 kBProgress (1): 21/31 kBProgress (1): 22/31 kBProgress (1): 23/31 kBProgress (1): 25/31 kBProgress (1): 26/31 kBProgress (1): 27/31 kBProgress (1): 29/31 kBProgress (1): 30/31 kBProgress (1): 31 kB                      Downloaded from central: https://repo.maven.apache.org/maven2/org/codehaus/mojo/animal-sniffer-maven-plugin/1.13/animal-sniffer-maven-plugin-1.13.jar (31 kB at 181 kB/s)
Downloading from central: https://repo.maven.apache.org/maven2/org/jacoco/jacoco-maven-plugin/0.7.4.201502262128/jacoco-maven-plugin-0.7.4.201502262128.pom
Progress (1): 1.4/3.8 kBProgress (1): 2.7/3.8 kBProgress (1): 3.8 kB                        Downloaded from central: https://repo.maven.apache.org/maven2/org/jacoco/jacoco-maven-plugin/0.7.4.201502262128/jacoco-maven-plugin-0.7.4.201502262128.pom (3.8 kB at 141 kB/s)
Downloading from central: https://repo.maven.apache.org/maven2/org/jacoco/org.jacoco.build/0.7.4.201502262128/org.jacoco.build-0.7.4.201502262128.pom
Progress (1): 1.4/36 kBProgress (1): 2.7/36 kBProgress (1): 4.1/36 kBProgress (1): 5.5/36 kBProgress (1): 6.9/36 kBProgress (1): 8.2/36 kBProgress (1): 9.6/36 kBProgress (1): 11/36 kB Progress (1): 12/36 kBProgress (1): 14/36 kBProgress (1): 15/36 kBProgress (1): 16/36 kBProgress (1): 18/36 kBProgress (1): 19/36 kBProgress (1): 21/36 kBProgress (1): 22/36 kBProgress (1): 23/36 kBProgress (1): 25/36 kBProgress (1): 26/36 kBProgress (1): 27/36 kBProgress (1): 29/36 kBProgress (1): 30/36 kBProgress (1): 32/36 kBProgress (1): 33/36 kBProgress (1): 34/36 kBProgress (1): 36/36 kBProgress (1): 36 kB                      Downloaded from central: https://repo.maven.apache.org/maven2/org/jacoco/org.jacoco.build/0.7.4.201502262128/org.jacoco.build-0.7.4.201502262128.pom (36 kB at 956 kB/s)
Downloading from central: https://repo.maven.apache.org/maven2/org/jacoco/jacoco-maven-plugin/0.7.4.201502262128/jacoco-maven-plugin-0.7.4.201502262128.jar
Progress (1): 1.4/51 kBProgress (1): 2.7/51 kBProgress (1): 4.1/51 kBProgress (1): 5.5/51 kBProgress (1): 6.9/51 kBProgress (1): 8.2/51 kBProgress (1): 9.6/51 kBProgress (1): 11/51 kB Progress (1): 12/51 kBProgress (1): 14/51 kBProgress (1): 15/51 kBProgress (1): 16/51 kBProgress (1): 18/51 kBProgress (1): 19/51 kBProgress (1): 21/51 kBProgress (1): 22/51 kBProgress (1): 23/51 kBProgress (1): 25/51 kBProgress (1): 26/51 kBProgress (1): 27/51 kBProgress (1): 29/51 kBProgress (1): 30/51 kBProgress (1): 32/51 kBProgress (1): 33/51 kBProgress (1): 34/51 kBProgress (1): 36/51 kBProgress (1): 37/51 kBProgress (1): 38/51 kBProgress (1): 40/51 kBProgress (1): 41/51 kBProgress (1): 43/51 kBProgress (1): 44/51 kBProgress (1): 45/51 kBProgress (1): 47/51 kBProgress (1): 48/51 kBProgress (1): 49/51 kBProgress (1): 51/51 kBProgress (1): 51 kB                      Downloaded from central: https://repo.maven.apache.org/maven2/org/jacoco/jacoco-maven-plugin/0.7.4.201502262128/jacoco-maven-plugin-0.7.4.201502262128.jar (51 kB at 577 kB/s)
[INFO] 
[INFO] ----------------------< commons-cli:commons-cli >-----------------------
[INFO] Building Apache Commons CLI 1.4-SNAPSHOT
[INFO] --------------------------------[ jar ]---------------------------------
[INFO] 
[INFO] >>> starts-maven-plugin:1.3:starts (default-cli) > [starts]test @ commons-cli >>>
[INFO] 
[INFO] --- maven-enforcer-plugin:1.3.1:enforce (enforce-maven-3) @ commons-cli ---
[INFO] 
[INFO] --- build-helper-maven-plugin:1.8:parse-version (parse-version) @ commons-cli ---
[INFO] 
[INFO] --- maven-antrun-plugin:1.7:run (javadoc.resources) @ commons-cli ---
[INFO] Executing tasks

main:
     [copy] Copying 2 files to /s/smith/b/nobackup/mkshin/Spring2020/Research/STARTS/commonCLI/workingDir/target/apidocs/META-INF
[INFO] Executed tasks
[INFO] 
[INFO] --- maven-remote-resources-plugin:1.5:process (default) @ commons-cli ---
[INFO] 
[INFO] --- buildnumber-maven-plugin:1.3:create (default) @ commons-cli ---
[INFO] Executing: /bin/sh -c cd /s/smith/b/nobackup/mkshin/Spring2020/Research/STARTS/commonCLI/workingDir && svn --non-interactive info
[INFO] Working directory: /s/smith/b/nobackup/mkshin/Spring2020/Research/STARTS/commonCLI/workingDir
[INFO] Storing buildNumber: ?????? at timestamp: 1589857376832
[INFO] Executing: /bin/sh -c cd /s/smith/b/nobackup/mkshin/Spring2020/Research/STARTS/commonCLI/workingDir && svn --non-interactive info
[INFO] Working directory: /s/smith/b/nobackup/mkshin/Spring2020/Research/STARTS/commonCLI/workingDir
[INFO] Storing buildScmBranch: UNKNOWN_BRANCH
[INFO] 
[INFO] --- maven-resources-plugin:2.7:resources (default-resources) @ commons-cli ---
[INFO] Using 'utf-8' encoding to copy filtered resources.
[INFO] skip non existing resourceDirectory /s/smith/b/nobackup/mkshin/Spring2020/Research/STARTS/commonCLI/workingDir/src/main/resources
[INFO] Copying 2 resources to META-INF
[INFO] 
[INFO] --- maven-compiler-plugin:3.2:compile (default-compile) @ commons-cli ---
[INFO] Changes detected - recompiling the module!
[INFO] Compiling 23 source files to /s/smith/b/nobackup/mkshin/Spring2020/Research/STARTS/commonCLI/workingDir/target/classes
[INFO] /s/smith/b/nobackup/mkshin/Spring2020/Research/STARTS/commonCLI/workingDir/src/main/java/org/apache/commons/cli/DefaultParser.java: Some input files use unchecked or unsafe operations.
[INFO] /s/smith/b/nobackup/mkshin/Spring2020/Research/STARTS/commonCLI/workingDir/src/main/java/org/apache/commons/cli/DefaultParser.java: Recompile with -Xlint:unchecked for details.
[INFO] 
[INFO] --- maven-bundle-plugin:2.5.3:manifest (bundle-manifest) @ commons-cli ---
[INFO] 
[INFO] --- animal-sniffer-maven-plugin:1.13:check (checkAPIcompatibility) @ commons-cli ---
Downloading from central: https://repo.maven.apache.org/maven2/org/codehaus/mojo/animal-sniffer/1.13/animal-sniffer-1.13.pom
Progress (1): 1.4/2.4 kBProgress (1): 2.4 kB                        Downloaded from central: https://repo.maven.apache.org/maven2/org/codehaus/mojo/animal-sniffer/1.13/animal-sniffer-1.13.pom (2.4 kB at 20 kB/s)
Downloading from central: https://repo.maven.apache.org/maven2/org/ow2/asm/asm-all/4.0/asm-all-4.0.pom
Progress (1): 1.4/2.0 kBProgress (1): 2.0 kB                        Downloaded from central: https://repo.maven.apache.org/maven2/org/ow2/asm/asm-all/4.0/asm-all-4.0.pom (2.0 kB at 68 kB/s)
Downloading from central: https://repo.maven.apache.org/maven2/org/codehaus/mojo/java-boot-classpath-detector/1.13/java-boot-classpath-detector-1.13.pom
Progress (1): 1.4/2.4 kBProgress (1): 2.4 kB                        Downloaded from central: https://repo.maven.apache.org/maven2/org/codehaus/mojo/java-boot-classpath-detector/1.13/java-boot-classpath-detector-1.13.pom (2.4 kB at 16 kB/s)
Downloading from central: https://repo.maven.apache.org/maven2/org/codehaus/mojo/animal-sniffer/1.13/animal-sniffer-1.13.jar
Downloading from central: https://repo.maven.apache.org/maven2/org/codehaus/mojo/java-boot-classpath-detector/1.13/java-boot-classpath-detector-1.13.jar
Downloading from central: https://repo.maven.apache.org/maven2/org/ow2/asm/asm-all/4.0/asm-all-4.0.jar
Progress (1): 1.4/33 kBProgress (1): 2.7/33 kBProgress (1): 4.1/33 kBProgress (1): 5.5/33 kBProgress (1): 6.9/33 kBProgress (1): 8.2/33 kBProgress (1): 9.6/33 kBProgress (1): 11/33 kB Progress (1): 12/33 kBProgress (1): 14/33 kBProgress (1): 15/33 kBProgress (1): 16/33 kBProgress (1): 18/33 kBProgress (1): 19/33 kBProgress (1): 21/33 kBProgress (1): 22/33 kBProgress (1): 23/33 kBProgress (1): 25/33 kBProgress (1): 26/33 kBProgress (1): 27/33 kBProgress (1): 29/33 kBProgress (1): 30/33 kBProgress (1): 32/33 kBProgress (1): 33 kB   Progress (2): 33 kB | 1.4/213 kBProgress (2): 33 kB | 2.7/213 kBProgress (2): 33 kB | 4.1/213 kBProgress (2): 33 kB | 5.5/213 kBProgress (2): 33 kB | 6.9/213 kBProgress (2): 33 kB | 8.2/213 kBProgress (2): 33 kB | 9.6/213 kBProgress (2): 33 kB | 11/213 kB Progress (2): 33 kB | 12/213 kBProgress (2): 33 kB | 14/213 kBProgress (2): 33 kB | 15/213 kBProgress (2): 33 kB | 16/213 kBProgress (2): 33 kB | 18/213 kBProgress (2): 33 kB | 19/213 kBProgress (2): 33 kB | 21/213 kBProgress (2): 33 kB | 22/213 kBProgress (2): 33 kB | 23/213 kBProgress (2): 33 kB | 25/213 kBProgress (2): 33 kB | 26/213 kBProgress (2): 33 kB | 27/213 kBProgress (2): 33 kB | 29/213 kBProgress (2): 33 kB | 30/213 kBProgress (2): 33 kB | 32/213 kBProgress (2): 33 kB | 33/213 kBProgress (2): 33 kB | 34/213 kBProgress (2): 33 kB | 36/213 kBProgress (2): 33 kB | 37/213 kBProgress (2): 33 kB | 38/213 kBProgress (3): 33 kB | 38/213 kB | 1.4/5.0 kBProgress (3): 33 kB | 40/213 kB | 1.4/5.0 kBProgress (3): 33 kB | 41/213 kB | 1.4/5.0 kBProgress (3): 33 kB | 43/213 kB | 1.4/5.0 kBProgress (3): 33 kB | 44/213 kB | 1.4/5.0 kBProgress (3): 33 kB | 45/213 kB | 1.4/5.0 kBProgress (3): 33 kB | 45/213 kB | 2.7/5.0 kBProgress (3): 33 kB | 47/213 kB | 2.7/5.0 kBProgress (3): 33 kB | 47/213 kB | 4.1/5.0 kBProgress (3): 33 kB | 48/213 kB | 4.1/5.0 kBProgress (3): 33 kB | 48/213 kB | 5.0 kB    Progress (3): 33 kB | 49/213 kB | 5.0 kBProgress (3): 33 kB | 51/213 kB | 5.0 kBProgress (3): 33 kB | 52/213 kB | 5.0 kBProgress (3): 33 kB | 53/213 kB | 5.0 kBProgress (3): 33 kB | 55/213 kB | 5.0 kBProgress (3): 33 kB | 56/213 kB | 5.0 kBProgress (3): 33 kB | 58/213 kB | 5.0 kBProgress (3): 33 kB | 59/213 kB | 5.0 kBProgress (3): 33 kB | 60/213 kB | 5.0 kBProgress (3): 33 kB | 62/213 kB | 5.0 kBProgress (3): 33 kB | 63/213 kB | 5.0 kBProgress (3): 33 kB | 64/213 kB | 5.0 kBProgress (3): 33 kB | 66/213 kB | 5.0 kBProgress (3): 33 kB | 67/213 kB | 5.0 kBProgress (3): 33 kB | 69/213 kB | 5.0 kBProgress (3): 33 kB | 70/213 kB | 5.0 kBProgress (3): 33 kB | 71/213 kB | 5.0 kBProgress (3): 33 kB | 73/213 kB | 5.0 kBProgress (3): 33 kB | 74/213 kB | 5.0 kBProgress (3): 33 kB | 75/213 kB | 5.0 kBProgress (3): 33 kB | 77/213 kB | 5.0 kBProgress (3): 33 kB | 78/213 kB | 5.0 kBProgress (3): 33 kB | 80/213 kB | 5.0 kBProgress (3): 33 kB | 81/213 kB | 5.0 kBProgress (3): 33 kB | 82/213 kB | 5.0 kBProgress (3): 33 kB | 84/213 kB | 5.0 kBProgress (3): 33 kB | 85/213 kB | 5.0 kBProgress (3): 33 kB | 86/213 kB | 5.0 kBProgress (3): 33 kB | 88/213 kB | 5.0 kBProgress (3): 33 kB | 89/213 kB | 5.0 kBProgress (3): 33 kB | 90/213 kB | 5.0 kBProgress (3): 33 kB | 92/213 kB | 5.0 kBProgress (3): 33 kB | 93/213 kB | 5.0 kBProgress (3): 33 kB | 95/213 kB | 5.0 kBProgress (3): 33 kB | 96/213 kB | 5.0 kBProgress (3): 33 kB | 97/213 kB | 5.0 kBProgress (3): 33 kB | 99/213 kB | 5.0 kBProgress (3): 33 kB | 100/213 kB | 5.0 kBProgress (3): 33 kB | 101/213 kB | 5.0 kBProgress (3): 33 kB | 103/213 kB | 5.0 kBProgress (3): 33 kB | 104/213 kB | 5.0 kBProgress (3): 33 kB | 106/213 kB | 5.0 kBProgress (3): 33 kB | 107/213 kB | 5.0 kBProgress (3): 33 kB | 108/213 kB | 5.0 kBProgress (3): 33 kB | 110/213 kB | 5.0 kBProgress (3): 33 kB | 111/213 kB | 5.0 kBProgress (3): 33 kB | 112/213 kB | 5.0 kBProgress (3): 33 kB | 114/213 kB | 5.0 kBProgress (3): 33 kB | 115/213 kB | 5.0 kBProgress (3): 33 kB | 117/213 kB | 5.0 kBProgress (3): 33 kB | 118/213 kB | 5.0 kBProgress (3): 33 kB | 119/213 kB | 5.0 kBProgress (3): 33 kB | 121/213 kB | 5.0 kBProgress (3): 33 kB | 122/213 kB | 5.0 kBProgress (3): 33 kB | 123/213 kB | 5.0 kBProgress (3): 33 kB | 125/213 kB | 5.0 kBProgress (3): 33 kB | 126/213 kB | 5.0 kBProgress (3): 33 kB | 128/213 kB | 5.0 kBProgress (3): 33 kB | 129/213 kB | 5.0 kBProgress (3): 33 kB | 130/213 kB | 5.0 kBProgress (3): 33 kB | 132/213 kB | 5.0 kBProgress (3): 33 kB | 133/213 kB | 5.0 kBProgress (3): 33 kB | 134/213 kB | 5.0 kBProgress (3): 33 kB | 136/213 kB | 5.0 kBProgress (3): 33 kB | 137/213 kB | 5.0 kBProgress (3): 33 kB | 138/213 kB | 5.0 kBProgress (3): 33 kB | 140/213 kB | 5.0 kBProgress (3): 33 kB | 141/213 kB | 5.0 kBProgress (3): 33 kB | 143/213 kB | 5.0 kBProgress (3): 33 kB | 144/213 kB | 5.0 kBProgress (3): 33 kB | 145/213 kB | 5.0 kBProgress (3): 33 kB | 147/213 kB | 5.0 kBProgress (3): 33 kB | 148/213 kB | 5.0 kBProgress (3): 33 kB | 149/213 kB | 5.0 kBProgress (3): 33 kB | 151/213 kB | 5.0 kBProgress (3): 33 kB | 152/213 kB | 5.0 kBProgress (3): 33 kB | 154/213 kB | 5.0 kBProgress (3): 33 kB | 155/213 kB | 5.0 kBProgress (3): 33 kB | 156/213 kB | 5.0 kBProgress (3): 33 kB | 158/213 kB | 5.0 kBProgress (3): 33 kB | 159/213 kB | 5.0 kBProgress (3): 33 kB | 160/213 kB | 5.0 kBProgress (3): 33 kB | 162/213 kB | 5.0 kBProgress (3): 33 kB | 163/213 kB | 5.0 kBProgress (3): 33 kB | 165/213 kB | 5.0 kBProgress (3): 33 kB | 166/213 kB | 5.0 kBProgress (3): 33 kB | 167/213 kB | 5.0 kBProgress (3): 33 kB | 169/213 kB | 5.0 kBProgress (3): 33 kB | 170/213 kB | 5.0 kBProgress (3): 33 kB | 171/213 kB | 5.0 kBProgress (3): 33 kB | 173/213 kB | 5.0 kBProgress (3): 33 kB | 174/213 kB | 5.0 kBProgress (3): 33 kB | 175/213 kB | 5.0 kBProgress (3): 33 kB | 177/213 kB | 5.0 kBProgress (3): 33 kB | 178/213 kB | 5.0 kBProgress (3): 33 kB | 180/213 kB | 5.0 kBProgress (3): 33 kB | 181/213 kB | 5.0 kBProgress (3): 33 kB | 182/213 kB | 5.0 kBProgress (3): 33 kB | 184/213 kB | 5.0 kBProgress (3): 33 kB | 185/213 kB | 5.0 kBProgress (3): 33 kB | 186/213 kB | 5.0 kB                                         Downloaded from central: https://repo.maven.apache.org/maven2/org/codehaus/mojo/animal-sniffer/1.13/animal-sniffer-1.13.jar (33 kB at 266 kB/s)
Progress (2): 188/213 kB | 5.0 kBProgress (2): 189/213 kB | 5.0 kBProgress (2): 191/213 kB | 5.0 kBProgress (2): 192/213 kB | 5.0 kBProgress (2): 193/213 kB | 5.0 kBProgress (2): 195/213 kB | 5.0 kBProgress (2): 196/213 kB | 5.0 kBProgress (2): 197/213 kB | 5.0 kBProgress (2): 199/213 kB | 5.0 kBProgress (2): 200/213 kB | 5.0 kBProgress (2): 202/213 kB | 5.0 kBProgress (2): 203/213 kB | 5.0 kBProgress (2): 204/213 kB | 5.0 kBProgress (2): 206/213 kB | 5.0 kBProgress (2): 207/213 kB | 5.0 kBProgress (2): 208/213 kB | 5.0 kBProgress (2): 210/213 kB | 5.0 kBProgress (2): 211/213 kB | 5.0 kBProgress (2): 213/213 kB | 5.0 kBProgress (2): 213 kB | 5.0 kB                                 Downloaded from central: https://repo.maven.apache.org/maven2/org/ow2/asm/asm-all/4.0/asm-all-4.0.jar (213 kB at 1.5 MB/s)
Downloaded from central: https://repo.maven.apache.org/maven2/org/codehaus/mojo/java-boot-classpath-detector/1.13/java-boot-classpath-detector-1.13.jar (5.0 kB at 34 kB/s)
[INFO] Checking unresolved references to org.codehaus.mojo.signature:java15:1.0
[INFO] 
[INFO] --- maven-resources-plugin:2.7:testResources (default-testResources) @ commons-cli ---
[INFO] Using 'utf-8' encoding to copy filtered resources.
[INFO] skip non existing resourceDirectory /s/smith/b/nobackup/mkshin/Spring2020/Research/STARTS/commonCLI/workingDir/src/test/resources
[INFO] Copying 2 resources to META-INF
[INFO] 
[INFO] --- maven-compiler-plugin:3.2:testCompile (default-testCompile) @ commons-cli ---
[INFO] Changes detected - recompiling the module!
[INFO] Compiling 27 source files to /s/smith/b/nobackup/mkshin/Spring2020/Research/STARTS/commonCLI/workingDir/target/test-classes
[INFO] /s/smith/b/nobackup/mkshin/Spring2020/Research/STARTS/commonCLI/workingDir/src/test/java/org/apache/commons/cli/bug/BugsTest.java: Some input files use or override a deprecated API.
[INFO] /s/smith/b/nobackup/mkshin/Spring2020/Research/STARTS/commonCLI/workingDir/src/test/java/org/apache/commons/cli/bug/BugsTest.java: Recompile with -Xlint:deprecation for details.
[INFO] 
[INFO] --- jacoco-maven-plugin:0.7.4.201502262128:prepare-agent (prepare-agent) @ commons-cli ---
Downloading from central: https://repo.maven.apache.org/maven2/org/jacoco/org.jacoco.agent/0.7.4.201502262128/org.jacoco.agent-0.7.4.201502262128.pom
Progress (1): 1.4/2.9 kBProgress (1): 2.7/2.9 kBProgress (1): 2.9 kB                        Downloaded from central: https://repo.maven.apache.org/maven2/org/jacoco/org.jacoco.agent/0.7.4.201502262128/org.jacoco.agent-0.7.4.201502262128.pom (2.9 kB at 96 kB/s)
Downloading from central: https://repo.maven.apache.org/maven2/org/jacoco/org.jacoco.core/0.7.4.201502262128/org.jacoco.core-0.7.4.201502262128.pom
Progress (1): 1.2 kB                    Downloaded from central: https://repo.maven.apache.org/maven2/org/jacoco/org.jacoco.core/0.7.4.201502262128/org.jacoco.core-0.7.4.201502262128.pom (1.2 kB at 42 kB/s)
Downloading from central: https://repo.maven.apache.org/maven2/org/jacoco/org.jacoco.report/0.7.4.201502262128/org.jacoco.report-0.7.4.201502262128.pom
Progress (1): 1.4 kB                    Downloaded from central: https://repo.maven.apache.org/maven2/org/jacoco/org.jacoco.report/0.7.4.201502262128/org.jacoco.report-0.7.4.201502262128.pom (1.4 kB at 54 kB/s)
Downloading from central: https://repo.maven.apache.org/maven2/org/jacoco/org.jacoco.agent/0.7.4.201502262128/org.jacoco.agent-0.7.4.201502262128-runtime.jar
Downloading from central: https://repo.maven.apache.org/maven2/org/jacoco/org.jacoco.report/0.7.4.201502262128/org.jacoco.report-0.7.4.201502262128.jar
Downloading from central: https://repo.maven.apache.org/maven2/org/jacoco/org.jacoco.core/0.7.4.201502262128/org.jacoco.core-0.7.4.201502262128.jar
Progress (1): 4.1/143 kBProgress (2): 4.1/143 kB | 4.1/136 kBProgress (3): 4.1/143 kB | 4.1/136 kB | 1.4/292 kBProgress (3): 8.2/143 kB | 4.1/136 kB | 1.4/292 kBProgress (3): 8.2/143 kB | 8.2/136 kB | 1.4/292 kBProgress (3): 12/143 kB | 8.2/136 kB | 1.4/292 kB Progress (3): 12/143 kB | 12/136 kB | 1.4/292 kB Progress (3): 16/143 kB | 12/136 kB | 1.4/292 kBProgress (3): 16/143 kB | 16/136 kB | 1.4/292 kBProgress (3): 20/143 kB | 16/136 kB | 1.4/292 kBProgress (3): 20/143 kB | 20/136 kB | 1.4/292 kBProgress (3): 20/143 kB | 25/136 kB | 1.4/292 kBProgress (3): 20/143 kB | 29/136 kB | 1.4/292 kBProgress (3): 20/143 kB | 33/136 kB | 1.4/292 kBProgress (3): 20/143 kB | 37/136 kB | 1.4/292 kBProgress (3): 20/143 kB | 41/136 kB | 1.4/292 kBProgress (3): 20/143 kB | 45/136 kB | 1.4/292 kBProgress (3): 20/143 kB | 49/136 kB | 1.4/292 kBProgress (3): 20/143 kB | 49/136 kB | 2.7/292 kBProgress (3): 20/143 kB | 49/136 kB | 4.1/292 kBProgress (3): 20/143 kB | 49/136 kB | 5.5/292 kBProgress (3): 20/143 kB | 49/136 kB | 6.9/292 kBProgress (3): 20/143 kB | 49/136 kB | 8.2/292 kBProgress (3): 20/143 kB | 49/136 kB | 9.6/292 kBProgress (3): 20/143 kB | 49/136 kB | 11/292 kB Progress (3): 20/143 kB | 49/136 kB | 12/292 kBProgress (3): 20/143 kB | 49/136 kB | 14/292 kBProgress (3): 20/143 kB | 49/136 kB | 15/292 kBProgress (3): 20/143 kB | 49/136 kB | 16/292 kBProgress (3): 20/143 kB | 49/136 kB | 18/292 kBProgress (3): 20/143 kB | 49/136 kB | 19/292 kBProgress (3): 20/143 kB | 49/136 kB | 21/292 kBProgress (3): 20/143 kB | 49/136 kB | 22/292 kBProgress (3): 20/143 kB | 49/136 kB | 23/292 kBProgress (3): 20/143 kB | 49/136 kB | 25/292 kBProgress (3): 20/143 kB | 49/136 kB | 26/292 kBProgress (3): 20/143 kB | 49/136 kB | 27/292 kBProgress (3): 20/143 kB | 49/136 kB | 29/292 kBProgress (3): 20/143 kB | 49/136 kB | 30/292 kBProgress (3): 20/143 kB | 49/136 kB | 32/292 kBProgress (3): 20/143 kB | 49/136 kB | 33/292 kBProgress (3): 20/143 kB | 49/136 kB | 34/292 kBProgress (3): 20/143 kB | 49/136 kB | 36/292 kBProgress (3): 20/143 kB | 49/136 kB | 37/292 kBProgress (3): 20/143 kB | 49/136 kB | 38/292 kBProgress (3): 20/143 kB | 49/136 kB | 40/292 kBProgress (3): 20/143 kB | 49/136 kB | 41/292 kBProgress (3): 20/143 kB | 49/136 kB | 43/292 kBProgress (3): 20/143 kB | 49/136 kB | 44/292 kBProgress (3): 20/143 kB | 49/136 kB | 45/292 kBProgress (3): 20/143 kB | 49/136 kB | 47/292 kBProgress (3): 20/143 kB | 49/136 kB | 48/292 kBProgress (3): 20/143 kB | 49/136 kB | 49/292 kBProgress (3): 25/143 kB | 49/136 kB | 49/292 kBProgress (3): 29/143 kB | 49/136 kB | 49/292 kBProgress (3): 33/143 kB | 49/136 kB | 49/292 kBProgress (3): 37/143 kB | 49/136 kB | 49/292 kBProgress (3): 41/143 kB | 49/136 kB | 49/292 kBProgress (3): 45/143 kB | 49/136 kB | 49/292 kBProgress (3): 49/143 kB | 49/136 kB | 49/292 kBProgress (3): 53/143 kB | 49/136 kB | 49/292 kBProgress (3): 53/143 kB | 53/136 kB | 49/292 kBProgress (3): 53/143 kB | 53/136 kB | 51/292 kBProgress (3): 57/143 kB | 53/136 kB | 51/292 kBProgress (3): 57/143 kB | 53/136 kB | 52/292 kBProgress (3): 57/143 kB | 57/136 kB | 52/292 kBProgress (3): 57/143 kB | 57/136 kB | 53/292 kBProgress (3): 61/143 kB | 57/136 kB | 53/292 kBProgress (3): 61/143 kB | 57/136 kB | 55/292 kBProgress (3): 61/143 kB | 61/136 kB | 55/292 kBProgress (3): 61/143 kB | 61/136 kB | 56/292 kBProgress (3): 66/143 kB | 61/136 kB | 56/292 kBProgress (3): 66/143 kB | 61/136 kB | 58/292 kBProgress (3): 66/143 kB | 61/136 kB | 59/292 kBProgress (3): 70/143 kB | 61/136 kB | 59/292 kBProgress (3): 74/143 kB | 61/136 kB | 59/292 kBProgress (3): 78/143 kB | 61/136 kB | 59/292 kBProgress (3): 82/143 kB | 61/136 kB | 59/292 kBProgress (3): 86/143 kB | 61/136 kB | 59/292 kBProgress (3): 90/143 kB | 61/136 kB | 59/292 kBProgress (3): 94/143 kB | 61/136 kB | 59/292 kBProgress (3): 98/143 kB | 61/136 kB | 59/292 kBProgress (3): 102/143 kB | 61/136 kB | 59/292 kBProgress (3): 106/143 kB | 61/136 kB | 59/292 kBProgress (3): 111/143 kB | 61/136 kB | 59/292 kBProgress (3): 115/143 kB | 61/136 kB | 59/292 kBProgress (3): 119/143 kB | 61/136 kB | 59/292 kBProgress (3): 123/143 kB | 61/136 kB | 59/292 kBProgress (3): 127/143 kB | 61/136 kB | 59/292 kBProgress (3): 127/143 kB | 66/136 kB | 59/292 kBProgress (3): 131/143 kB | 66/136 kB | 59/292 kBProgress (3): 131/143 kB | 70/136 kB | 59/292 kBProgress (3): 131/143 kB | 70/136 kB | 60/292 kBProgress (3): 131/143 kB | 74/136 kB | 60/292 kBProgress (3): 135/143 kB | 74/136 kB | 60/292 kBProgress (3): 135/143 kB | 78/136 kB | 60/292 kBProgress (3): 135/143 kB | 78/136 kB | 62/292 kBProgress (3): 135/143 kB | 82/136 kB | 62/292 kBProgress (3): 139/143 kB | 82/136 kB | 62/292 kBProgress (3): 143 kB | 82/136 kB | 62/292 kB    Progress (3): 143 kB | 86/136 kB | 62/292 kBProgress (3): 143 kB | 86/136 kB | 63/292 kBProgress (3): 143 kB | 86/136 kB | 64/292 kBProgress (3): 143 kB | 86/136 kB | 66/292 kBProgress (3): 143 kB | 86/136 kB | 67/292 kBProgress (3): 143 kB | 86/136 kB | 69/292 kBProgress (3): 143 kB | 86/136 kB | 70/292 kBProgress (3): 143 kB | 86/136 kB | 71/292 kBProgress (3): 143 kB | 86/136 kB | 73/292 kBProgress (3): 143 kB | 86/136 kB | 74/292 kBProgress (3): 143 kB | 86/136 kB | 75/292 kBProgress (3): 143 kB | 86/136 kB | 77/292 kBProgress (3): 143 kB | 86/136 kB | 78/292 kBProgress (3): 143 kB | 90/136 kB | 78/292 kBProgress (3): 143 kB | 90/136 kB | 80/292 kBProgress (3): 143 kB | 94/136 kB | 80/292 kBProgress (3): 143 kB | 94/136 kB | 81/292 kBProgress (3): 143 kB | 98/136 kB | 81/292 kBProgress (3): 143 kB | 98/136 kB | 82/292 kBProgress (3): 143 kB | 98/136 kB | 84/292 kBProgress (3): 143 kB | 98/136 kB | 85/292 kBProgress (3): 143 kB | 102/136 kB | 85/292 kBProgress (3): 143 kB | 106/136 kB | 85/292 kBProgress (3): 143 kB | 111/136 kB | 85/292 kBProgress (3): 143 kB | 115/136 kB | 85/292 kBProgress (3): 143 kB | 115/136 kB | 86/292 kBProgress (3): 143 kB | 115/136 kB | 88/292 kBProgress (3): 143 kB | 119/136 kB | 88/292 kBProgress (3): 143 kB | 119/136 kB | 89/292 kBProgress (3): 143 kB | 123/136 kB | 89/292 kBProgress (3): 143 kB | 123/136 kB | 90/292 kBProgress (3): 143 kB | 127/136 kB | 90/292 kBProgress (3): 143 kB | 131/136 kB | 90/292 kBProgress (3): 143 kB | 135/136 kB | 90/292 kBProgress (3): 143 kB | 136 kB | 90/292 kB    Progress (3): 143 kB | 136 kB | 92/292 kBProgress (3): 143 kB | 136 kB | 93/292 kBProgress (3): 143 kB | 136 kB | 95/292 kBProgress (3): 143 kB | 136 kB | 96/292 kBProgress (3): 143 kB | 136 kB | 97/292 kBProgress (3): 143 kB | 136 kB | 99/292 kBProgress (3): 143 kB | 136 kB | 100/292 kBProgress (3): 143 kB | 136 kB | 101/292 kBProgress (3): 143 kB | 136 kB | 103/292 kBProgress (3): 143 kB | 136 kB | 104/292 kBProgress (3): 143 kB | 136 kB | 106/292 kBProgress (3): 143 kB | 136 kB | 107/292 kBProgress (3): 143 kB | 136 kB | 108/292 kBProgress (3): 143 kB | 136 kB | 110/292 kBProgress (3): 143 kB | 136 kB | 111/292 kBProgress (3): 143 kB | 136 kB | 112/292 kBProgress (3): 143 kB | 136 kB | 114/292 kBProgress (3): 143 kB | 136 kB | 115/292 kBProgress (3): 143 kB | 136 kB | 117/292 kBProgress (3): 143 kB | 136 kB | 118/292 kBProgress (3): 143 kB | 136 kB | 119/292 kBProgress (3): 143 kB | 136 kB | 121/292 kBProgress (3): 143 kB | 136 kB | 122/292 kBProgress (3): 143 kB | 136 kB | 123/292 kBProgress (3): 143 kB | 136 kB | 125/292 kBProgress (3): 143 kB | 136 kB | 126/292 kBProgress (3): 143 kB | 136 kB | 128/292 kBProgress (3): 143 kB | 136 kB | 129/292 kBProgress (3): 143 kB | 136 kB | 130/292 kBProgress (3): 143 kB | 136 kB | 132/292 kBProgress (3): 143 kB | 136 kB | 133/292 kBProgress (3): 143 kB | 136 kB | 134/292 kBProgress (3): 143 kB | 136 kB | 136/292 kBProgress (3): 143 kB | 136 kB | 137/292 kBProgress (3): 143 kB | 136 kB | 138/292 kBProgress (3): 143 kB | 136 kB | 140/292 kBProgress (3): 143 kB | 136 kB | 141/292 kBProgress (3): 143 kB | 136 kB | 143/292 kBProgress (3): 143 kB | 136 kB | 144/292 kBProgress (3): 143 kB | 136 kB | 145/292 kBProgress (3): 143 kB | 136 kB | 147/292 kBProgress (3): 143 kB | 136 kB | 148/292 kBProgress (3): 143 kB | 136 kB | 149/292 kBProgress (3): 143 kB | 136 kB | 151/292 kBProgress (3): 143 kB | 136 kB | 152/292 kBProgress (3): 143 kB | 136 kB | 154/292 kBProgress (3): 143 kB | 136 kB | 155/292 kBProgress (3): 143 kB | 136 kB | 156/292 kBProgress (3): 143 kB | 136 kB | 158/292 kBProgress (3): 143 kB | 136 kB | 159/292 kBProgress (3): 143 kB | 136 kB | 160/292 kBProgress (3): 143 kB | 136 kB | 162/292 kBProgress (3): 143 kB | 136 kB | 163/292 kBProgress (3): 143 kB | 136 kB | 165/292 kBProgress (3): 143 kB | 136 kB | 166/292 kBProgress (3): 143 kB | 136 kB | 167/292 kBProgress (3): 143 kB | 136 kB | 169/292 kB                                          Downloaded from central: https://repo.maven.apache.org/maven2/org/jacoco/org.jacoco.core/0.7.4.201502262128/org.jacoco.core-0.7.4.201502262128.jar (136 kB at 2.2 MB/s)
Progress (2): 143 kB | 170/292 kBProgress (2): 143 kB | 171/292 kBProgress (2): 143 kB | 173/292 kBProgress (2): 143 kB | 174/292 kBProgress (2): 143 kB | 175/292 kBProgress (2): 143 kB | 177/292 kBProgress (2): 143 kB | 178/292 kBProgress (2): 143 kB | 180/292 kBProgress (2): 143 kB | 181/292 kBProgress (2): 143 kB | 182/292 kBProgress (2): 143 kB | 184/292 kBProgress (2): 143 kB | 185/292 kBProgress (2): 143 kB | 186/292 kBProgress (2): 143 kB | 188/292 kBProgress (2): 143 kB | 189/292 kBProgress (2): 143 kB | 191/292 kBProgress (2): 143 kB | 192/292 kBProgress (2): 143 kB | 193/292 kBProgress (2): 143 kB | 195/292 kBProgress (2): 143 kB | 196/292 kBProgress (2): 143 kB | 197/292 kBProgress (2): 143 kB | 199/292 kBProgress (2): 143 kB | 200/292 kBProgress (2): 143 kB | 202/292 kBProgress (2): 143 kB | 203/292 kBProgress (2): 143 kB | 204/292 kBProgress (2): 143 kB | 206/292 kBProgress (2): 143 kB | 207/292 kBProgress (2): 143 kB | 208/292 kBProgress (2): 143 kB | 210/292 kBProgress (2): 143 kB | 211/292 kBProgress (2): 143 kB | 213/292 kBProgress (2): 143 kB | 214/292 kBProgress (2): 143 kB | 215/292 kBProgress (2): 143 kB | 217/292 kBProgress (2): 143 kB | 218/292 kBProgress (2): 143 kB | 219/292 kBProgress (2): 143 kB | 221/292 kBProgress (2): 143 kB | 222/292 kBProgress (2): 143 kB | 223/292 kBProgress (2): 143 kB | 225/292 kBProgress (2): 143 kB | 226/292 kBProgress (2): 143 kB | 228/292 kBProgress (2): 143 kB | 229/292 kBProgress (2): 143 kB | 230/292 kBProgress (2): 143 kB | 232/292 kBProgress (2): 143 kB | 233/292 kBProgress (2): 143 kB | 234/292 kBProgress (2): 143 kB | 236/292 kBProgress (2): 143 kB | 237/292 kBProgress (2): 143 kB | 239/292 kBProgress (2): 143 kB | 240/292 kBProgress (2): 143 kB | 241/292 kBProgress (2): 143 kB | 243/292 kBProgress (2): 143 kB | 244/292 kBProgress (2): 143 kB | 245/292 kBProgress (2): 143 kB | 247/292 kBProgress (2): 143 kB | 248/292 kBProgress (2): 143 kB | 250/292 kBProgress (2): 143 kB | 251/292 kBProgress (2): 143 kB | 252/292 kBProgress (2): 143 kB | 254/292 kBProgress (2): 143 kB | 255/292 kBProgress (2): 143 kB | 256/292 kBProgress (2): 143 kB | 258/292 kBProgress (2): 143 kB | 259/292 kBProgress (2): 143 kB | 260/292 kBProgress (2): 143 kB | 262/292 kBProgress (2): 143 kB | 263/292 kBProgress (2): 143 kB | 265/292 kBProgress (2): 143 kB | 266/292 kBProgress (2): 143 kB | 267/292 kBProgress (2): 143 kB | 269/292 kBProgress (2): 143 kB | 270/292 kBProgress (2): 143 kB | 271/292 kBProgress (2): 143 kB | 273/292 kBProgress (2): 143 kB | 274/292 kBProgress (2): 143 kB | 276/292 kBProgress (2): 143 kB | 277/292 kBProgress (2): 143 kB | 278/292 kBProgress (2): 143 kB | 280/292 kBProgress (2): 143 kB | 281/292 kBProgress (2): 143 kB | 282/292 kBProgress (2): 143 kB | 284/292 kBProgress (2): 143 kB | 285/292 kBProgress (2): 143 kB | 287/292 kBProgress (2): 143 kB | 288/292 kBProgress (2): 143 kB | 289/292 kBProgress (2): 143 kB | 291/292 kBProgress (2): 143 kB | 292 kB                                 Downloaded from central: https://repo.maven.apache.org/maven2/org/jacoco/org.jacoco.report/0.7.4.201502262128/org.jacoco.report-0.7.4.201502262128.jar (143 kB at 1.5 MB/s)
Downloaded from central: https://repo.maven.apache.org/maven2/org/jacoco/org.jacoco.agent/0.7.4.201502262128/org.jacoco.agent-0.7.4.201502262128-runtime.jar (292 kB at 2.9 MB/s)
[INFO] argLine set to -javaagent:/s/chopin/a/grad/mkshin/.m2/repository/org/jacoco/org.jacoco.agent/0.7.4.201502262128/org.jacoco.agent-0.7.4.201502262128-runtime.jar=destfile=/s/smith/b/nobackup/mkshin/Spring2020/Research/STARTS/commonCLI/workingDir/target/jacoco.exec
[INFO] 
[INFO] >>> starts-maven-plugin:1.3:run (default-cli) > test-compile @ commons-cli >>>
[INFO] 
[INFO] --- maven-enforcer-plugin:1.3.1:enforce (enforce-maven-3) @ commons-cli ---
[INFO] 
[INFO] --- build-helper-maven-plugin:1.8:parse-version (parse-version) @ commons-cli ---
[INFO] 
[INFO] --- maven-antrun-plugin:1.7:run (javadoc.resources) @ commons-cli ---
[INFO] Executing tasks

main:
[INFO] Executed tasks
[INFO] 
[INFO] --- maven-remote-resources-plugin:1.5:process (default) @ commons-cli ---
[INFO] 
[INFO] --- buildnumber-maven-plugin:1.3:create (default) @ commons-cli ---
[INFO] Executing: /bin/sh -c cd /s/smith/b/nobackup/mkshin/Spring2020/Research/STARTS/commonCLI/workingDir && svn --non-interactive info
[INFO] Working directory: /s/smith/b/nobackup/mkshin/Spring2020/Research/STARTS/commonCLI/workingDir
[INFO] Storing buildNumber: ?????? at timestamp: 1589857383591
[INFO] Executing: /bin/sh -c cd /s/smith/b/nobackup/mkshin/Spring2020/Research/STARTS/commonCLI/workingDir && svn --non-interactive info
[INFO] Working directory: /s/smith/b/nobackup/mkshin/Spring2020/Research/STARTS/commonCLI/workingDir
[INFO] Storing buildScmBranch: UNKNOWN_BRANCH
[INFO] 
[INFO] --- maven-resources-plugin:2.7:resources (default-resources) @ commons-cli ---
[INFO] Using 'utf-8' encoding to copy filtered resources.
[INFO] skip non existing resourceDirectory /s/smith/b/nobackup/mkshin/Spring2020/Research/STARTS/commonCLI/workingDir/src/main/resources
[INFO] Copying 2 resources to META-INF
[INFO] 
[INFO] --- maven-compiler-plugin:3.2:compile (default-compile) @ commons-cli ---
[INFO] Changes detected - recompiling the module!
[INFO] Compiling 23 source files to /s/smith/b/nobackup/mkshin/Spring2020/Research/STARTS/commonCLI/workingDir/target/classes
[INFO] /s/smith/b/nobackup/mkshin/Spring2020/Research/STARTS/commonCLI/workingDir/src/main/java/org/apache/commons/cli/DefaultParser.java: Some input files use unchecked or unsafe operations.
[INFO] /s/smith/b/nobackup/mkshin/Spring2020/Research/STARTS/commonCLI/workingDir/src/main/java/org/apache/commons/cli/DefaultParser.java: Recompile with -Xlint:unchecked for details.
[INFO] 
[INFO] --- maven-bundle-plugin:2.5.3:manifest (bundle-manifest) @ commons-cli ---
[INFO] 
[INFO] --- animal-sniffer-maven-plugin:1.13:check (checkAPIcompatibility) @ commons-cli ---
[INFO] Checking unresolved references to org.codehaus.mojo.signature:java15:1.0
[INFO] 
[INFO] --- maven-resources-plugin:2.7:testResources (default-testResources) @ commons-cli ---
[INFO] Using 'utf-8' encoding to copy filtered resources.
[INFO] skip non existing resourceDirectory /s/smith/b/nobackup/mkshin/Spring2020/Research/STARTS/commonCLI/workingDir/src/test/resources
[INFO] Copying 2 resources to META-INF
[INFO] 
[INFO] --- maven-compiler-plugin:3.2:testCompile (default-testCompile) @ commons-cli ---
[INFO] Nothing to compile - all classes are up to date
[INFO] 
[INFO] <<< starts-maven-plugin:1.3:run (default-cli) < test-compile @ commons-cli <<<
[INFO] 
[INFO] 
[INFO] --- starts-maven-plugin:1.3:run (default-cli) @ commons-cli ---
INFO: ALL(count): 57
INFO: UNREACHED(count): 0
INFO: STARTS:Nodes: 520
INFO: STARTS:Edges: 3521
INFO: STARTS:AffectedTests: 27
INFO: STARTS:TotalTests: 27
[INFO] 
[INFO] --- maven-surefire-plugin:2.18.1:test (default-test) @ commons-cli ---
[INFO] Surefire report directory: /s/smith/b/nobackup/mkshin/Spring2020/Research/STARTS/commonCLI/workingDir/target/surefire-reports
Downloading from central: https://repo.maven.apache.org/maven2/org/apache/maven/surefire/surefire-junit4/2.18.1/surefire-junit4-2.18.1.pom
Progress (1): 2.5 kB                    Downloaded from central: https://repo.maven.apache.org/maven2/org/apache/maven/surefire/surefire-junit4/2.18.1/surefire-junit4-2.18.1.pom (2.5 kB at 73 kB/s)
Downloading from central: https://repo.maven.apache.org/maven2/org/apache/maven/surefire/surefire-junit4/2.18.1/surefire-junit4-2.18.1.jar
Progress (1): 4.1/68 kBProgress (1): 8.2/68 kBProgress (1): 12/68 kB Progress (1): 16/68 kBProgress (1): 20/68 kBProgress (1): 25/68 kBProgress (1): 29/68 kBProgress (1): 33/68 kBProgress (1): 37/68 kBProgress (1): 41/68 kBProgress (1): 45/68 kBProgress (1): 49/68 kBProgress (1): 53/68 kBProgress (1): 57/68 kBProgress (1): 61/68 kBProgress (1): 66/68 kBProgress (1): 68 kB                      Downloaded from central: https://repo.maven.apache.org/maven2/org/apache/maven/surefire/surefire-junit4/2.18.1/surefire-junit4-2.18.1.jar (68 kB at 1.9 MB/s)

-------------------------------------------------------
 T E S T S
-------------------------------------------------------
Running org.apache.commons.cli.CommandLineTest
Tests run: 4, Failures: 0, Errors: 0, Skipped: 0, Time elapsed: 0.003 sec - in org.apache.commons.cli.CommandLineTest
Running org.apache.commons.cli.UtilTest
Tests run: 2, Failures: 0, Errors: 0, Skipped: 0, Time elapsed: 0.001 sec - in org.apache.commons.cli.UtilTest
Running org.apache.commons.cli.DefaultParserTest
Tests run: 58, Failures: 0, Errors: 0, Skipped: 0, Time elapsed: 0.009 sec - in org.apache.commons.cli.DefaultParserTest
Running org.apache.commons.cli.OptionGroupTest
Tests run: 13, Failures: 0, Errors: 0, Skipped: 0, Time elapsed: 0.004 sec - in org.apache.commons.cli.OptionGroupTest
Running org.apache.commons.cli.HelpFormatterTest
Tests run: 25, Failures: 0, Errors: 0, Skipped: 0, Time elapsed: 0.028 sec - in org.apache.commons.cli.HelpFormatterTest
Running org.apache.commons.cli.ValueTest
Tests run: 12, Failures: 0, Errors: 0, Skipped: 0, Time elapsed: 0.007 sec - in org.apache.commons.cli.ValueTest
Running org.apache.commons.cli.ValuesTest
Tests run: 7, Failures: 0, Errors: 0, Skipped: 0, Time elapsed: 0.008 sec - in org.apache.commons.cli.ValuesTest
Running org.apache.commons.cli.PosixParserTest
Tests run: 58, Failures: 0, Errors: 0, Skipped: 9, Time elapsed: 0.024 sec - in org.apache.commons.cli.PosixParserTest
Running org.apache.commons.cli.OptionsTest
Tests run: 10, Failures: 0, Errors: 0, Skipped: 0, Time elapsed: 0.013 sec - in org.apache.commons.cli.OptionsTest
Running org.apache.commons.cli.PatternOptionBuilderTest
Tests run: 9, Failures: 0, Errors: 0, Skipped: 0, Time elapsed: 0.044 sec - in org.apache.commons.cli.PatternOptionBuilderTest
Running org.apache.commons.cli.BasicParserTest
Tests run: 58, Failures: 0, Errors: 0, Skipped: 24, Time elapsed: 0.018 sec - in org.apache.commons.cli.BasicParserTest
Running org.apache.commons.cli.ArgumentIsOptionTest
Tests run: 3, Failures: 0, Errors: 0, Skipped: 0, Time elapsed: 0.002 sec - in org.apache.commons.cli.ArgumentIsOptionTest
Running org.apache.commons.cli.bug.BugCLI71Test
Tests run: 4, Failures: 0, Errors: 0, Skipped: 0, Time elapsed: 0.002 sec - in org.apache.commons.cli.bug.BugCLI71Test
Running org.apache.commons.cli.bug.BugCLI252Test
Tests run: 2, Failures: 0, Errors: 0, Skipped: 0, Time elapsed: 0.002 sec - in org.apache.commons.cli.bug.BugCLI252Test
Running org.apache.commons.cli.bug.BugCLI266Test
Tests run: 2, Failures: 0, Errors: 0, Skipped: 0, Time elapsed: 0.002 sec - in org.apache.commons.cli.bug.BugCLI266Test
Running org.apache.commons.cli.bug.BugCLI13Test
Tests run: 1, Failures: 0, Errors: 0, Skipped: 0, Time elapsed: 0.001 sec - in org.apache.commons.cli.bug.BugCLI13Test
Running org.apache.commons.cli.bug.BugCLI133Test
Tests run: 1, Failures: 0, Errors: 0, Skipped: 0, Time elapsed: 0.001 sec - in org.apache.commons.cli.bug.BugCLI133Test
Running org.apache.commons.cli.bug.BugCLI148Test
Tests run: 2, Failures: 0, Errors: 0, Skipped: 0, Time elapsed: 0.001 sec - in org.apache.commons.cli.bug.BugCLI148Test
Running org.apache.commons.cli.bug.BugCLI162Test
Tests run: 4, Failures: 0, Errors: 0, Skipped: 0, Time elapsed: 0.004 sec - in org.apache.commons.cli.bug.BugCLI162Test
Running org.apache.commons.cli.bug.BugCLI265Test
Tests run: 3, Failures: 0, Errors: 0, Skipped: 0, Time elapsed: 0.001 sec - in org.apache.commons.cli.bug.BugCLI265Test
Running org.apache.commons.cli.bug.BugCLI18Test
Tests run: 1, Failures: 0, Errors: 0, Skipped: 0, Time elapsed: 0.002 sec - in org.apache.commons.cli.bug.BugCLI18Test
Running org.apache.commons.cli.bug.BugsTest
Tests run: 12, Failures: 0, Errors: 0, Skipped: 0, Time elapsed: 0.008 sec - in org.apache.commons.cli.bug.BugsTest
Running org.apache.commons.cli.ApplicationTest
Tests run: 5, Failures: 0, Errors: 0, Skipped: 0, Time elapsed: 0.002 sec - in org.apache.commons.cli.ApplicationTest
Running org.apache.commons.cli.GnuParserTest
Tests run: 58, Failures: 0, Errors: 0, Skipped: 21, Time elapsed: 0.019 sec - in org.apache.commons.cli.GnuParserTest
Running org.apache.commons.cli.OptionBuilderTest
Tests run: 9, Failures: 0, Errors: 0, Skipped: 0, Time elapsed: 0.003 sec - in org.apache.commons.cli.OptionBuilderTest
Running org.apache.commons.cli.OptionTest
Tests run: 9, Failures: 0, Errors: 0, Skipped: 0, Time elapsed: 0.004 sec - in org.apache.commons.cli.OptionTest

Results :

Tests run: 372, Failures: 0, Errors: 0, Skipped: 54

[INFO] 
[INFO] <<< starts-maven-plugin:1.3:starts (default-cli) < [starts]test @ commons-cli <<<
[INFO] 
[INFO] 
[INFO] --- starts-maven-plugin:1.3:starts (default-cli) @ commons-cli ---
[INFO] ------------------------------------------------------------------------
[INFO] BUILD SUCCESS
[INFO] ------------------------------------------------------------------------
[INFO] Total time: 17.735 s
[INFO] Finished at: 2020-05-18T21:03:07-06:00
[INFO] ------------------------------------------------------------------------
