[INFO] Scanning for projects...
[WARNING] The project org.apache.commons:commons-imaging:jar:1.0-SNAPSHOT uses prerequisites which is only intended for maven-plugin projects but not for non maven-plugin projects. For such purposes you should use the maven-enforcer-plugin. See https://maven.apache.org/enforcer/enforcer-rules/requireMavenVersion.html
[INFO] 
[INFO] -----------------< org.apache.commons:commons-imaging >-----------------
[INFO] Building Apache Commons Imaging 1.0-SNAPSHOT
[INFO] --------------------------------[ jar ]---------------------------------
[INFO] 
[INFO] >>> hyrts-maven-plugin:1.0.1:HyRTS (default-cli) > test-compile @ commons-imaging >>>
[INFO] 
[INFO] --- maven-enforcer-plugin:1.4.1:enforce (enforce-maven-3) @ commons-imaging ---
[INFO] 
[INFO] --- build-helper-maven-plugin:1.10:parse-version (parse-version) @ commons-imaging ---
[INFO] 
[INFO] --- maven-antrun-plugin:1.8:run (javadoc.resources) @ commons-imaging ---
[INFO] Executing tasks

main:
     [copy] Copying 2 files to /s/smith/b/nobackup/mkshin/Spring2020/Research/HyRTS/commonsImaging/workingDir/target/apidocs/META-INF
[INFO] Executed tasks
[INFO] 
[INFO] --- maven-remote-resources-plugin:1.5:process (process-resource-bundles) @ commons-imaging ---
[INFO] 
[INFO] --- buildnumber-maven-plugin:1.4:create (default) @ commons-imaging ---
[INFO] Executing: /bin/sh -c cd '/s/smith/b/nobackup/mkshin/Spring2020/Research/HyRTS/commonsImaging/workingDir' && 'git' 'rev-parse' '--verify' 'HEAD'
[INFO] Working directory: /s/smith/b/nobackup/mkshin/Spring2020/Research/HyRTS/commonsImaging/workingDir
[INFO] Storing buildNumber: ?????? at timestamp: 1589892451598
[WARNING] Cannot get the branch information from the git repository: 
Detecting the current branch failed: fatal: not a git repository (or any parent up to mount point /s/smith)
Stopping at filesystem boundary (GIT_DISCOVERY_ACROSS_FILESYSTEM not set).

[INFO] Executing: /bin/sh -c cd '/s/smith/b/nobackup/mkshin/Spring2020/Research/HyRTS/commonsImaging/workingDir' && 'git' 'rev-parse' '--verify' 'HEAD'
[INFO] Working directory: /s/smith/b/nobackup/mkshin/Spring2020/Research/HyRTS/commonsImaging/workingDir
[INFO] Storing buildScmBranch: UNKNOWN_BRANCH
[INFO] 
[INFO] --- maven-resources-plugin:2.7:resources (default-resources) @ commons-imaging ---
[INFO] Using 'UTF-8' encoding to copy filtered resources.
[INFO] Copying 1 resource
[INFO] Copying 2 resources to META-INF
[INFO] 
[INFO] --- maven-compiler-plugin:3.6.0:compile (default-compile) @ commons-imaging ---
[INFO] Changes detected - recompiling the module!
[INFO] Compiling 343 source files to /s/smith/b/nobackup/mkshin/Spring2020/Research/HyRTS/commonsImaging/workingDir/target/classes
[INFO] 
[INFO] --- maven-bundle-plugin:3.0.1:manifest (bundle-manifest) @ commons-imaging ---
[INFO] 
[INFO] --- animal-sniffer-maven-plugin:1.16:check (checkAPIcompatibility) @ commons-imaging ---
[INFO] Checking unresolved references to org.codehaus.mojo.signature:java17:1.0
[INFO] 
[INFO] --- maven-resources-plugin:2.7:testResources (default-testResources) @ commons-imaging ---
[INFO] Using 'UTF-8' encoding to copy filtered resources.
[INFO] skip non existing resourceDirectory /s/smith/b/nobackup/mkshin/Spring2020/Research/HyRTS/commonsImaging/workingDir/src/test/resources
[INFO] Copying 2 resources to META-INF
[INFO] 
[INFO] --- maven-compiler-plugin:3.6.0:testCompile (default-testCompile) @ commons-imaging ---
[INFO] Changes detected - recompiling the module!
[INFO] Compiling 148 source files to /s/smith/b/nobackup/mkshin/Spring2020/Research/HyRTS/commonsImaging/workingDir/target/test-classes
[INFO] 
[INFO] <<< hyrts-maven-plugin:1.0.1:HyRTS (default-cli) < test-compile @ commons-imaging <<<
[INFO] 
[INFO] 
[INFO] --- hyrts-maven-plugin:1.0.1:HyRTS (default-cli) @ commons-imaging ---
[HyRTS] Extracted changes: 0 0 5 0 0 0 0 0 0 0 0 0 0 0 0 5 0 0 0 0 0 0 0 0 0 0 0 5
[HyRTS] RTS excluded 97 out of 112 test classes using 339ms 

-------------------------------------------------------
 T E S T S
-------------------------------------------------------
Running org.apache.commons.imaging.common.bytesource.ByteSourceImageTest
Tests run: 164, Failures: 0, Errors: 0, Skipped: 0, Time elapsed: 2.873 sec - in org.apache.commons.imaging.common.bytesource.ByteSourceImageTest
Running org.apache.commons.imaging.roundtrip.LimitedColorRoundtripTest
Tests run: 1, Failures: 0, Errors: 0, Skipped: 0, Time elapsed: 2.523 sec - in org.apache.commons.imaging.roundtrip.LimitedColorRoundtripTest
Running org.apache.commons.imaging.roundtrip.BitmapRoundtripTest
Tests run: 1, Failures: 0, Errors: 0, Skipped: 0, Time elapsed: 3.601 sec - in org.apache.commons.imaging.roundtrip.BitmapRoundtripTest
Running org.apache.commons.imaging.roundtrip.NullParametersRoundtripTest
Tests run: 1, Failures: 0, Errors: 0, Skipped: 0, Time elapsed: 0.008 sec - in org.apache.commons.imaging.roundtrip.NullParametersRoundtripTest
Running org.apache.commons.imaging.roundtrip.GrayscaleRountripTest
Tests run: 1, Failures: 0, Errors: 0, Skipped: 0, Time elapsed: 4.872 sec - in org.apache.commons.imaging.roundtrip.GrayscaleRountripTest
Running org.apache.commons.imaging.formats.tiff.TiffRoundtripTest
Tests run: 1, Failures: 0, Errors: 0, Skipped: 0, Time elapsed: 14 sec - in org.apache.commons.imaging.formats.tiff.TiffRoundtripTest
Running org.apache.commons.imaging.formats.tiff.TiffReadTest
Tests run: 1, Failures: 0, Errors: 0, Skipped: 0, Time elapsed: 0.529 sec - in org.apache.commons.imaging.formats.tiff.TiffReadTest
Running org.apache.commons.imaging.formats.png.PngTextTest
Tests run: 1, Failures: 0, Errors: 0, Skipped: 0, Time elapsed: 0.004 sec - in org.apache.commons.imaging.formats.png.PngTextTest
Running org.apache.commons.imaging.formats.png.PngWriteReadTest
Tests run: 4, Failures: 0, Errors: 0, Skipped: 0, Time elapsed: 0.172 sec - in org.apache.commons.imaging.formats.png.PngWriteReadTest
Running org.apache.commons.imaging.formats.png.PngReadTest
Tests run: 1, Failures: 0, Errors: 0, Skipped: 0, Time elapsed: 0.212 sec - in org.apache.commons.imaging.formats.png.PngReadTest
Running org.apache.commons.imaging.formats.pnm.PnmImageParserTest
Tests run: 5, Failures: 0, Errors: 0, Skipped: 0, Time elapsed: 0.002 sec - in org.apache.commons.imaging.formats.pnm.PnmImageParserTest
Running org.apache.commons.imaging.formats.ico.IcoReadTest
Tests run: 3, Failures: 0, Errors: 0, Skipped: 2, Time elapsed: 0.008 sec - in org.apache.commons.imaging.formats.ico.IcoReadTest
Running org.apache.commons.imaging.formats.ico.IcoRoundtripTest
Tests run: 8, Failures: 0, Errors: 0, Skipped: 0, Time elapsed: 0.013 sec - in org.apache.commons.imaging.formats.ico.IcoRoundtripTest
Running org.apache.commons.imaging.formats.bmp.BmpReadTest
Tests run: 15, Failures: 0, Errors: 0, Skipped: 5, Time elapsed: 0.008 sec - in org.apache.commons.imaging.formats.bmp.BmpReadTest
Running org.apache.commons.imaging.formats.bmp.BmpRoundtripTest
Tests run: 6, Failures: 0, Errors: 0, Skipped: 0, Time elapsed: 0.077 sec - in org.apache.commons.imaging.formats.bmp.BmpRoundtripTest

Results :

Tests run: 213, Failures: 0, Errors: 0, Skipped: 7

[INFO] ------------------------------------------------------------------------
[INFO] BUILD SUCCESS
[INFO] ------------------------------------------------------------------------
[INFO] Total time: 40.612 s
[INFO] Finished at: 2020-05-19T06:48:09-06:00
[INFO] ------------------------------------------------------------------------
