[INFO] Scanning for projects...
[INFO] 
[INFO] ----------------------< commons-net:commons-net >-----------------------
[INFO] Building Apache Commons Net 3.6-SNAPSHOT
[INFO] --------------------------------[ jar ]---------------------------------
[INFO] 
[INFO] >>> hyrts-maven-plugin:1.0.1:HyRTS (default-cli) > test-compile @ commons-net >>>
[INFO] 
[INFO] --- maven-enforcer-plugin:1.4.1:enforce (enforce-maven-3) @ commons-net ---
[INFO] 
[INFO] --- build-helper-maven-plugin:1.10:parse-version (parse-version) @ commons-net ---
[INFO] 
[INFO] --- maven-antrun-plugin:1.8:run (javadoc.resources) @ commons-net ---
[INFO] Executing tasks

main:
     [copy] Copying 2 files to /s/smith/b/nobackup/mkshin/Spring2020/Research/HyRTS/commonsNet/workingDir/target/apidocs/META-INF
[INFO] Executed tasks
[INFO] 
[INFO] --- maven-remote-resources-plugin:1.5:process (default) @ commons-net ---
[INFO] 
[INFO] --- buildnumber-maven-plugin:1.4:create (default) @ commons-net ---
[INFO] Executing: /bin/sh -c cd '/s/smith/b/nobackup/mkshin/Spring2020/Research/HyRTS/commonsNet/workingDir' && 'svn' '--non-interactive' 'info'
[INFO] Working directory: /s/smith/b/nobackup/mkshin/Spring2020/Research/HyRTS/commonsNet/workingDir
[INFO] Storing buildNumber: ?????? at timestamp: 1589893200307
[INFO] Executing: /bin/sh -c cd '/s/smith/b/nobackup/mkshin/Spring2020/Research/HyRTS/commonsNet/workingDir' && 'svn' '--non-interactive' 'info'
[INFO] Working directory: /s/smith/b/nobackup/mkshin/Spring2020/Research/HyRTS/commonsNet/workingDir
[INFO] Storing buildScmBranch: UNKNOWN_BRANCH
[INFO] 
[INFO] --- maven-resources-plugin:2.7:resources (default-resources) @ commons-net ---
[INFO] Using 'iso-8859-1' encoding to copy filtered resources.
[INFO] Copying 1 resource
[INFO] Copying 2 resources to META-INF
[INFO] 
[INFO] --- maven-compiler-plugin:3.5.1:compile (default-compile) @ commons-net ---
[INFO] Changes detected - recompiling the module!
[INFO] Compiling 189 source files to /s/smith/b/nobackup/mkshin/Spring2020/Research/HyRTS/commonsNet/workingDir/target/classes
[INFO] 
[INFO] --- maven-bundle-plugin:3.0.1:manifest (bundle-manifest) @ commons-net ---
[INFO] 
[INFO] --- animal-sniffer-maven-plugin:1.15:check (checkAPIcompatibility) @ commons-net ---
[INFO] Checking unresolved references to org.codehaus.mojo.signature:java16:1.0
[INFO] 
[INFO] --- maven-resources-plugin:2.7:testResources (default-testResources) @ commons-net ---
[INFO] Using 'iso-8859-1' encoding to copy filtered resources.
[INFO] skip non existing resourceDirectory /s/smith/b/nobackup/mkshin/Spring2020/Research/HyRTS/commonsNet/workingDir/src/test/resources
[INFO] Copying 2 resources to META-INF
[INFO] 
[INFO] --- maven-compiler-plugin:3.5.1:testCompile (default-testCompile) @ commons-net ---
[INFO] Changes detected - recompiling the module!
[INFO] Compiling 60 source files to /s/smith/b/nobackup/mkshin/Spring2020/Research/HyRTS/commonsNet/workingDir/target/test-classes
[INFO] 
[INFO] <<< hyrts-maven-plugin:1.0.1:HyRTS (default-cli) < test-compile @ commons-net <<<
[INFO] 
[INFO] 
[INFO] --- hyrts-maven-plugin:1.0.1:HyRTS (default-cli) @ commons-net ---
[HyRTS] Extracted changes: 0 287 0 0 0 0 0 0 0 0 0 0 0 0 0 0 0 0 0 0 0 0 0 0 0 0 0 0

-------------------------------------------------------
 T E S T S
-------------------------------------------------------
Running examples.MainTest
Tests run: 1, Failures: 0, Errors: 0, Skipped: 0, Time elapsed: 0.1 sec - in examples.MainTest
Running org.apache.commons.net.util.UtilTest
Tests run: 9, Failures: 0, Errors: 0, Skipped: 0, Time elapsed: 0.015 sec - in org.apache.commons.net.util.UtilTest
Running org.apache.commons.net.util.Base64Test
Tests run: 28, Failures: 0, Errors: 0, Skipped: 19, Time elapsed: 0.013 sec - in org.apache.commons.net.util.Base64Test
Running org.apache.commons.net.nntp.TestThreader
Tests run: 6, Failures: 0, Errors: 0, Skipped: 0, Time elapsed: 0.005 sec - in org.apache.commons.net.nntp.TestThreader
Running org.apache.commons.net.SocketClientTest
[HyRTS-DEBUG] TestClassTransformer junit/framework/TestSuite-<init>
Tests run: 1, Failures: 0, Errors: 0, Skipped: 0, Time elapsed: 0.028 sec - in org.apache.commons.net.SocketClientTest
Running org.apache.commons.net.io.ToNetASCIIInputStreamTest
Tests run: 2, Failures: 0, Errors: 0, Skipped: 0, Time elapsed: 0.004 sec - in org.apache.commons.net.io.ToNetASCIIInputStreamTest
Running org.apache.commons.net.io.DotTerminatedMessageReaderTest
Tests run: 12, Failures: 0, Errors: 0, Skipped: 0, Time elapsed: 0.009 sec - in org.apache.commons.net.io.DotTerminatedMessageReaderTest
Running org.apache.commons.net.smtp.SimpleSMTPHeaderTestCase
Tests run: 6, Failures: 0, Errors: 0, Skipped: 0, Time elapsed: 0.027 sec - in org.apache.commons.net.smtp.SimpleSMTPHeaderTestCase
Running org.apache.commons.net.SubnetUtilsTest
Tests run: 11, Failures: 0, Errors: 0, Skipped: 0, Time elapsed: 0.009 sec - in org.apache.commons.net.SubnetUtilsTest
Running org.apache.commons.net.ntp.TestNtpClient
Running NTP service on port 36789/UDP
NTP packet from 127.0.0.1 mode=Client
Tests run: 1, Failures: 0, Errors: 0, Skipped: 0, Time elapsed: 2.033 sec - in org.apache.commons.net.ntp.TestNtpClient
Running org.apache.commons.net.ntp.TimeStampTest
Tests run: 4, Failures: 0, Errors: 0, Skipped: 0, Time elapsed: 0.004 sec - in org.apache.commons.net.ntp.TimeStampTest
Running org.apache.commons.net.ntp.TestNtpPacket
Tests run: 7, Failures: 0, Errors: 0, Skipped: 0, Time elapsed: 0.004 sec - in org.apache.commons.net.ntp.TestNtpPacket
Running org.apache.commons.net.ntp.TestTimeInfo
Tests run: 6, Failures: 0, Errors: 0, Skipped: 0, Time elapsed: 0.002 sec - in org.apache.commons.net.ntp.TestTimeInfo
Running org.apache.commons.net.imap.IMAPTest
Tests run: 1, Failures: 0, Errors: 0, Skipped: 0, Time elapsed: 0.032 sec - in org.apache.commons.net.imap.IMAPTest
Running org.apache.commons.net.time.TimeTCPClientTest
Tests run: 2, Failures: 0, Errors: 0, Skipped: 0, Time elapsed: 1.009 sec - in org.apache.commons.net.time.TimeTCPClientTest
Running org.apache.commons.net.ftp.FTPClientConfigTest
Tests run: 6, Failures: 0, Errors: 0, Skipped: 0, Time elapsed: 0.012 sec - in org.apache.commons.net.ftp.FTPClientConfigTest
Running org.apache.commons.net.ftp.parser.OS2FTPEntryParserTest
Tests run: 6, Failures: 0, Errors: 0, Skipped: 0, Time elapsed: 0.016 sec - in org.apache.commons.net.ftp.parser.OS2FTPEntryParserTest
Running org.apache.commons.net.ftp.parser.MLSxEntryParserTest
Tests run: 6, Failures: 0, Errors: 0, Skipped: 0, Time elapsed: 0.007 sec - in org.apache.commons.net.ftp.parser.MLSxEntryParserTest
Running org.apache.commons.net.ftp.parser.EnterpriseUnixFTPEntryParserTest
Tests run: 6, Failures: 0, Errors: 0, Skipped: 0, Time elapsed: 0.015 sec - in org.apache.commons.net.ftp.parser.EnterpriseUnixFTPEntryParserTest
Running org.apache.commons.net.ftp.parser.MVSFTPEntryParserTest
Tests run: 9, Failures: 0, Errors: 0, Skipped: 0, Time elapsed: 0.009 sec - in org.apache.commons.net.ftp.parser.MVSFTPEntryParserTest
Running org.apache.commons.net.ftp.parser.OS400FTPEntryParserAdditionalTest
Tests run: 8, Failures: 0, Errors: 0, Skipped: 0, Time elapsed: 0.015 sec - in org.apache.commons.net.ftp.parser.OS400FTPEntryParserAdditionalTest
Running org.apache.commons.net.ftp.parser.UnixFTPEntryParserTest
Tests run: 21, Failures: 0, Errors: 0, Skipped: 0, Time elapsed: 0.042 sec - in org.apache.commons.net.ftp.parser.UnixFTPEntryParserTest
Running org.apache.commons.net.ftp.parser.NetwareFTPEntryParserTest
Tests run: 6, Failures: 0, Errors: 0, Skipped: 0, Time elapsed: 0.006 sec - in org.apache.commons.net.ftp.parser.NetwareFTPEntryParserTest
Running org.apache.commons.net.ftp.parser.DefaultFTPFileEntryParserFactoryTest
Tests run: 2, Failures: 0, Errors: 0, Skipped: 0, Time elapsed: 0.012 sec - in org.apache.commons.net.ftp.parser.DefaultFTPFileEntryParserFactoryTest
Running org.apache.commons.net.ftp.parser.MacOsPeterFTPEntryParserTest
Tests run: 6, Failures: 0, Errors: 0, Skipped: 0, Time elapsed: 0.006 sec - in org.apache.commons.net.ftp.parser.MacOsPeterFTPEntryParserTest
Running org.apache.commons.net.ftp.parser.OS400FTPEntryParserTest
Tests run: 9, Failures: 0, Errors: 0, Skipped: 0, Time elapsed: 0.014 sec - in org.apache.commons.net.ftp.parser.OS400FTPEntryParserTest
Running org.apache.commons.net.ftp.parser.VMSFTPEntryParserTest
Tests run: 8, Failures: 0, Errors: 0, Skipped: 0, Time elapsed: 0.014 sec - in org.apache.commons.net.ftp.parser.VMSFTPEntryParserTest
Running org.apache.commons.net.ftp.parser.FTPTimestampParserImplTest
Tests run: 18, Failures: 0, Errors: 0, Skipped: 0, Time elapsed: 0.029 sec - in org.apache.commons.net.ftp.parser.FTPTimestampParserImplTest
Running org.apache.commons.net.ftp.parser.NTFTPEntryParserTest
Tests run: 14, Failures: 0, Errors: 0, Skipped: 0, Time elapsed: 0.024 sec - in org.apache.commons.net.ftp.parser.NTFTPEntryParserTest
Running org.apache.commons.net.ftp.parser.FTPConfigEntryParserTest
Tests run: 2, Failures: 0, Errors: 0, Skipped: 0, Time elapsed: 0.007 sec - in org.apache.commons.net.ftp.parser.FTPConfigEntryParserTest
Running org.apache.commons.net.ftp.FTPCommandTest
Tests run: 1, Failures: 0, Errors: 0, Skipped: 0, Time elapsed: 0 sec - in org.apache.commons.net.ftp.FTPCommandTest
Running org.apache.commons.net.ftp.TestConnectTimeout
Tests run: 1, Failures: 0, Errors: 0, Skipped: 0, Time elapsed: 0.147 sec - in org.apache.commons.net.ftp.TestConnectTimeout
Running org.apache.commons.net.ftp.FTPClientTest
Tests run: 4, Failures: 0, Errors: 0, Skipped: 0, Time elapsed: 0.004 sec - in org.apache.commons.net.ftp.FTPClientTest
Running org.apache.commons.net.tftp.TFTPTest
Tests run: 6, Failures: 0, Errors: 0, Skipped: 0, Time elapsed: 10.438 sec - in org.apache.commons.net.tftp.TFTPTest
Running org.apache.commons.net.tftp.TFTPServerPathTest
Tests run: 3, Failures: 0, Errors: 0, Skipped: 0, Time elapsed: 0.017 sec - in org.apache.commons.net.tftp.TFTPServerPathTest
Running org.apache.commons.net.telnet.EchoOptionHandlerTest
Tests run: 5, Failures: 0, Errors: 0, Skipped: 0, Time elapsed: 0.001 sec - in org.apache.commons.net.telnet.EchoOptionHandlerTest
Running org.apache.commons.net.telnet.WindowSizeOptionHandlerTest
Tests run: 6, Failures: 0, Errors: 0, Skipped: 0, Time elapsed: 0 sec - in org.apache.commons.net.telnet.WindowSizeOptionHandlerTest
Running org.apache.commons.net.telnet.SimpleOptionHandlerTest
Tests run: 5, Failures: 0, Errors: 0, Skipped: 0, Time elapsed: 0 sec - in org.apache.commons.net.telnet.SimpleOptionHandlerTest
Running org.apache.commons.net.telnet.InvalidTelnetOptionExceptionTest
Tests run: 1, Failures: 0, Errors: 0, Skipped: 0, Time elapsed: 0 sec - in org.apache.commons.net.telnet.InvalidTelnetOptionExceptionTest
Running org.apache.commons.net.telnet.TelnetOptionTest
Tests run: 2, Failures: 0, Errors: 0, Skipped: 0, Time elapsed: 0.006 sec - in org.apache.commons.net.telnet.TelnetOptionTest
Running org.apache.commons.net.telnet.SuppressGAOptionHandlerTest
Tests run: 5, Failures: 0, Errors: 0, Skipped: 0, Time elapsed: 0 sec - in org.apache.commons.net.telnet.SuppressGAOptionHandlerTest
Running org.apache.commons.net.telnet.TerminalTypeOptionHandlerTest
Tests run: 5, Failures: 0, Errors: 0, Skipped: 0, Time elapsed: 0 sec - in org.apache.commons.net.telnet.TerminalTypeOptionHandlerTest
Running org.apache.commons.net.telnet.TelnetClientTest
Tests run: 8, Failures: 0, Errors: 0, Skipped: 0, Time elapsed: 43.566 sec - in org.apache.commons.net.telnet.TelnetClientTest

Results :

Tests run: 276, Failures: 0, Errors: 0, Skipped: 19

[INFO] ------------------------------------------------------------------------
[INFO] BUILD SUCCESS
[INFO] ------------------------------------------------------------------------
[INFO] Total time: 01:11 min
[INFO] Finished at: 2020-05-19T07:01:07-06:00
[INFO] ------------------------------------------------------------------------
