[INFO] Scanning for projects...
[INFO] 
[INFO] --------------< org.apache.commons:commons-collections4 >---------------
[INFO] Building Apache Commons Collections 4.5-SNAPSHOT
[INFO] --------------------------------[ jar ]---------------------------------
[INFO] 
[INFO] --- clover-maven-plugin:4.4.1:setup (default-cli) @ commons-collections4 ---
[INFO] OpenClover Version 4.4.1, built on October 11 2019 (build-1020)
[INFO] Updating existing database at '/s/chopin/a/grad/mkshin/newResearch2/Clover/commonsCollection/workingDir2/target/clover/clover.db'.
[INFO] Processing files at 1.8 source level.
[INFO] Clover all over. Instrumented 346 files (22 packages).
[INFO] OpenClover Version 4.4.1, built on October 11 2019 (build-1020)
[INFO] Updating existing database at '/s/chopin/a/grad/mkshin/newResearch2/Clover/commonsCollection/workingDir2/target/clover/clover.db'.
[INFO] Processing files at 1.8 source level.
[INFO] Clover all over. Instrumented 235 files (22 packages).
[INFO] 1658 test methods detected.
[INFO] 
[INFO] --- clover-maven-plugin:4.4.1:optimize (default-cli) @ commons-collections4 ---
[INFO] Adding fileset: directory=/s/chopin/a/grad/mkshin/newResearch2/Clover/commonsCollection/workingDir2/target/clover/src-test-instrumented, includes=[**/*Test.java], excludes=[**/*$*, **/TestUtils.java, **/Abstract*.java, **/BulkTest.java]
[INFO] Clover estimates having saved around 1 minute on this optimized test run. The full test run takes approx. 1 minute
[INFO] Clover included 16 test classes in this run (total # test classes : 188)
[INFO] 
[INFO] --- maven-enforcer-plugin:3.0.0-M2:enforce (enforce-maven-version) @ commons-collections4 ---
[INFO] 
[INFO] --- maven-enforcer-plugin:3.0.0-M2:enforce (enforce-maven-3) @ commons-collections4 ---
[INFO] 
[INFO] --- apache-rat-plugin:0.13:check (rat-check) @ commons-collections4 ---
[INFO] RAT will not execute since it is configured to be skipped via system property 'rat.skip'.
[INFO] 
[INFO] --- build-helper-maven-plugin:3.0.0:parse-version (parse-version) @ commons-collections4 ---
[INFO] 
[INFO] --- maven-antrun-plugin:1.8:run (javadoc.resources) @ commons-collections4 ---
[INFO] Executing tasks

main:
     [copy] Copying 2 files to /s/chopin/a/grad/mkshin/newResearch2/Clover/commonsCollection/workingDir2/target/apidocs/META-INF
[INFO] Executed tasks
[INFO] 
[INFO] --- maven-remote-resources-plugin:1.5:process (process-resource-bundles) @ commons-collections4 ---
[INFO] 
[INFO] --- buildnumber-maven-plugin:1.4:create (default) @ commons-collections4 ---
[INFO] Executing: /bin/sh -c cd '/s/chopin/a/grad/mkshin/newResearch2/Clover/commonsCollection/workingDir2' && 'git' 'rev-parse' '--verify' 'HEAD'
[INFO] Working directory: /s/chopin/a/grad/mkshin/newResearch2/Clover/commonsCollection/workingDir2
[INFO] Storing buildNumber: ?????? at timestamp: 1623354067735
[WARNING] Cannot get the branch information from the git repository: 
Detecting the current branch failed: fatal: not a git repository (or any parent up to mount point /s/chopin)
Stopping at filesystem boundary (GIT_DISCOVERY_ACROSS_FILESYSTEM not set).

[INFO] Executing: /bin/sh -c cd '/s/chopin/a/grad/mkshin/newResearch2/Clover/commonsCollection/workingDir2' && 'git' 'rev-parse' '--verify' 'HEAD'
[INFO] Working directory: /s/chopin/a/grad/mkshin/newResearch2/Clover/commonsCollection/workingDir2
[INFO] Storing buildScmBranch: UNKNOWN_BRANCH
[INFO] 
[INFO] --- maven-resources-plugin:3.1.0:resources (default-resources) @ commons-collections4 ---
[INFO] Using 'UTF-8' encoding to copy filtered resources.
[INFO] skip non existing resourceDirectory /s/chopin/a/grad/mkshin/newResearch2/Clover/commonsCollection/workingDir2/src/main/resources
[INFO] Copying 2 resources to META-INF
[INFO] Copying 1 resource
[INFO] 
[INFO] --- maven-compiler-plugin:3.8.1:compile (default-compile) @ commons-collections4 ---
[INFO] Changes detected - recompiling the module!
[INFO] Compiling 346 source files to /s/chopin/a/grad/mkshin/newResearch2/Clover/commonsCollection/workingDir2/target/classes
[INFO] /s/chopin/a/grad/mkshin/newResearch2/Clover/commonsCollection/workingDir2/target/clover/src-instrumented/org/apache/commons/collections4/collection/IndexedCollection.java: Some input files use or override a deprecated API.
[INFO] /s/chopin/a/grad/mkshin/newResearch2/Clover/commonsCollection/workingDir2/target/clover/src-instrumented/org/apache/commons/collections4/collection/IndexedCollection.java: Recompile with -Xlint:deprecation for details.
[INFO] /s/chopin/a/grad/mkshin/newResearch2/Clover/commonsCollection/workingDir2/target/clover/src-instrumented/org/apache/commons/collections4/functors/ChainedTransformer.java: Some input files use unchecked or unsafe operations.
[INFO] /s/chopin/a/grad/mkshin/newResearch2/Clover/commonsCollection/workingDir2/target/clover/src-instrumented/org/apache/commons/collections4/functors/ChainedTransformer.java: Recompile with -Xlint:unchecked for details.
[INFO] 
[INFO] --- maven-bundle-plugin:4.2.1:manifest (bundle-manifest) @ commons-collections4 ---
[INFO] 
[INFO] --- animal-sniffer-maven-plugin:1.18:check (checkAPIcompatibility) @ commons-collections4 ---
[INFO] Checking unresolved references to org.codehaus.mojo.signature:java18:1.0
[INFO] 
[INFO] --- maven-resources-plugin:3.1.0:testResources (default-testResources) @ commons-collections4 ---
[INFO] Using 'UTF-8' encoding to copy filtered resources.
[INFO] Copying 179 resources
[INFO] Copying 2 resources to META-INF
[INFO] 
[INFO] --- maven-compiler-plugin:3.8.1:testCompile (default-testCompile) @ commons-collections4 ---
[INFO] Changes detected - recompiling the module!
[INFO] Compiling 235 source files to /s/chopin/a/grad/mkshin/newResearch2/Clover/commonsCollection/workingDir2/target/test-classes
[INFO] /s/chopin/a/grad/mkshin/newResearch2/Clover/commonsCollection/workingDir2/target/clover/src-test-instrumented/org/apache/commons/collections4/MapUtilsTest.java: Some input files use or override a deprecated API.
[INFO] /s/chopin/a/grad/mkshin/newResearch2/Clover/commonsCollection/workingDir2/target/clover/src-test-instrumented/org/apache/commons/collections4/MapUtilsTest.java: Recompile with -Xlint:deprecation for details.
[INFO] /s/chopin/a/grad/mkshin/newResearch2/Clover/commonsCollection/workingDir2/target/clover/src-test-instrumented/org/apache/commons/collections4/map/AbstractMapTest.java: Some input files use unchecked or unsafe operations.
[INFO] /s/chopin/a/grad/mkshin/newResearch2/Clover/commonsCollection/workingDir2/target/clover/src-test-instrumented/org/apache/commons/collections4/map/AbstractMapTest.java: Recompile with -Xlint:unchecked for details.
[INFO] 
[INFO] --- jacoco-maven-plugin:0.8.5:prepare-agent (prepare-agent) @ commons-collections4 ---
[INFO] argLine set to -javaagent:/s/chopin/a/grad/mkshin/.m2/repository/org/jacoco/org.jacoco.agent/0.8.5/org.jacoco.agent-0.8.5-runtime.jar=destfile=/s/chopin/a/grad/mkshin/newResearch2/Clover/commonsCollection/workingDir2/target/jacoco.exec
[INFO] 
[INFO] --- maven-surefire-plugin:2.22.2:test (default-test) @ commons-collections4 ---
[INFO] 
[INFO] -------------------------------------------------------
[INFO]  T E S T S
[INFO] -------------------------------------------------------
[INFO] Running org.apache.commons.collections4.bloomfilter.SetOperationsTest
[INFO] Tests run: 12, Failures: 0, Errors: 0, Skipped: 0, Time elapsed: 0.201 s - in org.apache.commons.collections4.bloomfilter.SetOperationsTest
[INFO] Running org.apache.commons.collections4.bloomfilter.BitSetBloomFilterTest
[INFO] Tests run: 24, Failures: 0, Errors: 0, Skipped: 0, Time elapsed: 0.097 s - in org.apache.commons.collections4.bloomfilter.BitSetBloomFilterTest
[INFO] Running org.apache.commons.collections4.bloomfilter.HasherBloomFilterTest
[INFO] Tests run: 22, Failures: 0, Errors: 0, Skipped: 0, Time elapsed: 0.103 s - in org.apache.commons.collections4.bloomfilter.HasherBloomFilterTest
[INFO] Running org.apache.commons.collections4.bloomfilter.DefaultBloomFilterMethodsTest
[INFO] Tests run: 21, Failures: 0, Errors: 0, Skipped: 0, Time elapsed: 0.077 s - in org.apache.commons.collections4.bloomfilter.DefaultBloomFilterMethodsTest
[INFO] Running org.apache.commons.collections4.bloomfilter.hasher.StaticHasherTest
[INFO] Tests run: 11, Failures: 0, Errors: 0, Skipped: 0, Time elapsed: 0.046 s - in org.apache.commons.collections4.bloomfilter.hasher.StaticHasherTest
[INFO] Running org.apache.commons.collections4.bloomfilter.hasher.HashFunctionIdentityImplTest
[INFO] Tests run: 2, Failures: 0, Errors: 0, Skipped: 0, Time elapsed: 0.017 s - in org.apache.commons.collections4.bloomfilter.hasher.HashFunctionIdentityImplTest
[INFO] Running org.apache.commons.collections4.bloomfilter.hasher.DynamicHasherTest
[INFO] Tests run: 4, Failures: 0, Errors: 0, Skipped: 0, Time elapsed: 0.018 s - in org.apache.commons.collections4.bloomfilter.hasher.DynamicHasherTest
[INFO] Running org.apache.commons.collections4.bloomfilter.hasher.function.Murmur32x86IterativeTest
[INFO] Tests run: 2, Failures: 0, Errors: 0, Skipped: 0, Time elapsed: 0.009 s - in org.apache.commons.collections4.bloomfilter.hasher.function.Murmur32x86IterativeTest
[INFO] Running org.apache.commons.collections4.bloomfilter.hasher.function.ObjectsHashIterativeTest
[INFO] Tests run: 2, Failures: 0, Errors: 0, Skipped: 0, Time elapsed: 0.007 s - in org.apache.commons.collections4.bloomfilter.hasher.function.ObjectsHashIterativeTest
[INFO] Running org.apache.commons.collections4.bloomfilter.hasher.function.MD5CyclicTest
[INFO] Tests run: 2, Failures: 0, Errors: 0, Skipped: 0, Time elapsed: 0.005 s - in org.apache.commons.collections4.bloomfilter.hasher.function.MD5CyclicTest
[INFO] Running org.apache.commons.collections4.bloomfilter.hasher.function.Murmur128x86CyclicTest
[INFO] Tests run: 2, Failures: 0, Errors: 0, Skipped: 0, Time elapsed: 0.007 s - in org.apache.commons.collections4.bloomfilter.hasher.function.Murmur128x86CyclicTest
[INFO] Running org.apache.commons.collections4.bloomfilter.hasher.DeepComparatorTest
[INFO] Tests run: 6, Failures: 0, Errors: 0, Skipped: 0, Time elapsed: 0.022 s - in org.apache.commons.collections4.bloomfilter.hasher.DeepComparatorTest
[INFO] Running org.apache.commons.collections4.bloomfilter.hasher.ShapeTest
[INFO] Tests run: 23, Failures: 0, Errors: 0, Skipped: 0, Time elapsed: 0.087 s - in org.apache.commons.collections4.bloomfilter.hasher.ShapeTest
[INFO] Running org.apache.commons.collections4.bloomfilter.hasher.DynamicHasherBuilderTest
[INFO] Tests run: 4, Failures: 0, Errors: 0, Skipped: 0, Time elapsed: 0.013 s - in org.apache.commons.collections4.bloomfilter.hasher.DynamicHasherBuilderTest
[INFO] Running org.apache.commons.collections4.bloomfilter.hasher.CommonComparatorTest
[INFO] Tests run: 6, Failures: 0, Errors: 0, Skipped: 0, Time elapsed: 0.019 s - in org.apache.commons.collections4.bloomfilter.hasher.CommonComparatorTest
[INFO] Running org.apache.commons.collections4.bloomfilter.CountingBloomFilterTest
[INFO] Tests run: 32, Failures: 0, Errors: 0, Skipped: 0, Time elapsed: 0.157 s - in org.apache.commons.collections4.bloomfilter.CountingBloomFilterTest
[INFO] 
[INFO] Results:
[INFO] 
[INFO] Tests run: 175, Failures: 0, Errors: 0, Skipped: 0
[INFO] 
[INFO] 
[INFO] --- clover-maven-plugin:4.4.1:snapshot (default-cli) @ commons-collections4 ---
[INFO] No span specified, using span of: 131s
[INFO] Saving snapshot to: /s/chopin/a/grad/mkshin/newResearch2/Clover/commonsCollection/workingDir2/.clover/clover.snapshot
[INFO] OpenClover Version 4.4.1, built on October 11 2019 (build-1020)
[INFO] Updating snapshot '/s/chopin/a/grad/mkshin/newResearch2/Clover/commonsCollection/workingDir2/.clover/clover.snapshot' against Clover database at '/s/chopin/a/grad/mkshin/newResearch2/Clover/commonsCollection/workingDir2/target/clover/clover.db'
[INFO] ------------------------------------------------------------------------
[INFO] BUILD SUCCESS
[INFO] ------------------------------------------------------------------------
[INFO] Total time:  02:21 min
[INFO] Finished at: 2021-06-10T13:43:13-06:00
[INFO] ------------------------------------------------------------------------
