[INFO] Scanning for projects...
[WARNING] The project org.apache.commons:commons-imaging:jar:1.0-SNAPSHOT uses prerequisites which is only intended for maven-plugin projects but not for non maven-plugin projects. For such purposes you should use the maven-enforcer-plugin. See https://maven.apache.org/enforcer/enforcer-rules/requireMavenVersion.html
[INFO] 
[INFO] -----------------< org.apache.commons:commons-imaging >-----------------
[INFO] Building Apache Commons Imaging 1.0-SNAPSHOT
[INFO] --------------------------------[ jar ]---------------------------------
[INFO] 
[INFO] --- clover-maven-plugin:4.4.1:setup (default-cli) @ commons-imaging ---
[INFO] OpenClover Version 4.4.1, built on October 11 2019 (build-1020)
[INFO] Updating existing database at '/s/smith/b/nobackup/mkshin/Spring2020/Research/Clover/commonsImaging/workingDir/target/clover/clover.db'.
[INFO] Processing files at 1.8 source level.
[INFO] Clover all over. Instrumented 343 files (42 packages).
[INFO] OpenClover Version 4.4.1, built on October 11 2019 (build-1020)
[INFO] Updating existing database at '/s/smith/b/nobackup/mkshin/Spring2020/Research/Clover/commonsImaging/workingDir/target/clover/clover.db'.
[INFO] Processing files at 1.8 source level.
[INFO] Clover all over. Instrumented 148 files (39 packages).
[INFO] 210 test methods detected.
[INFO] 
[INFO] --- clover-maven-plugin:4.4.1:optimize (default-cli) @ commons-imaging ---
[INFO] Adding fileset: directory=/s/smith/b/nobackup/mkshin/Spring2020/Research/Clover/commonsImaging/workingDir/target/clover/src-test-instrumented, includes=[**/Test*.java, **/*Test.java, **/*TestCase.java], excludes=null
[INFO] Clover estimates having saved around 23 seconds on this optimized test run. The full test run takes approx. 3 minutes
[INFO] Clover included 72 test classes in this run (total # test classes : 135)
[INFO] 
[INFO] --- maven-enforcer-plugin:1.4.1:enforce (enforce-maven-3) @ commons-imaging ---
[INFO] 
[INFO] --- build-helper-maven-plugin:1.10:parse-version (parse-version) @ commons-imaging ---
[INFO] 
[INFO] --- maven-antrun-plugin:1.8:run (javadoc.resources) @ commons-imaging ---
[INFO] Executing tasks

main:
     [copy] Copying 2 files to /s/smith/b/nobackup/mkshin/Spring2020/Research/Clover/commonsImaging/workingDir/target/apidocs/META-INF
[INFO] Executed tasks
[INFO] 
[INFO] --- maven-remote-resources-plugin:1.5:process (process-resource-bundles) @ commons-imaging ---
[INFO] 
[INFO] --- buildnumber-maven-plugin:1.4:create (default) @ commons-imaging ---
[INFO] Executing: /bin/sh -c cd '/s/smith/b/nobackup/mkshin/Spring2020/Research/Clover/commonsImaging/workingDir' && 'git' 'rev-parse' '--verify' 'HEAD'
[INFO] Working directory: /s/smith/b/nobackup/mkshin/Spring2020/Research/Clover/commonsImaging/workingDir
[INFO] Storing buildNumber: ?????? at timestamp: 1589883164651
[WARNING] Cannot get the branch information from the git repository: 
Detecting the current branch failed: fatal: not a git repository (or any parent up to mount point /s/smith)
Stopping at filesystem boundary (GIT_DISCOVERY_ACROSS_FILESYSTEM not set).

[INFO] Executing: /bin/sh -c cd '/s/smith/b/nobackup/mkshin/Spring2020/Research/Clover/commonsImaging/workingDir' && 'git' 'rev-parse' '--verify' 'HEAD'
[INFO] Working directory: /s/smith/b/nobackup/mkshin/Spring2020/Research/Clover/commonsImaging/workingDir
[INFO] Storing buildScmBranch: UNKNOWN_BRANCH
[INFO] 
[INFO] --- maven-resources-plugin:2.7:resources (default-resources) @ commons-imaging ---
[INFO] Using 'UTF-8' encoding to copy filtered resources.
[INFO] Copying 1 resource
[INFO] Copying 2 resources to META-INF
[INFO] Copying 1 resource
[INFO] 
[INFO] --- maven-compiler-plugin:3.6.0:compile (default-compile) @ commons-imaging ---
[INFO] Changes detected - recompiling the module!
[INFO] Compiling 343 source files to /s/smith/b/nobackup/mkshin/Spring2020/Research/Clover/commonsImaging/workingDir/target/classes
[INFO] 
[INFO] --- maven-bundle-plugin:3.0.1:manifest (bundle-manifest) @ commons-imaging ---
[INFO] 
[INFO] --- animal-sniffer-maven-plugin:1.16:check (checkAPIcompatibility) @ commons-imaging ---
[INFO] Checking unresolved references to org.codehaus.mojo.signature:java17:1.0
[INFO] 
[INFO] --- maven-resources-plugin:2.7:testResources (default-testResources) @ commons-imaging ---
[INFO] Using 'UTF-8' encoding to copy filtered resources.
[INFO] skip non existing resourceDirectory /s/smith/b/nobackup/mkshin/Spring2020/Research/Clover/commonsImaging/workingDir/src/test/resources
[INFO] Copying 2 resources to META-INF
[INFO] 
[INFO] --- maven-compiler-plugin:3.6.0:testCompile (default-testCompile) @ commons-imaging ---
[INFO] Changes detected - recompiling the module!
[INFO] Compiling 148 source files to /s/smith/b/nobackup/mkshin/Spring2020/Research/Clover/commonsImaging/workingDir/target/test-classes
[INFO] 
[INFO] --- jacoco-maven-plugin:0.7.7.201606060606:prepare-agent (prepare-agent) @ commons-imaging ---
[INFO] argLine set to -javaagent:/s/chopin/a/grad/mkshin/.m2/repository/org/jacoco/org.jacoco.agent/0.7.7.201606060606/org.jacoco.agent-0.7.7.201606060606-runtime.jar=destfile=/s/smith/b/nobackup/mkshin/Spring2020/Research/Clover/commonsImaging/workingDir/target/jacoco.exec
[INFO] 
[INFO] --- maven-surefire-plugin:2.19.1:test (default-test) @ commons-imaging ---

-------------------------------------------------------
 T E S T S
-------------------------------------------------------
Running org.apache.commons.imaging.common.bytesource.ByteSourceImageTest
Tests run: 164, Failures: 0, Errors: 0, Skipped: 0, Time elapsed: 12.215 sec - in org.apache.commons.imaging.common.bytesource.ByteSourceImageTest
Running org.apache.commons.imaging.roundtrip.LimitedColorRoundtripTest
Tests run: 1, Failures: 0, Errors: 0, Skipped: 0, Time elapsed: 5.979 sec - in org.apache.commons.imaging.roundtrip.LimitedColorRoundtripTest
Running org.apache.commons.imaging.roundtrip.BitmapRoundtripTest
Tests run: 1, Failures: 0, Errors: 0, Skipped: 0, Time elapsed: 10.458 sec - in org.apache.commons.imaging.roundtrip.BitmapRoundtripTest
Running org.apache.commons.imaging.roundtrip.NullParametersRoundtripTest
Tests run: 1, Failures: 0, Errors: 0, Skipped: 0, Time elapsed: 0.018 sec - in org.apache.commons.imaging.roundtrip.NullParametersRoundtripTest
Running org.apache.commons.imaging.roundtrip.GrayscaleRountripTest
Tests run: 1, Failures: 0, Errors: 0, Skipped: 0, Time elapsed: 15.182 sec - in org.apache.commons.imaging.roundtrip.GrayscaleRountripTest
Running org.apache.commons.imaging.formats.tiff.TiffRoundtripTest
Tests run: 1, Failures: 0, Errors: 0, Skipped: 0, Time elapsed: 118.924 sec - in org.apache.commons.imaging.formats.tiff.TiffRoundtripTest
Running org.apache.commons.imaging.formats.tiff.TiffReadTest
Tests run: 1, Failures: 0, Errors: 0, Skipped: 0, Time elapsed: 3.494 sec - in org.apache.commons.imaging.formats.tiff.TiffReadTest
Running org.apache.commons.imaging.formats.tiff.TiffReadWriteTagsTest
Tests run: 1, Failures: 0, Errors: 0, Skipped: 0, Time elapsed: 0.001 sec - in org.apache.commons.imaging.formats.tiff.TiffReadWriteTagsTest
Running org.apache.commons.imaging.formats.tiff.TiffSubImageTest
Tests run: 1, Failures: 0, Errors: 0, Skipped: 0, Time elapsed: 0.003 sec - in org.apache.commons.imaging.formats.tiff.TiffSubImageTest
Running org.apache.commons.imaging.formats.tiff.TiffCcittTest
Tests run: 2, Failures: 0, Errors: 0, Skipped: 0, Time elapsed: 1.571 sec - in org.apache.commons.imaging.formats.tiff.TiffCcittTest
Running org.apache.commons.imaging.formats.pam.PamReadTest
Tests run: 1, Failures: 0, Errors: 0, Skipped: 0, Time elapsed: 0.006 sec - in org.apache.commons.imaging.formats.pam.PamReadTest
Running org.apache.commons.imaging.formats.psd.PsdReadTest
Tests run: 1, Failures: 0, Errors: 0, Skipped: 0, Time elapsed: 0.124 sec - in org.apache.commons.imaging.formats.psd.PsdReadTest
Running org.apache.commons.imaging.formats.xbm.XbmReadTest
Tests run: 1, Failures: 0, Errors: 0, Skipped: 0, Time elapsed: 0.079 sec - in org.apache.commons.imaging.formats.xbm.XbmReadTest
Running org.apache.commons.imaging.formats.icns.IcnsRoundTripTest
Tests run: 8, Failures: 0, Errors: 0, Skipped: 0, Time elapsed: 0.016 sec - in org.apache.commons.imaging.formats.icns.IcnsRoundTripTest
Running org.apache.commons.imaging.formats.icns.IcnsReadTest
Tests run: 9, Failures: 0, Errors: 0, Skipped: 3, Time elapsed: 0.02 sec - in org.apache.commons.imaging.formats.icns.IcnsReadTest
Running org.apache.commons.imaging.formats.png.PngTextTest
Tests run: 1, Failures: 0, Errors: 0, Skipped: 0, Time elapsed: 0.007 sec - in org.apache.commons.imaging.formats.png.PngTextTest
Running org.apache.commons.imaging.formats.png.ConvertPngToGifTest
Tests run: 1, Failures: 0, Errors: 0, Skipped: 0, Time elapsed: 6.203 sec - in org.apache.commons.imaging.formats.png.ConvertPngToGifTest
Running org.apache.commons.imaging.formats.png.PngWriteReadTest
Tests run: 4, Failures: 0, Errors: 0, Skipped: 0, Time elapsed: 0.702 sec - in org.apache.commons.imaging.formats.png.PngWriteReadTest
Running org.apache.commons.imaging.formats.png.PngReadTest
Tests run: 1, Failures: 0, Errors: 0, Skipped: 0, Time elapsed: 1.317 sec - in org.apache.commons.imaging.formats.png.PngReadTest
Running org.apache.commons.imaging.formats.png.PngMultipleRoundtripTest
Tests run: 1, Failures: 0, Errors: 0, Skipped: 0, Time elapsed: 0.783 sec - in org.apache.commons.imaging.formats.png.PngMultipleRoundtripTest
Running org.apache.commons.imaging.formats.dcx.DcxReadTest
Tests run: 3, Failures: 0, Errors: 0, Skipped: 2, Time elapsed: 0.067 sec - in org.apache.commons.imaging.formats.dcx.DcxReadTest
Running org.apache.commons.imaging.formats.pnm.PnmImageParserTest
Tests run: 5, Failures: 0, Errors: 0, Skipped: 0, Time elapsed: 0 sec - in org.apache.commons.imaging.formats.pnm.PnmImageParserTest
Running org.apache.commons.imaging.formats.ico.IcoReadTest
Tests run: 3, Failures: 0, Errors: 0, Skipped: 2, Time elapsed: 0.023 sec - in org.apache.commons.imaging.formats.ico.IcoReadTest
Running org.apache.commons.imaging.formats.ico.IcoRoundtripTest
Tests run: 8, Failures: 0, Errors: 0, Skipped: 0, Time elapsed: 0.039 sec - in org.apache.commons.imaging.formats.ico.IcoRoundtripTest
Running org.apache.commons.imaging.formats.jpeg.exif.ExifDumpTest
Tests run: 16, Failures: 0, Errors: 0, Skipped: 0, Time elapsed: 0.049 sec - in org.apache.commons.imaging.formats.jpeg.exif.ExifDumpTest
Running org.apache.commons.imaging.formats.jpeg.exif.ExifRewriteTest
Tests run: 4, Failures: 0, Errors: 0, Skipped: 0, Time elapsed: 0.266 sec - in org.apache.commons.imaging.formats.jpeg.exif.ExifRewriteTest
Running org.apache.commons.imaging.formats.jpeg.exif.GpsTest
Tests run: 8, Failures: 0, Errors: 0, Skipped: 0, Time elapsed: 0.015 sec - in org.apache.commons.imaging.formats.jpeg.exif.GpsTest
Running org.apache.commons.imaging.formats.jpeg.exif.MicrosoftTagTest
Tests run: 2, Failures: 0, Errors: 0, Skipped: 0, Time elapsed: 0.016 sec - in org.apache.commons.imaging.formats.jpeg.exif.MicrosoftTagTest
Running org.apache.commons.imaging.formats.jpeg.exif.WriteExifMetadataExampleTest
Tests run: 10, Failures: 0, Errors: 0, Skipped: 0, Time elapsed: 0.06 sec - in org.apache.commons.imaging.formats.jpeg.exif.WriteExifMetadataExampleTest
Running org.apache.commons.imaging.formats.jpeg.exif.AsciiFieldTest
Tests run: 1, Failures: 0, Errors: 0, Skipped: 0, Time elapsed: 0.003 sec - in org.apache.commons.imaging.formats.jpeg.exif.AsciiFieldTest
Running org.apache.commons.imaging.formats.jpeg.exif.TextFieldTest
Tests run: 8, Failures: 0, Errors: 0, Skipped: 0, Time elapsed: 0.016 sec - in org.apache.commons.imaging.formats.jpeg.exif.TextFieldTest
Running org.apache.commons.imaging.formats.jpeg.exif.MakerNoteFieldTest
Tests run: 8, Failures: 0, Errors: 0, Skipped: 0, Time elapsed: 0.014 sec - in org.apache.commons.imaging.formats.jpeg.exif.MakerNoteFieldTest
Running org.apache.commons.imaging.formats.jpeg.JpegReadTest
Tests run: 10, Failures: 0, Errors: 0, Skipped: 0, Time elapsed: 22.465 sec - in org.apache.commons.imaging.formats.jpeg.JpegReadTest
Running org.apache.commons.imaging.formats.jpeg.segments.NegSizeSegmentTest
Tests run: 1, Failures: 0, Errors: 0, Skipped: 0, Time elapsed: 0.001 sec - in org.apache.commons.imaging.formats.jpeg.segments.NegSizeSegmentTest
Running org.apache.commons.imaging.formats.jpeg.iptc.IptcAddTest
Tests run: 10, Failures: 0, Errors: 0, Skipped: 0, Time elapsed: 0.017 sec - in org.apache.commons.imaging.formats.jpeg.iptc.IptcAddTest
Running org.apache.commons.imaging.formats.jpeg.iptc.IptcDumpTest
Tests run: 4, Failures: 0, Errors: 0, Skipped: 0, Time elapsed: 0.008 sec - in org.apache.commons.imaging.formats.jpeg.iptc.IptcDumpTest
Running org.apache.commons.imaging.formats.jpeg.iptc.IptcUpdateTest
Tests run: 16, Failures: 0, Errors: 0, Skipped: 0, Time elapsed: 0.025 sec - in org.apache.commons.imaging.formats.jpeg.iptc.IptcUpdateTest
Running org.apache.commons.imaging.formats.jpeg.xmp.JpegXmpDumpTest
Tests run: 5, Failures: 0, Errors: 0, Skipped: 0, Time elapsed: 0.009 sec - in org.apache.commons.imaging.formats.jpeg.xmp.JpegXmpDumpTest
Running org.apache.commons.imaging.formats.jpeg.xmp.JpegXmpRewriteTest
Tests run: 5, Failures: 0, Errors: 0, Skipped: 0, Time elapsed: 0.018 sec - in org.apache.commons.imaging.formats.jpeg.xmp.JpegXmpRewriteTest
Running org.apache.commons.imaging.formats.jpeg.JpegWithJpegThumbnailTest
Tests run: 1, Failures: 0, Errors: 0, Skipped: 0, Time elapsed: 0.033 sec - in org.apache.commons.imaging.formats.jpeg.JpegWithJpegThumbnailTest
Running org.apache.commons.imaging.formats.bmp.BmpReadTest
Tests run: 15, Failures: 0, Errors: 0, Skipped: 5, Time elapsed: 0.031 sec - in org.apache.commons.imaging.formats.bmp.BmpReadTest
Running org.apache.commons.imaging.formats.bmp.BmpRoundtripTest
Tests run: 6, Failures: 0, Errors: 0, Skipped: 0, Time elapsed: 0.572 sec - in org.apache.commons.imaging.formats.bmp.BmpRoundtripTest
Running org.apache.commons.imaging.formats.xpm.XpmReadTest
Tests run: 1, Failures: 0, Errors: 0, Skipped: 0, Time elapsed: 1.035 sec - in org.apache.commons.imaging.formats.xpm.XpmReadTest
Running org.apache.commons.imaging.formats.xmp.XmpUpdateTest
Tests run: 1, Failures: 0, Errors: 0, Skipped: 0, Time elapsed: 0.675 sec - in org.apache.commons.imaging.formats.xmp.XmpUpdateTest
Running org.apache.commons.imaging.formats.xmp.XmpDumpTest
Tests run: 1, Failures: 0, Errors: 0, Skipped: 0, Time elapsed: 0.008 sec - in org.apache.commons.imaging.formats.xmp.XmpDumpTest
Running org.apache.commons.imaging.formats.wbmp.WbmpReadTest
Tests run: 1, Failures: 0, Errors: 0, Skipped: 0, Time elapsed: 0.003 sec - in org.apache.commons.imaging.formats.wbmp.WbmpReadTest
Running org.apache.commons.imaging.formats.rgbe.RgbeReadTest
Tests run: 1, Failures: 0, Errors: 0, Skipped: 0, Time elapsed: 0.099 sec - in org.apache.commons.imaging.formats.rgbe.RgbeReadTest
Running org.apache.commons.imaging.formats.pcx.PcxReadTest
Tests run: 1, Failures: 0, Errors: 0, Skipped: 0, Time elapsed: 0.05 sec - in org.apache.commons.imaging.formats.pcx.PcxReadTest
Running org.apache.commons.imaging.formats.gif.GifReadTest
Tests run: 6, Failures: 0, Errors: 0, Skipped: 2, Time elapsed: 0.104 sec - in org.apache.commons.imaging.formats.gif.GifReadTest

Results :

Tests run: 363, Failures: 0, Errors: 0, Skipped: 14

[INFO] 
[INFO] --- animal-sniffer-maven-plugin:1.16:check (check-java-api) @ commons-imaging ---
[INFO] Checking unresolved references to org.codehaus.mojo.signature:java17:1.0
[INFO] 
[INFO] --- clover-maven-plugin:4.4.1:snapshot (default-cli) @ commons-imaging ---
[INFO] No span specified, using span of: 223s
[INFO] Saving snapshot to: /s/smith/b/nobackup/mkshin/Spring2020/Research/Clover/commonsImaging/workingDir/.clover/clover.snapshot
[INFO] OpenClover Version 4.4.1, built on October 11 2019 (build-1020)
[INFO] Updating snapshot '/s/smith/b/nobackup/mkshin/Spring2020/Research/Clover/commonsImaging/workingDir/.clover/clover.snapshot' against Clover database at '/s/smith/b/nobackup/mkshin/Spring2020/Research/Clover/commonsImaging/workingDir/target/clover/clover.db'
[INFO] ------------------------------------------------------------------------
[INFO] BUILD SUCCESS
[INFO] ------------------------------------------------------------------------
[INFO] Total time: 03:44 min
[INFO] Finished at: 2020-05-19T04:16:21-06:00
[INFO] ------------------------------------------------------------------------
