[INFO] Scanning for projects...
[WARNING] 
[WARNING] Some problems were encountered while building the effective model for org.asteriskjava:asterisk-java:jar:3.0.2-SNAPSHOT
[WARNING] 'build.plugins.plugin.version' for org.apache.maven.plugins:maven-source-plugin is missing. @ line 150, column 12
[WARNING] 'build.plugins.plugin.version' for org.apache.maven.plugins:maven-deploy-plugin is missing. @ line 160, column 12
[WARNING] 
[WARNING] It is highly recommended to fix these problems because they threaten the stability of your build.
[WARNING] 
[WARNING] For this reason, future Maven versions might no longer support building such malformed projects.
[WARNING] 
[INFO] 
[INFO] -------------------< org.asteriskjava:asterisk-java >-------------------
[INFO] Building Asterisk-Java 3.0.2-SNAPSHOT
[INFO] --------------------------------[ jar ]---------------------------------
[INFO] 
[INFO] >>> ekstazi-maven-plugin:4.6.3:ekstazi (default-cli) > [ekstazi]test @ asterisk-java >>>
[INFO] 
[INFO] --- maven-resources-plugin:2.6:resources (default-resources) @ asterisk-java ---
[WARNING] Using platform encoding (UTF-8 actually) to copy filtered resources, i.e. build is platform dependent!
[INFO] skip non existing resourceDirectory /s/smith/b/nobackup/mkshin/Spring2020/Research/Ekstazi/asterisk/workingDir/src/main/resources
[INFO] 
[INFO] --- maven-compiler-plugin:3.2:compile (default-compile) @ asterisk-java ---
[INFO] Changes detected - recompiling the module!
[WARNING] File encoding has not been set, using platform encoding UTF-8, i.e. build is platform dependent!
[INFO] Compiling 739 source files to /s/smith/b/nobackup/mkshin/Spring2020/Research/Ekstazi/asterisk/workingDir/target/classes
[INFO] 
[INFO] --- bnd-maven-plugin:3.2.0:bnd-process (default) @ asterisk-java ---
[INFO] 
[INFO] --- maven-resources-plugin:2.6:testResources (default-testResources) @ asterisk-java ---
[WARNING] Using platform encoding (UTF-8 actually) to copy filtered resources, i.e. build is platform dependent!
[INFO] Copying 5 resources
[INFO] 
[INFO] --- maven-compiler-plugin:3.2:testCompile (default-testCompile) @ asterisk-java ---
[INFO] Changes detected - recompiling the module!
[WARNING] File encoding has not been set, using platform encoding UTF-8, i.e. build is platform dependent!
[INFO] Compiling 58 source files to /s/smith/b/nobackup/mkshin/Spring2020/Research/Ekstazi/asterisk/workingDir/target/test-classes
[INFO] 
[INFO] --- ekstazi-maven-plugin:4.6.3:select (ekstazi) @ asterisk-java ---
[INFO] 
[INFO] --- ekstazi-maven-plugin:4.6.3:select (default-cli) @ asterisk-java ---
[INFO] 
[INFO] --- maven-surefire-plugin:2.18:test (default-test) @ asterisk-java ---
[INFO] Surefire report directory: /s/smith/b/nobackup/mkshin/Spring2020/Research/Ekstazi/asterisk/workingDir/target/surefire-reports

-------------------------------------------------------
 T E S T S
-------------------------------------------------------
Running org.asteriskjava.manager.internal.ManagerReaderImplTest
22:39:48.139 [main] INFO  org.asteriskjava.util.ReflectionUtil - Loaded 185
22:39:48.191 [main] INFO  o.a.m.internal.ManagerReaderImpl - Terminating reader thread: Something happened to the network...
Tests run: 9, Failures: 0, Errors: 0, Skipped: 0, Time elapsed: 0.446 sec - in org.asteriskjava.manager.internal.ManagerReaderImplTest
Running org.asteriskjava.manager.internal.ResponseBuilderImplTest
Tests run: 9, Failures: 0, Errors: 0, Skipped: 0, Time elapsed: 0 sec - in org.asteriskjava.manager.internal.ResponseBuilderImplTest
Running org.asteriskjava.live.internal.AsteriskChannelImplTest
Tests run: 1, Failures: 0, Errors: 0, Skipped: 0, Time elapsed: 0.008 sec - in org.asteriskjava.live.internal.AsteriskChannelImplTest
Running org.asteriskjava.live.internal.AsteriskQueueMemberImplTest
Tests run: 1, Failures: 0, Errors: 0, Skipped: 0, Time elapsed: 0.008 sec - in org.asteriskjava.live.internal.AsteriskQueueMemberImplTest
Running org.asteriskjava.live.internal.AsteriskAgentImplTest
Tests run: 1, Failures: 0, Errors: 0, Skipped: 0, Time elapsed: 0.008 sec - in org.asteriskjava.live.internal.AsteriskAgentImplTest
Running org.asteriskjava.pbx.internal.core.ListenerManagerTest
22:39:48.333 [main] INFO  org.asteriskjava.util.ReflectionUtil - Loaded 39
22:39:48.334 [main] INFO  o.a.p.i.core.CoherentEventFactory - Manager Event Added class org.asteriskjava.manager.event.DialEvent --> class org.asteriskjava.pbx.asterisk.wrap.events.DialEvent
22:39:48.335 [main] INFO  o.a.p.i.core.CoherentEventFactory - Manager Event Added class org.asteriskjava.manager.event.DbGetResponseEvent --> class org.asteriskjava.pbx.asterisk.wrap.events.DbGetResponseEvent
22:39:48.335 [main] INFO  o.a.p.i.core.CoherentEventFactory - Manager Event Added class org.asteriskjava.manager.event.MasqueradeEvent --> class org.asteriskjava.pbx.asterisk.wrap.events.MasqueradeEvent
22:39:48.335 [main] INFO  o.a.p.i.core.CoherentEventFactory - Manager Event Added class org.asteriskjava.manager.event.NewStateEvent --> class org.asteriskjava.pbx.asterisk.wrap.events.NewStateEvent
22:39:48.336 [main] INFO  o.a.p.i.core.CoherentEventFactory - Manager Event Added class org.asteriskjava.manager.event.NewExtenEvent --> class org.asteriskjava.pbx.asterisk.wrap.events.NewExtenEvent
22:39:48.336 [main] INFO  o.a.p.i.core.CoherentEventFactory - Manager Event Added class org.asteriskjava.manager.event.RenameEvent --> class org.asteriskjava.pbx.asterisk.wrap.events.RenameEvent
22:39:48.336 [main] INFO  o.a.p.i.core.CoherentEventFactory - Manager Event Added class org.asteriskjava.manager.event.MeetMeLeaveEvent --> class org.asteriskjava.pbx.asterisk.wrap.events.MeetMeLeaveEvent
22:39:48.336 [main] INFO  o.a.p.i.core.CoherentEventFactory - Manager Event Added class org.asteriskjava.manager.event.MeetMeJoinEvent --> class org.asteriskjava.pbx.asterisk.wrap.events.MeetMeJoinEvent
22:39:48.336 [main] INFO  o.a.p.i.core.CoherentEventFactory - Skipping abstract class class org.asteriskjava.manager.event.ManagerEvent
22:39:48.337 [main] INFO  o.a.p.i.core.CoherentEventFactory - Manager Event Added class org.asteriskjava.manager.event.ReloadEvent --> class org.asteriskjava.pbx.asterisk.wrap.events.ReloadEvent
22:39:48.337 [main] INFO  o.a.p.i.core.CoherentEventFactory - Manager Event Added class org.asteriskjava.manager.event.BridgeEvent --> class org.asteriskjava.pbx.asterisk.wrap.events.BridgeEvent
22:39:48.337 [main] INFO  o.a.p.i.core.CoherentEventFactory - Manager Event Added class org.asteriskjava.manager.event.UnlinkEvent --> class org.asteriskjava.pbx.asterisk.wrap.events.UnlinkEvent
22:39:48.337 [main] INFO  o.a.p.i.core.CoherentEventFactory - Manager Event Added class org.asteriskjava.manager.event.DndStateEvent --> class org.asteriskjava.pbx.asterisk.wrap.events.DndStateEvent
22:39:48.337 [main] INFO  o.a.p.i.core.CoherentEventFactory - Response Event Added class org.asteriskjava.manager.event.PeerlistCompleteEvent --> class org.asteriskjava.pbx.asterisk.wrap.events.PeerlistCompleteEvent
22:39:48.338 [main] INFO  o.a.p.i.core.CoherentEventFactory - Manager Event Added class org.asteriskjava.manager.event.ConnectEvent --> class org.asteriskjava.pbx.asterisk.wrap.events.ConnectEvent
22:39:48.338 [main] INFO  o.a.p.i.core.CoherentEventFactory - Skipping abstract class class org.asteriskjava.manager.event.AbstractMeetMeEvent
22:39:48.338 [main] INFO  o.a.p.i.core.CoherentEventFactory - Manager Event Added class org.asteriskjava.manager.event.DisconnectEvent --> class org.asteriskjava.pbx.asterisk.wrap.events.DisconnectEvent
22:39:48.338 [main] INFO  o.a.p.i.core.CoherentEventFactory - Manager Event Added class org.asteriskjava.manager.event.NewChannelEvent --> class org.asteriskjava.pbx.asterisk.wrap.events.NewChannelEvent
22:39:48.338 [main] INFO  o.a.p.i.core.CoherentEventFactory - Response Event Added class org.asteriskjava.manager.event.StatusCompleteEvent --> class org.asteriskjava.pbx.asterisk.wrap.events.StatusCompleteEvent
22:39:48.339 [main] INFO  o.a.p.i.core.CoherentEventFactory - Manager Event Added class org.asteriskjava.manager.event.VarSetEvent --> class org.asteriskjava.pbx.asterisk.wrap.events.VarSetEvent
22:39:48.339 [main] INFO  o.a.p.i.core.CoherentEventFactory - Manager Event Added class org.asteriskjava.manager.event.LinkEvent --> class org.asteriskjava.pbx.asterisk.wrap.events.LinkEvent
22:39:48.339 [main] INFO  o.a.p.i.core.CoherentEventFactory - Manager Event Added class org.asteriskjava.manager.event.AgentConnectEvent --> class org.asteriskjava.pbx.asterisk.wrap.events.AgentConnectEvent
22:39:48.339 [main] INFO  o.a.p.i.core.CoherentEventFactory - Manager Event Added class org.asteriskjava.manager.event.ConfbridgeListCompleteEvent --> class org.asteriskjava.pbx.asterisk.wrap.events.ConfbridgeListCompleteEvent
22:39:48.339 [main] INFO  o.a.p.i.core.CoherentEventFactory - Response Event Added class org.asteriskjava.manager.event.PeerEntryEvent --> class org.asteriskjava.pbx.asterisk.wrap.events.PeerEntryEvent
22:39:48.339 [main] INFO  o.a.p.i.core.CoherentEventFactory - Skipping abstract class class org.asteriskjava.manager.event.ResponseEvent
22:39:48.340 [main] INFO  o.a.p.i.core.CoherentEventFactory - Manager Event Added class org.asteriskjava.manager.event.ParkedCallEvent --> class org.asteriskjava.pbx.asterisk.wrap.events.ParkedCallEvent
22:39:48.340 [main] INFO  o.a.p.i.core.CoherentEventFactory - Response Event Added class org.asteriskjava.manager.event.ConfbridgeListEvent --> class org.asteriskjava.pbx.asterisk.wrap.events.ConfbridgeListEvent
22:39:48.340 [main] INFO  o.a.p.i.core.CoherentEventFactory - Manager Event Added class org.asteriskjava.manager.event.QueueCallerLeaveEvent --> class org.asteriskjava.pbx.asterisk.wrap.events.QueueCallerLeaveEvent
22:39:48.340 [main] INFO  o.a.p.i.core.CoherentEventFactory - Manager Event Added class org.asteriskjava.manager.event.HangupEvent --> class org.asteriskjava.pbx.asterisk.wrap.events.HangupEvent
22:39:48.340 [main] INFO  o.a.p.i.core.CoherentEventFactory - Skipping abstract class class org.asteriskjava.manager.event.AbstractParkedCallEvent
22:39:48.340 [main] INFO  o.a.p.i.core.CoherentEventFactory - Manager Event Added class org.asteriskjava.manager.event.DialEndEvent --> class org.asteriskjava.pbx.asterisk.wrap.events.DialEndEvent
22:39:48.341 [main] INFO  o.a.p.i.core.CoherentEventFactory - Response Event Added class org.asteriskjava.manager.event.OriginateResponseEvent --> class org.asteriskjava.pbx.asterisk.wrap.events.OriginateResponseEvent
22:39:48.341 [main] INFO  o.a.p.i.core.CoherentEventFactory - Manager Event Added class org.asteriskjava.manager.event.PeerStatusEvent --> class org.asteriskjava.pbx.asterisk.wrap.events.PeerStatusEvent
22:39:48.341 [main] INFO  o.a.p.i.core.CoherentEventFactory - Manager Event Added class org.asteriskjava.manager.event.UnparkedCallEvent --> class org.asteriskjava.pbx.asterisk.wrap.events.UnparkedCallEvent
22:39:48.341 [main] INFO  o.a.p.i.core.CoherentEventFactory - Response Event Added class org.asteriskjava.manager.event.StatusEvent --> class org.asteriskjava.pbx.asterisk.wrap.events.StatusEvent
22:39:48.341 [main] INFO  o.a.p.i.core.CoherentEventFactory - Manager Event Added class org.asteriskjava.manager.event.DialBeginEvent --> class org.asteriskjava.pbx.asterisk.wrap.events.DialBeginEvent
22:39:48.342 [main] INFO  o.a.p.i.core.CoherentEventFactory - Manager Event Added class org.asteriskjava.manager.event.ExtensionStatusEvent --> class org.asteriskjava.pbx.asterisk.wrap.events.ExtensionStatusEvent
22:39:48.342 [main] INFO  o.a.p.i.core.CoherentEventFactory - Manager Event Added class org.asteriskjava.manager.event.BlindTransferEvent --> class org.asteriskjava.pbx.asterisk.wrap.events.BlindTransferEvent
22:39:48.342 [main] INFO  o.a.p.i.core.CoherentEventFactory - Manager Event Added class org.asteriskjava.manager.event.AgentCalledEvent --> class org.asteriskjava.pbx.asterisk.wrap.events.AgentCalledEvent
Tests run: 1, Failures: 0, Errors: 0, Skipped: 0, Time elapsed: 0.08 sec - in org.asteriskjava.pbx.internal.core.ListenerManagerTest

Results :




Tests run: 22, Failures: 0, Errors: 0, Skipped: 0

[INFO] 
[INFO] <<< ekstazi-maven-plugin:4.6.3:ekstazi (default-cli) < [ekstazi]test @ asterisk-java <<<
[INFO] 
[INFO] 
[INFO] --- ekstazi-maven-plugin:4.6.3:ekstazi (default-cli) @ asterisk-java ---
[INFO] ------------------------------------------------------------------------
[INFO] BUILD SUCCESS
[INFO] ------------------------------------------------------------------------
[INFO] Total time: 9.804 s
[INFO] Finished at: 2020-05-18T22:39:48-06:00
[INFO] ------------------------------------------------------------------------
