[INFO] Scanning for projects...
[INFO] 
[INFO] ----------------------< commons-net:commons-net >-----------------------
[INFO] Building Apache Commons Net 3.6-SNAPSHOT
[INFO] --------------------------------[ jar ]---------------------------------
[INFO] 
[INFO] --- clover-maven-plugin:4.4.1:setup (default-cli) @ commons-net ---
[INFO] OpenClover Version 4.4.1, built on October 11 2019 (build-1020)
[INFO] Creating new database at '/s/smith/b/nobackup/mkshin/Spring2020/Research/Clover/commonsNet/workingDir/target/clover/clover.db'.
[INFO] Processing files at 1.8 source level.
[INFO] Clover all over. Instrumented 209 files (29 packages).
[INFO] OpenClover Version 4.4.1, built on October 11 2019 (build-1020)
[INFO] Updating existing database at '/s/smith/b/nobackup/mkshin/Spring2020/Research/Clover/commonsNet/workingDir/target/clover/clover.db'.
[INFO] Processing files at 1.8 source level.
[INFO] Clover all over. Instrumented 60 files (14 packages).
[INFO] 292 test methods detected.
[INFO] 
[INFO] --- clover-maven-plugin:4.4.1:optimize (default-cli) @ commons-net ---
[INFO] Adding fileset: directory=/s/smith/b/nobackup/mkshin/Spring2020/Research/Clover/commonsNet/workingDir/target/clover/src-test-instrumented, includes=[**/Test*.java, **/*Test.java, **/*TestCase.java], excludes=[**/*FunctionalTest.java, **/POP3*Test.java]
[INFO] Clover is not optimizing this test run as no test snapshot file was found at '/s/smith/b/nobackup/mkshin/Spring2020/Research/Clover/commonsNet/workingDir/.clover/clover.snapshot'.
[INFO] Clover was unable to save any time on this optimized test run.
[INFO] Clover included 43 test classes in this run (total # test classes : 43)
[INFO] 
[INFO] --- maven-enforcer-plugin:1.4.1:enforce (enforce-maven-3) @ commons-net ---
[INFO] 
[INFO] --- build-helper-maven-plugin:1.10:parse-version (parse-version) @ commons-net ---
[INFO] 
[INFO] --- maven-antrun-plugin:1.8:run (javadoc.resources) @ commons-net ---
[INFO] Executing tasks

main:
     [copy] Copying 2 files to /s/smith/b/nobackup/mkshin/Spring2020/Research/Clover/commonsNet/workingDir/target/apidocs/META-INF
[INFO] Executed tasks
[INFO] 
[INFO] --- maven-remote-resources-plugin:1.5:process (default) @ commons-net ---
[INFO] 
[INFO] --- buildnumber-maven-plugin:1.4:create (default) @ commons-net ---
[INFO] Executing: /bin/sh -c cd '/s/smith/b/nobackup/mkshin/Spring2020/Research/Clover/commonsNet/workingDir' && 'svn' '--non-interactive' 'info'
[INFO] Working directory: /s/smith/b/nobackup/mkshin/Spring2020/Research/Clover/commonsNet/workingDir
[INFO] Storing buildNumber: ?????? at timestamp: 1589887336353
[INFO] Executing: /bin/sh -c cd '/s/smith/b/nobackup/mkshin/Spring2020/Research/Clover/commonsNet/workingDir' && 'svn' '--non-interactive' 'info'
[INFO] Working directory: /s/smith/b/nobackup/mkshin/Spring2020/Research/Clover/commonsNet/workingDir
[INFO] Storing buildScmBranch: UNKNOWN_BRANCH
[INFO] 
[INFO] --- maven-resources-plugin:2.7:resources (default-resources) @ commons-net ---
[INFO] Using 'iso-8859-1' encoding to copy filtered resources.
[INFO] Copying 1 resource
[INFO] Copying 2 resources to META-INF
[INFO] Copying 1 resource
[INFO] 
[INFO] --- maven-compiler-plugin:3.5.1:compile (default-compile) @ commons-net ---
[INFO] Changes detected - recompiling the module!
[INFO] Compiling 189 source files to /s/smith/b/nobackup/mkshin/Spring2020/Research/Clover/commonsNet/workingDir/target/classes
[INFO] 
[INFO] --- maven-bundle-plugin:3.0.1:manifest (bundle-manifest) @ commons-net ---
[INFO] 
[INFO] --- animal-sniffer-maven-plugin:1.15:check (checkAPIcompatibility) @ commons-net ---
[INFO] Checking unresolved references to org.codehaus.mojo.signature:java16:1.0
[INFO] 
[INFO] --- maven-resources-plugin:2.7:testResources (default-testResources) @ commons-net ---
[INFO] Using 'iso-8859-1' encoding to copy filtered resources.
[INFO] skip non existing resourceDirectory /s/smith/b/nobackup/mkshin/Spring2020/Research/Clover/commonsNet/workingDir/src/test/resources
[INFO] Copying 2 resources to META-INF
[INFO] 
[INFO] --- maven-compiler-plugin:3.5.1:testCompile (default-testCompile) @ commons-net ---
[INFO] Changes detected - recompiling the module!
[INFO] Compiling 60 source files to /s/smith/b/nobackup/mkshin/Spring2020/Research/Clover/commonsNet/workingDir/target/test-classes
[INFO] /s/smith/b/nobackup/mkshin/Spring2020/Research/Clover/commonsNet/workingDir/target/clover/src-test-instrumented/org/apache/commons/net/nntp/TestThreader.java: Some input files use or override a deprecated API.
[INFO] /s/smith/b/nobackup/mkshin/Spring2020/Research/Clover/commonsNet/workingDir/target/clover/src-test-instrumented/org/apache/commons/net/nntp/TestThreader.java: Recompile with -Xlint:deprecation for details.
[INFO] 
[INFO] --- maven-surefire-plugin:2.19.1:test (default-test) @ commons-net ---

-------------------------------------------------------
 T E S T S
-------------------------------------------------------
Running examples.MainTest
Tests run: 1, Failures: 0, Errors: 0, Skipped: 0, Time elapsed: 0.121 sec - in examples.MainTest
Running org.apache.commons.net.util.UtilTest
Tests run: 9, Failures: 0, Errors: 0, Skipped: 0, Time elapsed: 0.006 sec - in org.apache.commons.net.util.UtilTest
Running org.apache.commons.net.util.Base64Test
Tests run: 28, Failures: 0, Errors: 0, Skipped: 19, Time elapsed: 0.017 sec - in org.apache.commons.net.util.Base64Test
Running org.apache.commons.net.nntp.TestThreader
Tests run: 6, Failures: 0, Errors: 0, Skipped: 0, Time elapsed: 0.005 sec - in org.apache.commons.net.nntp.TestThreader
Running org.apache.commons.net.SocketClientTest
Tests run: 1, Failures: 0, Errors: 0, Skipped: 0, Time elapsed: 0.038 sec - in org.apache.commons.net.SocketClientTest
Running org.apache.commons.net.io.ToNetASCIIInputStreamTest
Tests run: 2, Failures: 0, Errors: 0, Skipped: 0, Time elapsed: 0.004 sec - in org.apache.commons.net.io.ToNetASCIIInputStreamTest
Running org.apache.commons.net.io.DotTerminatedMessageReaderTest
Tests run: 12, Failures: 0, Errors: 0, Skipped: 0, Time elapsed: 0.015 sec - in org.apache.commons.net.io.DotTerminatedMessageReaderTest
Running org.apache.commons.net.smtp.SimpleSMTPHeaderTestCase
Tests run: 6, Failures: 0, Errors: 0, Skipped: 0, Time elapsed: 0.038 sec - in org.apache.commons.net.smtp.SimpleSMTPHeaderTestCase
Running org.apache.commons.net.SubnetUtilsTest
Tests run: 11, Failures: 0, Errors: 0, Skipped: 0, Time elapsed: 0.012 sec - in org.apache.commons.net.SubnetUtilsTest
Running org.apache.commons.net.ntp.TestNtpClient
Running NTP service on port 46796/UDP
NTP packet from 127.0.0.1 mode=Client
Tests run: 1, Failures: 0, Errors: 0, Skipped: 0, Time elapsed: 2.026 sec - in org.apache.commons.net.ntp.TestNtpClient
Running org.apache.commons.net.ntp.TimeStampTest
Tests run: 4, Failures: 0, Errors: 0, Skipped: 0, Time elapsed: 0.008 sec - in org.apache.commons.net.ntp.TimeStampTest
Running org.apache.commons.net.ntp.TestNtpPacket
Tests run: 7, Failures: 0, Errors: 0, Skipped: 0, Time elapsed: 0.011 sec - in org.apache.commons.net.ntp.TestNtpPacket
Running org.apache.commons.net.ntp.TestTimeInfo
Tests run: 6, Failures: 0, Errors: 0, Skipped: 0, Time elapsed: 0.004 sec - in org.apache.commons.net.ntp.TestTimeInfo
Running org.apache.commons.net.imap.IMAPTest
Tests run: 1, Failures: 0, Errors: 0, Skipped: 0, Time elapsed: 0.09 sec - in org.apache.commons.net.imap.IMAPTest
Running org.apache.commons.net.time.TimeTCPClientTest
Tests run: 2, Failures: 0, Errors: 0, Skipped: 0, Time elapsed: 1.012 sec - in org.apache.commons.net.time.TimeTCPClientTest
Running org.apache.commons.net.ftp.FTPClientConfigTest
Tests run: 6, Failures: 0, Errors: 0, Skipped: 0, Time elapsed: 0.033 sec - in org.apache.commons.net.ftp.FTPClientConfigTest
Running org.apache.commons.net.ftp.parser.OS2FTPEntryParserTest
Tests run: 6, Failures: 0, Errors: 0, Skipped: 0, Time elapsed: 0.02 sec - in org.apache.commons.net.ftp.parser.OS2FTPEntryParserTest
Running org.apache.commons.net.ftp.parser.MLSxEntryParserTest
Tests run: 6, Failures: 0, Errors: 0, Skipped: 0, Time elapsed: 0.008 sec - in org.apache.commons.net.ftp.parser.MLSxEntryParserTest
Running org.apache.commons.net.ftp.parser.EnterpriseUnixFTPEntryParserTest
Tests run: 6, Failures: 0, Errors: 0, Skipped: 0, Time elapsed: 0.008 sec - in org.apache.commons.net.ftp.parser.EnterpriseUnixFTPEntryParserTest
Running org.apache.commons.net.ftp.parser.MVSFTPEntryParserTest
Tests run: 9, Failures: 0, Errors: 0, Skipped: 0, Time elapsed: 0.012 sec - in org.apache.commons.net.ftp.parser.MVSFTPEntryParserTest
Running org.apache.commons.net.ftp.parser.OS400FTPEntryParserAdditionalTest
Tests run: 8, Failures: 0, Errors: 0, Skipped: 0, Time elapsed: 0.016 sec - in org.apache.commons.net.ftp.parser.OS400FTPEntryParserAdditionalTest
Running org.apache.commons.net.ftp.parser.UnixFTPEntryParserTest
Tests run: 21, Failures: 0, Errors: 0, Skipped: 0, Time elapsed: 0.038 sec - in org.apache.commons.net.ftp.parser.UnixFTPEntryParserTest
Running org.apache.commons.net.ftp.parser.NetwareFTPEntryParserTest
Tests run: 6, Failures: 0, Errors: 0, Skipped: 0, Time elapsed: 0.007 sec - in org.apache.commons.net.ftp.parser.NetwareFTPEntryParserTest
Running org.apache.commons.net.ftp.parser.DefaultFTPFileEntryParserFactoryTest
Tests run: 2, Failures: 0, Errors: 0, Skipped: 0, Time elapsed: 0.016 sec - in org.apache.commons.net.ftp.parser.DefaultFTPFileEntryParserFactoryTest
Running org.apache.commons.net.ftp.parser.MacOsPeterFTPEntryParserTest
Tests run: 6, Failures: 0, Errors: 0, Skipped: 0, Time elapsed: 0.007 sec - in org.apache.commons.net.ftp.parser.MacOsPeterFTPEntryParserTest
Running org.apache.commons.net.ftp.parser.OS400FTPEntryParserTest
Tests run: 9, Failures: 0, Errors: 0, Skipped: 0, Time elapsed: 0.029 sec - in org.apache.commons.net.ftp.parser.OS400FTPEntryParserTest
Running org.apache.commons.net.ftp.parser.VMSFTPEntryParserTest
Tests run: 8, Failures: 0, Errors: 0, Skipped: 0, Time elapsed: 0.013 sec - in org.apache.commons.net.ftp.parser.VMSFTPEntryParserTest
Running org.apache.commons.net.ftp.parser.FTPTimestampParserImplTest
Tests run: 18, Failures: 0, Errors: 0, Skipped: 0, Time elapsed: 0.023 sec - in org.apache.commons.net.ftp.parser.FTPTimestampParserImplTest
Running org.apache.commons.net.ftp.parser.NTFTPEntryParserTest
Tests run: 14, Failures: 0, Errors: 0, Skipped: 0, Time elapsed: 0.026 sec - in org.apache.commons.net.ftp.parser.NTFTPEntryParserTest
Running org.apache.commons.net.ftp.parser.FTPConfigEntryParserTest
Tests run: 2, Failures: 0, Errors: 0, Skipped: 0, Time elapsed: 0.002 sec - in org.apache.commons.net.ftp.parser.FTPConfigEntryParserTest
Running org.apache.commons.net.ftp.FTPCommandTest
Tests run: 1, Failures: 0, Errors: 0, Skipped: 0, Time elapsed: 0.002 sec - in org.apache.commons.net.ftp.FTPCommandTest
Running org.apache.commons.net.ftp.TestConnectTimeout
Tests run: 1, Failures: 0, Errors: 0, Skipped: 0, Time elapsed: 0.184 sec - in org.apache.commons.net.ftp.TestConnectTimeout
Running org.apache.commons.net.ftp.FTPClientTest
Tests run: 4, Failures: 0, Errors: 0, Skipped: 0, Time elapsed: 0.007 sec - in org.apache.commons.net.ftp.FTPClientTest
Running org.apache.commons.net.tftp.TFTPTest
Tests run: 6, Failures: 0, Errors: 0, Skipped: 0, Time elapsed: 13.19 sec - in org.apache.commons.net.tftp.TFTPTest
Running org.apache.commons.net.tftp.TFTPServerPathTest
Tests run: 3, Failures: 0, Errors: 0, Skipped: 0, Time elapsed: 0.025 sec - in org.apache.commons.net.tftp.TFTPServerPathTest
Running org.apache.commons.net.telnet.EchoOptionHandlerTest
Tests run: 5, Failures: 0, Errors: 0, Skipped: 0, Time elapsed: 0 sec - in org.apache.commons.net.telnet.EchoOptionHandlerTest
Running org.apache.commons.net.telnet.WindowSizeOptionHandlerTest
Tests run: 6, Failures: 0, Errors: 0, Skipped: 0, Time elapsed: 0.002 sec - in org.apache.commons.net.telnet.WindowSizeOptionHandlerTest
Running org.apache.commons.net.telnet.SimpleOptionHandlerTest
Tests run: 5, Failures: 0, Errors: 0, Skipped: 0, Time elapsed: 0.011 sec - in org.apache.commons.net.telnet.SimpleOptionHandlerTest
Running org.apache.commons.net.telnet.InvalidTelnetOptionExceptionTest
Tests run: 1, Failures: 0, Errors: 0, Skipped: 0, Time elapsed: 0.002 sec - in org.apache.commons.net.telnet.InvalidTelnetOptionExceptionTest
Running org.apache.commons.net.telnet.TelnetOptionTest
Tests run: 2, Failures: 0, Errors: 0, Skipped: 0, Time elapsed: 0.008 sec - in org.apache.commons.net.telnet.TelnetOptionTest
Running org.apache.commons.net.telnet.SuppressGAOptionHandlerTest
Tests run: 5, Failures: 0, Errors: 0, Skipped: 0, Time elapsed: 0 sec - in org.apache.commons.net.telnet.SuppressGAOptionHandlerTest
Running org.apache.commons.net.telnet.TerminalTypeOptionHandlerTest
Tests run: 5, Failures: 0, Errors: 0, Skipped: 0, Time elapsed: 0.005 sec - in org.apache.commons.net.telnet.TerminalTypeOptionHandlerTest
Running org.apache.commons.net.telnet.TelnetClientTest
Tests run: 8, Failures: 0, Errors: 0, Skipped: 0, Time elapsed: 43.574 sec - in org.apache.commons.net.telnet.TelnetClientTest

Results :

Tests run: 276, Failures: 0, Errors: 0, Skipped: 19

[INFO] 
[INFO] --- clover-maven-plugin:4.4.1:snapshot (default-cli) @ commons-net ---
[INFO] No span specified, using span of: 76s
[INFO] Saving snapshot to: /s/smith/b/nobackup/mkshin/Spring2020/Research/Clover/commonsNet/workingDir/.clover/clover.snapshot
[INFO] OpenClover Version 4.4.1, built on October 11 2019 (build-1020)
[INFO] Snapshot file not found, creating new file at /s/smith/b/nobackup/mkshin/Spring2020/Research/Clover/commonsNet/workingDir/.clover/clover.snapshot
[INFO] ------------------------------------------------------------------------
[INFO] BUILD SUCCESS
[INFO] ------------------------------------------------------------------------
[INFO] Total time: 01:17 min
[INFO] Finished at: 2020-05-19T05:23:26-06:00
[INFO] ------------------------------------------------------------------------
