[INFO] Scanning for projects...
[INFO] 
[INFO] ----------------------< commons-cli:commons-cli >-----------------------
[INFO] Building Apache Commons CLI 1.5-SNAPSHOT
[INFO] --------------------------------[ jar ]---------------------------------
[INFO] 
[INFO] >>> hyrts-maven-plugin:1.0.1:HyRTS (default-cli) > test-compile @ commons-cli >>>
[INFO] 
[INFO] --- maven-enforcer-plugin:3.0.0-M2:enforce (enforce-maven-version) @ commons-cli ---
[INFO] 
[INFO] --- maven-enforcer-plugin:3.0.0-M2:enforce (enforce-maven-3) @ commons-cli ---
[INFO] 
[INFO] --- build-helper-maven-plugin:3.0.0:parse-version (parse-version) @ commons-cli ---
[INFO] 
[INFO] --- maven-antrun-plugin:1.7:run (javadoc.resources) @ commons-cli ---
[INFO] Executing tasks

main:
     [copy] Copying 2 files to /s/chopin/a/grad/mkshin/newResearch/HyRTS/commonCLI/workingDir/target/apidocs/META-INF
[INFO] Executed tasks
[INFO] 
[INFO] --- maven-remote-resources-plugin:1.5:process (process-resource-bundles) @ commons-cli ---
[INFO] 
[INFO] --- buildnumber-maven-plugin:1.4:create (default) @ commons-cli ---
[INFO] Executing: /bin/sh -c cd '/s/chopin/a/grad/mkshin/newResearch/HyRTS/commonCLI/workingDir' && 'git' 'rev-parse' '--verify' 'HEAD'
[INFO] Working directory: /s/chopin/a/grad/mkshin/newResearch/HyRTS/commonCLI/workingDir
[INFO] Storing buildNumber: ?????? at timestamp: 1620936713900
[WARNING] Cannot get the branch information from the git repository: 
Detecting the current branch failed: fatal: not a git repository (or any parent up to mount point /s/chopin)
Stopping at filesystem boundary (GIT_DISCOVERY_ACROSS_FILESYSTEM not set).

[INFO] Executing: /bin/sh -c cd '/s/chopin/a/grad/mkshin/newResearch/HyRTS/commonCLI/workingDir' && 'git' 'rev-parse' '--verify' 'HEAD'
[INFO] Working directory: /s/chopin/a/grad/mkshin/newResearch/HyRTS/commonCLI/workingDir
[INFO] Storing buildScmBranch: UNKNOWN_BRANCH
[INFO] 
[INFO] --- maven-resources-plugin:3.0.2:resources (default-resources) @ commons-cli ---
[INFO] Using 'utf-8' encoding to copy filtered resources.
[INFO] skip non existing resourceDirectory /s/chopin/a/grad/mkshin/newResearch/HyRTS/commonCLI/workingDir/src/main/resources
[INFO] Copying 2 resources to META-INF
[INFO] 
[INFO] --- maven-compiler-plugin:3.7.0:compile (default-compile) @ commons-cli ---
[INFO] Changes detected - recompiling the module!
[INFO] Compiling 23 source files to /s/chopin/a/grad/mkshin/newResearch/HyRTS/commonCLI/workingDir/target/classes
[INFO] /s/chopin/a/grad/mkshin/newResearch/HyRTS/commonCLI/workingDir/src/main/java/org/apache/commons/cli/DefaultParser.java: Some input files use unchecked or unsafe operations.
[INFO] /s/chopin/a/grad/mkshin/newResearch/HyRTS/commonCLI/workingDir/src/main/java/org/apache/commons/cli/DefaultParser.java: Recompile with -Xlint:unchecked for details.
[INFO] 
[INFO] --- maven-bundle-plugin:3.5.0:manifest (bundle-manifest) @ commons-cli ---
[INFO] 
[INFO] --- animal-sniffer-maven-plugin:1.16:check (checkAPIcompatibility) @ commons-cli ---
[INFO] Checking unresolved references to org.codehaus.mojo.signature:java17:1.0
[INFO] 
[INFO] --- maven-resources-plugin:3.0.2:testResources (default-testResources) @ commons-cli ---
[INFO] Using 'utf-8' encoding to copy filtered resources.
[INFO] Copying 1 resource
[INFO] Copying 2 resources to META-INF
[INFO] 
[INFO] --- maven-compiler-plugin:3.7.0:testCompile (default-testCompile) @ commons-cli ---
[INFO] Changes detected - recompiling the module!
[INFO] Compiling 29 source files to /s/chopin/a/grad/mkshin/newResearch/HyRTS/commonCLI/workingDir/target/test-classes
[INFO] /s/chopin/a/grad/mkshin/newResearch/HyRTS/commonCLI/workingDir/src/test/java/org/apache/commons/cli/bug/BugCLI71Test.java: Some input files use or override a deprecated API.
[INFO] /s/chopin/a/grad/mkshin/newResearch/HyRTS/commonCLI/workingDir/src/test/java/org/apache/commons/cli/bug/BugCLI71Test.java: Recompile with -Xlint:deprecation for details.
[INFO] 
[INFO] <<< hyrts-maven-plugin:1.0.1:HyRTS (default-cli) < test-compile @ commons-cli <<<
[INFO] 
[INFO] 
[INFO] --- hyrts-maven-plugin:1.0.1:HyRTS (default-cli) @ commons-cli ---
[HyRTS] Extracted changes: 0 0 61 61 0 0 0 0 0 0 0 0 0 0 0 0 0 0 0 0 0 0 0 0 0 0 0 0
[HyRTS] RTS excluded 0 out of 28 test classes using 222ms 
[INFO] 
[INFO] -------------------------------------------------------
[INFO]  T E S T S
[INFO] -------------------------------------------------------
[INFO] Running org.apache.commons.cli.OptionBuilderTest
[INFO] Tests run: 9, Failures: 0, Errors: 0, Skipped: 0, Time elapsed: 0.068 s - in org.apache.commons.cli.OptionBuilderTest
[INFO] Running org.apache.commons.cli.ArgumentIsOptionTest
[INFO] Tests run: 3, Failures: 0, Errors: 0, Skipped: 0, Time elapsed: 0.011 s - in org.apache.commons.cli.ArgumentIsOptionTest
[INFO] Running org.apache.commons.cli.PosixParserTest
[WARNING] Tests run: 58, Failures: 0, Errors: 0, Skipped: 9, Time elapsed: 0.013 s - in org.apache.commons.cli.PosixParserTest
[INFO] Running org.apache.commons.cli.ValuesTest
[INFO] Tests run: 7, Failures: 0, Errors: 0, Skipped: 0, Time elapsed: 0.001 s - in org.apache.commons.cli.ValuesTest
[INFO] Running org.apache.commons.cli.OptionsTest
[INFO] Tests run: 10, Failures: 0, Errors: 0, Skipped: 0, Time elapsed: 0.001 s - in org.apache.commons.cli.OptionsTest
[INFO] Running org.apache.commons.cli.DefaultParserTest
[INFO] Tests run: 58, Failures: 0, Errors: 0, Skipped: 0, Time elapsed: 0.016 s - in org.apache.commons.cli.DefaultParserTest
[INFO] Running org.apache.commons.cli.PatternOptionBuilderTest
[INFO] Tests run: 10, Failures: 0, Errors: 0, Skipped: 0, Time elapsed: 0.031 s - in org.apache.commons.cli.PatternOptionBuilderTest
[INFO] Running org.apache.commons.cli.bug.BugCLI13Test
[INFO] Tests run: 1, Failures: 0, Errors: 0, Skipped: 0, Time elapsed: 0.001 s - in org.apache.commons.cli.bug.BugCLI13Test
[INFO] Running org.apache.commons.cli.bug.BugCLI266Test
[INFO] Tests run: 2, Failures: 0, Errors: 0, Skipped: 0, Time elapsed: 0.005 s - in org.apache.commons.cli.bug.BugCLI266Test
[INFO] Running org.apache.commons.cli.bug.BugCLI71Test
[INFO] Tests run: 4, Failures: 0, Errors: 0, Skipped: 0, Time elapsed: 0 s - in org.apache.commons.cli.bug.BugCLI71Test
[INFO] Running org.apache.commons.cli.bug.BugCLI18Test
[INFO] Tests run: 1, Failures: 0, Errors: 0, Skipped: 0, Time elapsed: 0 s - in org.apache.commons.cli.bug.BugCLI18Test
[INFO] Running org.apache.commons.cli.bug.BugCLI133Test
[INFO] Tests run: 1, Failures: 0, Errors: 0, Skipped: 0, Time elapsed: 0 s - in org.apache.commons.cli.bug.BugCLI133Test
[INFO] Running org.apache.commons.cli.bug.BugCLI162Test
[INFO] Tests run: 4, Failures: 0, Errors: 0, Skipped: 0, Time elapsed: 0.001 s - in org.apache.commons.cli.bug.BugCLI162Test
[INFO] Running org.apache.commons.cli.bug.BugCLI252Test
[INFO] Tests run: 2, Failures: 0, Errors: 0, Skipped: 0, Time elapsed: 0 s - in org.apache.commons.cli.bug.BugCLI252Test
[INFO] Running org.apache.commons.cli.bug.BugCLI148Test
[INFO] Tests run: 2, Failures: 0, Errors: 0, Skipped: 0, Time elapsed: 0 s - in org.apache.commons.cli.bug.BugCLI148Test
[INFO] Running org.apache.commons.cli.bug.BugCLI265Test
[INFO] Tests run: 3, Failures: 0, Errors: 0, Skipped: 0, Time elapsed: 0 s - in org.apache.commons.cli.bug.BugCLI265Test
[INFO] Running org.apache.commons.cli.bug.BugsTest
[INFO] Tests run: 12, Failures: 0, Errors: 0, Skipped: 0, Time elapsed: 0 s - in org.apache.commons.cli.bug.BugsTest
[INFO] Running org.apache.commons.cli.DisablePartialMatchingTest
[INFO] Tests run: 2, Failures: 0, Errors: 0, Skipped: 0, Time elapsed: 0 s - in org.apache.commons.cli.DisablePartialMatchingTest
[INFO] Running org.apache.commons.cli.ValueTest
[INFO] Tests run: 24, Failures: 0, Errors: 0, Skipped: 0, Time elapsed: 0.001 s - in org.apache.commons.cli.ValueTest
[INFO] Running org.apache.commons.cli.BasicParserTest
[WARNING] Tests run: 58, Failures: 0, Errors: 0, Skipped: 24, Time elapsed: 0.001 s - in org.apache.commons.cli.BasicParserTest
[INFO] Running org.apache.commons.cli.ApplicationTest
[INFO] Tests run: 5, Failures: 0, Errors: 0, Skipped: 0, Time elapsed: 0.001 s - in org.apache.commons.cli.ApplicationTest
[INFO] Running org.apache.commons.cli.GnuParserTest
[WARNING] Tests run: 58, Failures: 0, Errors: 0, Skipped: 21, Time elapsed: 0.002 s - in org.apache.commons.cli.GnuParserTest
[INFO] Running org.apache.commons.cli.UtilTest
[INFO] Tests run: 2, Failures: 0, Errors: 0, Skipped: 0, Time elapsed: 0 s - in org.apache.commons.cli.UtilTest
[INFO] Running org.apache.commons.cli.CommandLineTest
[INFO] Tests run: 8, Failures: 0, Errors: 0, Skipped: 0, Time elapsed: 0 s - in org.apache.commons.cli.CommandLineTest
[INFO] Running org.apache.commons.cli.HelpFormatterTest
[INFO] Tests run: 25, Failures: 0, Errors: 0, Skipped: 0, Time elapsed: 0.001 s - in org.apache.commons.cli.HelpFormatterTest
[INFO] Running org.apache.commons.cli.OptionTest
[INFO] Tests run: 10, Failures: 0, Errors: 0, Skipped: 0, Time elapsed: 0 s - in org.apache.commons.cli.OptionTest
[INFO] Running org.apache.commons.cli.TypeHandlerTest
[INFO] Tests run: 17, Failures: 0, Errors: 0, Skipped: 0, Time elapsed: 0.007 s - in org.apache.commons.cli.TypeHandlerTest
[INFO] Running org.apache.commons.cli.OptionGroupTest
[INFO] Tests run: 13, Failures: 0, Errors: 0, Skipped: 0, Time elapsed: 0.002 s - in org.apache.commons.cli.OptionGroupTest
[INFO] 
[INFO] Results:
[INFO] 
[WARNING] Tests run: 409, Failures: 0, Errors: 0, Skipped: 54
[INFO] 
[INFO] ------------------------------------------------------------------------
[INFO] BUILD SUCCESS
[INFO] ------------------------------------------------------------------------
[INFO] Total time:  8.512 s
[INFO] Finished at: 2020-05-18T14:11:59-06:00
[INFO] ------------------------------------------------------------------------
