[INFO] Scanning for projects...
[WARNING] The project org.apache.commons:commons-imaging:jar:1.0-SNAPSHOT uses prerequisites which is only intended for maven-plugin projects but not for non maven-plugin projects. For such purposes you should use the maven-enforcer-plugin. See https://maven.apache.org/enforcer/enforcer-rules/requireMavenVersion.html
[INFO] 
[INFO] -----------------< org.apache.commons:commons-imaging >-----------------
[INFO] Building Apache Commons Imaging 1.0-SNAPSHOT
[INFO] --------------------------------[ jar ]---------------------------------
[INFO] 
[INFO] >>> hyrts-maven-plugin:1.0.1:HyRTS (default-cli) > test-compile @ commons-imaging >>>
[INFO] 
[INFO] --- maven-enforcer-plugin:1.4.1:enforce (enforce-maven-3) @ commons-imaging ---
[INFO] 
[INFO] --- build-helper-maven-plugin:1.10:parse-version (parse-version) @ commons-imaging ---
[INFO] 
[INFO] --- maven-antrun-plugin:1.8:run (javadoc.resources) @ commons-imaging ---
[INFO] Executing tasks

main:
     [copy] Copying 2 files to /s/smith/b/nobackup/mkshin/Spring2020/Research/HyRTS/commonsImaging/workingDir/target/apidocs/META-INF
[INFO] Executed tasks
[INFO] 
[INFO] --- maven-remote-resources-plugin:1.5:process (process-resource-bundles) @ commons-imaging ---
[INFO] 
[INFO] --- buildnumber-maven-plugin:1.4:create (default) @ commons-imaging ---
[INFO] Executing: /bin/sh -c cd '/s/smith/b/nobackup/mkshin/Spring2020/Research/HyRTS/commonsImaging/workingDir' && 'git' 'rev-parse' '--verify' 'HEAD'
[INFO] Working directory: /s/smith/b/nobackup/mkshin/Spring2020/Research/HyRTS/commonsImaging/workingDir
[INFO] Storing buildNumber: ?????? at timestamp: 1589892337707
[WARNING] Cannot get the branch information from the git repository: 
Detecting the current branch failed: fatal: not a git repository (or any parent up to mount point /s/smith)
Stopping at filesystem boundary (GIT_DISCOVERY_ACROSS_FILESYSTEM not set).

[INFO] Executing: /bin/sh -c cd '/s/smith/b/nobackup/mkshin/Spring2020/Research/HyRTS/commonsImaging/workingDir' && 'git' 'rev-parse' '--verify' 'HEAD'
[INFO] Working directory: /s/smith/b/nobackup/mkshin/Spring2020/Research/HyRTS/commonsImaging/workingDir
[INFO] Storing buildScmBranch: UNKNOWN_BRANCH
[INFO] 
[INFO] --- maven-resources-plugin:2.7:resources (default-resources) @ commons-imaging ---
[INFO] Using 'UTF-8' encoding to copy filtered resources.
[INFO] Copying 1 resource
[INFO] Copying 2 resources to META-INF
[INFO] 
[INFO] --- maven-compiler-plugin:3.6.0:compile (default-compile) @ commons-imaging ---
[INFO] Changes detected - recompiling the module!
[INFO] Compiling 343 source files to /s/smith/b/nobackup/mkshin/Spring2020/Research/HyRTS/commonsImaging/workingDir/target/classes
[INFO] 
[INFO] --- maven-bundle-plugin:3.0.1:manifest (bundle-manifest) @ commons-imaging ---
[INFO] 
[INFO] --- animal-sniffer-maven-plugin:1.16:check (checkAPIcompatibility) @ commons-imaging ---
[INFO] Checking unresolved references to org.codehaus.mojo.signature:java17:1.0
[INFO] 
[INFO] --- maven-resources-plugin:2.7:testResources (default-testResources) @ commons-imaging ---
[INFO] Using 'UTF-8' encoding to copy filtered resources.
[INFO] skip non existing resourceDirectory /s/smith/b/nobackup/mkshin/Spring2020/Research/HyRTS/commonsImaging/workingDir/src/test/resources
[INFO] Copying 2 resources to META-INF
[INFO] 
[INFO] --- maven-compiler-plugin:3.6.0:testCompile (default-testCompile) @ commons-imaging ---
[INFO] Changes detected - recompiling the module!
[INFO] Compiling 148 source files to /s/smith/b/nobackup/mkshin/Spring2020/Research/HyRTS/commonsImaging/workingDir/target/test-classes
[INFO] 
[INFO] <<< hyrts-maven-plugin:1.0.1:HyRTS (default-cli) < test-compile @ commons-imaging <<<
[INFO] 
[INFO] 
[INFO] --- hyrts-maven-plugin:1.0.1:HyRTS (default-cli) @ commons-imaging ---
[HyRTS] Extracted changes: 0 1 1 0 0 0 0 0 0 0 0 0 0 0 0 1 0 0 0 0 0 0 0 0 0 0 0 1
[HyRTS] RTS excluded 92 out of 111 test classes using 362ms 

-------------------------------------------------------
 T E S T S
-------------------------------------------------------
Running org.apache.commons.imaging.common.bytesource.ByteSourceImageTest
Tests run: 164, Failures: 0, Errors: 0, Skipped: 0, Time elapsed: 2.903 sec - in org.apache.commons.imaging.common.bytesource.ByteSourceImageTest
Running org.apache.commons.imaging.formats.jpeg.exif.ExifDumpTest
Tests run: 16, Failures: 0, Errors: 0, Skipped: 0, Time elapsed: 0.001 sec - in org.apache.commons.imaging.formats.jpeg.exif.ExifDumpTest
Running org.apache.commons.imaging.formats.jpeg.exif.ExifRewriteTest
Tests run: 4, Failures: 0, Errors: 0, Skipped: 0, Time elapsed: 0.285 sec - in org.apache.commons.imaging.formats.jpeg.exif.ExifRewriteTest
Running org.apache.commons.imaging.formats.jpeg.exif.GpsTest
Tests run: 8, Failures: 0, Errors: 0, Skipped: 0, Time elapsed: 0.011 sec - in org.apache.commons.imaging.formats.jpeg.exif.GpsTest
Running org.apache.commons.imaging.formats.jpeg.exif.MicrosoftTagTest
Tests run: 2, Failures: 0, Errors: 0, Skipped: 0, Time elapsed: 0.016 sec - in org.apache.commons.imaging.formats.jpeg.exif.MicrosoftTagTest
Running org.apache.commons.imaging.formats.jpeg.exif.WriteExifMetadataExampleTest
Tests run: 10, Failures: 0, Errors: 0, Skipped: 0, Time elapsed: 0.043 sec - in org.apache.commons.imaging.formats.jpeg.exif.WriteExifMetadataExampleTest
Running org.apache.commons.imaging.formats.jpeg.exif.AsciiFieldTest
Tests run: 1, Failures: 0, Errors: 0, Skipped: 0, Time elapsed: 0.004 sec - in org.apache.commons.imaging.formats.jpeg.exif.AsciiFieldTest
Running org.apache.commons.imaging.formats.jpeg.exif.TextFieldTest
Tests run: 8, Failures: 0, Errors: 0, Skipped: 0, Time elapsed: 0.007 sec - in org.apache.commons.imaging.formats.jpeg.exif.TextFieldTest
Running org.apache.commons.imaging.formats.jpeg.exif.MakerNoteFieldTest
Tests run: 8, Failures: 0, Errors: 0, Skipped: 0, Time elapsed: 0.009 sec - in org.apache.commons.imaging.formats.jpeg.exif.MakerNoteFieldTest
Running org.apache.commons.imaging.formats.jpeg.JpegReadTest
Tests run: 10, Failures: 0, Errors: 0, Skipped: 0, Time elapsed: 2.06 sec - in org.apache.commons.imaging.formats.jpeg.JpegReadTest
Running org.apache.commons.imaging.formats.jpeg.segments.NegSizeSegmentTest
Tests run: 1, Failures: 0, Errors: 0, Skipped: 0, Time elapsed: 0.007 sec - in org.apache.commons.imaging.formats.jpeg.segments.NegSizeSegmentTest
Running org.apache.commons.imaging.formats.jpeg.iptc.IptcAddTest
Tests run: 10, Failures: 0, Errors: 0, Skipped: 0, Time elapsed: 0.003 sec - in org.apache.commons.imaging.formats.jpeg.iptc.IptcAddTest
Running org.apache.commons.imaging.formats.jpeg.iptc.IptcFullDiscardTest
Tests run: 2, Failures: 0, Errors: 0, Skipped: 0, Time elapsed: 0.077 sec - in org.apache.commons.imaging.formats.jpeg.iptc.IptcFullDiscardTest
Running org.apache.commons.imaging.formats.jpeg.iptc.IptcDumpTest
Tests run: 4, Failures: 0, Errors: 0, Skipped: 0, Time elapsed: 0.006 sec - in org.apache.commons.imaging.formats.jpeg.iptc.IptcDumpTest
Running org.apache.commons.imaging.formats.jpeg.iptc.IptcUpdateTest
Tests run: 16, Failures: 0, Errors: 0, Skipped: 0, Time elapsed: 0.016 sec - in org.apache.commons.imaging.formats.jpeg.iptc.IptcUpdateTest
Running org.apache.commons.imaging.formats.jpeg.xmp.JpegXmpDumpTest
Tests run: 5, Failures: 0, Errors: 0, Skipped: 0, Time elapsed: 0.006 sec - in org.apache.commons.imaging.formats.jpeg.xmp.JpegXmpDumpTest
Running org.apache.commons.imaging.formats.jpeg.xmp.JpegXmpRewriteTest
Tests run: 5, Failures: 0, Errors: 0, Skipped: 0, Time elapsed: 0.014 sec - in org.apache.commons.imaging.formats.jpeg.xmp.JpegXmpRewriteTest
Running org.apache.commons.imaging.formats.jpeg.JpegWithJpegThumbnailTest
Tests run: 1, Failures: 0, Errors: 0, Skipped: 0, Time elapsed: 0.008 sec - in org.apache.commons.imaging.formats.jpeg.JpegWithJpegThumbnailTest
Running org.apache.commons.imaging.formats.xmp.XmpUpdateTest
Tests run: 1, Failures: 0, Errors: 0, Skipped: 0, Time elapsed: 0.16 sec - in org.apache.commons.imaging.formats.xmp.XmpUpdateTest
Running org.apache.commons.imaging.formats.xmp.XmpDumpTest
Tests run: 1, Failures: 0, Errors: 0, Skipped: 0, Time elapsed: 0.008 sec - in org.apache.commons.imaging.formats.xmp.XmpDumpTest

Results :

Tests run: 277, Failures: 0, Errors: 0, Skipped: 0

[INFO] ------------------------------------------------------------------------
[INFO] BUILD SUCCESS
[INFO] ------------------------------------------------------------------------
[INFO] Total time: 17.128 s
[INFO] Finished at: 2020-05-19T06:45:52-06:00
[INFO] ------------------------------------------------------------------------
