[INFO] Scanning for projects...
[INFO] 
[INFO] ----------------------< commons-net:commons-net >-----------------------
[INFO] Building Apache Commons Net 3.6-SNAPSHOT
[INFO] --------------------------------[ jar ]---------------------------------
[INFO] 
[INFO] >>> ekstazi-maven-plugin:4.6.3:ekstazi (default-cli) > [ekstazi]test @ commons-net >>>
[INFO] 
[INFO] --- maven-enforcer-plugin:1.4.1:enforce (enforce-maven-3) @ commons-net ---
[INFO] 
[INFO] --- build-helper-maven-plugin:1.10:parse-version (parse-version) @ commons-net ---
[INFO] 
[INFO] --- maven-antrun-plugin:1.8:run (javadoc.resources) @ commons-net ---
[INFO] Executing tasks

main:
     [copy] Copying 2 files to /s/smith/b/nobackup/mkshin/Spring2020/Research/Ekstazi/commonsNet/workingDir/target/apidocs/META-INF
[INFO] Executed tasks
[INFO] 
[INFO] --- maven-remote-resources-plugin:1.5:process (default) @ commons-net ---
[INFO] 
[INFO] --- buildnumber-maven-plugin:1.4:create (default) @ commons-net ---
[INFO] Executing: /bin/sh -c cd '/s/smith/b/nobackup/mkshin/Spring2020/Research/Ekstazi/commonsNet/workingDir' && 'svn' '--non-interactive' 'info'
[INFO] Working directory: /s/smith/b/nobackup/mkshin/Spring2020/Research/Ekstazi/commonsNet/workingDir
[INFO] Storing buildNumber: ?????? at timestamp: 1589866033114
[INFO] Executing: /bin/sh -c cd '/s/smith/b/nobackup/mkshin/Spring2020/Research/Ekstazi/commonsNet/workingDir' && 'svn' '--non-interactive' 'info'
[INFO] Working directory: /s/smith/b/nobackup/mkshin/Spring2020/Research/Ekstazi/commonsNet/workingDir
[INFO] Storing buildScmBranch: UNKNOWN_BRANCH
[INFO] 
[INFO] --- maven-resources-plugin:2.7:resources (default-resources) @ commons-net ---
[INFO] Using 'iso-8859-1' encoding to copy filtered resources.
[INFO] Copying 1 resource
[INFO] Copying 2 resources to META-INF
[INFO] 
[INFO] --- maven-compiler-plugin:3.5.1:compile (default-compile) @ commons-net ---
[INFO] Changes detected - recompiling the module!
[INFO] Compiling 189 source files to /s/smith/b/nobackup/mkshin/Spring2020/Research/Ekstazi/commonsNet/workingDir/target/classes
[INFO] 
[INFO] --- maven-bundle-plugin:3.0.1:manifest (bundle-manifest) @ commons-net ---
[INFO] 
[INFO] --- animal-sniffer-maven-plugin:1.15:check (checkAPIcompatibility) @ commons-net ---
[INFO] Checking unresolved references to org.codehaus.mojo.signature:java16:1.0
[INFO] 
[INFO] --- maven-resources-plugin:2.7:testResources (default-testResources) @ commons-net ---
[INFO] Using 'iso-8859-1' encoding to copy filtered resources.
[INFO] skip non existing resourceDirectory /s/smith/b/nobackup/mkshin/Spring2020/Research/Ekstazi/commonsNet/workingDir/src/test/resources
[INFO] Copying 2 resources to META-INF
[INFO] 
[INFO] --- maven-compiler-plugin:3.5.1:testCompile (default-testCompile) @ commons-net ---
[INFO] Changes detected - recompiling the module!
[INFO] Compiling 60 source files to /s/smith/b/nobackup/mkshin/Spring2020/Research/Ekstazi/commonsNet/workingDir/target/test-classes
[INFO] 
[INFO] --- ekstazi-maven-plugin:4.6.3:select (ekstazi) @ commons-net ---
[INFO] 
[INFO] --- ekstazi-maven-plugin:4.6.3:select (default-cli) @ commons-net ---
[INFO] 
[INFO] --- maven-surefire-plugin:2.19.1:test (default-test) @ commons-net ---

-------------------------------------------------------
 T E S T S
-------------------------------------------------------
Running org.apache.commons.net.SocketClientTest
Tests run: 1, Failures: 0, Errors: 0, Skipped: 0, Time elapsed: 0.085 sec - in org.apache.commons.net.SocketClientTest
Running org.apache.commons.net.ftp.FTPClientConfigTest
Tests run: 6, Failures: 0, Errors: 0, Skipped: 0, Time elapsed: 0.036 sec - in org.apache.commons.net.ftp.FTPClientConfigTest
Running org.apache.commons.net.ftp.parser.OS2FTPEntryParserTest
Tests run: 6, Failures: 0, Errors: 0, Skipped: 0, Time elapsed: 0.039 sec - in org.apache.commons.net.ftp.parser.OS2FTPEntryParserTest
Running org.apache.commons.net.ftp.parser.MVSFTPEntryParserTest
Tests run: 9, Failures: 0, Errors: 0, Skipped: 0, Time elapsed: 0.022 sec - in org.apache.commons.net.ftp.parser.MVSFTPEntryParserTest
Running org.apache.commons.net.ftp.parser.OS400FTPEntryParserAdditionalTest
Tests run: 8, Failures: 0, Errors: 0, Skipped: 0, Time elapsed: 0.027 sec - in org.apache.commons.net.ftp.parser.OS400FTPEntryParserAdditionalTest
Running org.apache.commons.net.ftp.parser.UnixFTPEntryParserTest
Tests run: 21, Failures: 0, Errors: 0, Skipped: 0, Time elapsed: 0.046 sec - in org.apache.commons.net.ftp.parser.UnixFTPEntryParserTest
Running org.apache.commons.net.ftp.parser.NetwareFTPEntryParserTest
Tests run: 6, Failures: 0, Errors: 0, Skipped: 0, Time elapsed: 0.016 sec - in org.apache.commons.net.ftp.parser.NetwareFTPEntryParserTest
Running org.apache.commons.net.ftp.parser.DefaultFTPFileEntryParserFactoryTest
Tests run: 2, Failures: 0, Errors: 0, Skipped: 0, Time elapsed: 0.023 sec - in org.apache.commons.net.ftp.parser.DefaultFTPFileEntryParserFactoryTest
Running org.apache.commons.net.ftp.parser.MacOsPeterFTPEntryParserTest
Tests run: 6, Failures: 0, Errors: 0, Skipped: 0, Time elapsed: 0.013 sec - in org.apache.commons.net.ftp.parser.MacOsPeterFTPEntryParserTest
Running org.apache.commons.net.ftp.parser.OS400FTPEntryParserTest
Tests run: 9, Failures: 0, Errors: 0, Skipped: 0, Time elapsed: 0.017 sec - in org.apache.commons.net.ftp.parser.OS400FTPEntryParserTest
Running org.apache.commons.net.ftp.parser.VMSFTPEntryParserTest
Tests run: 8, Failures: 0, Errors: 0, Skipped: 0, Time elapsed: 0.021 sec - in org.apache.commons.net.ftp.parser.VMSFTPEntryParserTest
Running org.apache.commons.net.ftp.parser.FTPTimestampParserImplTest
Tests run: 18, Failures: 0, Errors: 0, Skipped: 0, Time elapsed: 0.037 sec - in org.apache.commons.net.ftp.parser.FTPTimestampParserImplTest
Running org.apache.commons.net.ftp.parser.NTFTPEntryParserTest
Tests run: 14, Failures: 0, Errors: 0, Skipped: 0, Time elapsed: 0.03 sec - in org.apache.commons.net.ftp.parser.NTFTPEntryParserTest
Running org.apache.commons.net.ftp.parser.FTPConfigEntryParserTest
Tests run: 2, Failures: 0, Errors: 0, Skipped: 0, Time elapsed: 0.007 sec - in org.apache.commons.net.ftp.parser.FTPConfigEntryParserTest
Running org.apache.commons.net.ftp.TestConnectTimeout
Tests run: 1, Failures: 0, Errors: 0, Skipped: 0, Time elapsed: 1.016 sec - in org.apache.commons.net.ftp.TestConnectTimeout
Running org.apache.commons.net.ftp.FTPClientTest
Tests run: 11, Failures: 0, Errors: 0, Skipped: 0, Time elapsed: 0.017 sec - in org.apache.commons.net.ftp.FTPClientTest

Results :

Tests run: 128, Failures: 0, Errors: 0, Skipped: 0

[INFO] 
[INFO] <<< ekstazi-maven-plugin:4.6.3:ekstazi (default-cli) < [ekstazi]test @ commons-net <<<
[INFO] 
[INFO] 
[INFO] --- ekstazi-maven-plugin:4.6.3:ekstazi (default-cli) @ commons-net ---
[INFO] ------------------------------------------------------------------------
[INFO] BUILD SUCCESS
[INFO] ------------------------------------------------------------------------
[INFO] Total time: 11.104 s
[INFO] Finished at: 2020-05-18T23:27:21-06:00
[INFO] ------------------------------------------------------------------------
