[INFO] Scanning for projects...
[INFO] 
[INFO] -----------------< org.apache.commons:commons-imaging >-----------------
[INFO] Building Apache Commons Imaging 1.0-alpha2-SNAPSHOT
[INFO] --------------------------------[ jar ]---------------------------------
[INFO] 
[INFO] --- clover-maven-plugin:4.4.1:setup (default-cli) @ commons-imaging ---
[INFO] OpenClover Version 4.4.1, built on October 11 2019 (build-1020)
[INFO] Updating existing database at '/s/chopin/a/grad/mkshin/newResearch2/Clover/commonsImaging/workingDir3/target/clover/clover.db'.
[INFO] Processing files at 1.8 source level.
[INFO] Clover all over. Instrumented 360 files (42 packages).
[INFO] OpenClover Version 4.4.1, built on October 11 2019 (build-1020)
[INFO] Updating existing database at '/s/chopin/a/grad/mkshin/newResearch2/Clover/commonsImaging/workingDir3/target/clover/clover.db'.
[INFO] Processing files at 1.8 source level.
[INFO] Clover all over. Instrumented 150 files (39 packages).
[INFO] 215 test methods detected.
[INFO] 
[INFO] --- clover-maven-plugin:4.4.1:optimize (default-cli) @ commons-imaging ---
[INFO] Adding fileset: directory=/s/chopin/a/grad/mkshin/newResearch2/Clover/commonsImaging/workingDir3/target/clover/src-test-instrumented, includes=[**/Test*.java, **/*Test.java, **/*TestCase.java], excludes=null
[INFO] Clover estimates having saved around 17 seconds on this optimized test run. The full test run takes approx. 2 minutes
[INFO] Clover included 82 test classes in this run (total # test classes : 137)
[INFO] 
[INFO] --- maven-enforcer-plugin:3.0.0-M2:enforce (enforce-maven-version) @ commons-imaging ---
[INFO] 
[INFO] --- maven-enforcer-plugin:3.0.0-M2:enforce (enforce-maven-3) @ commons-imaging ---
[INFO] 
[INFO] --- apache-rat-plugin:0.13:check (rat-check) @ commons-imaging ---
[INFO] RAT will not execute since it is configured to be skipped via system property 'rat.skip'.
[INFO] 
[INFO] --- build-helper-maven-plugin:3.0.0:parse-version (parse-version) @ commons-imaging ---
[INFO] 
[INFO] --- maven-antrun-plugin:1.8:run (javadoc.resources) @ commons-imaging ---
[INFO] Executing tasks

main:
     [copy] Copying 2 files to /s/chopin/a/grad/mkshin/newResearch2/Clover/commonsImaging/workingDir3/target/apidocs/META-INF
[INFO] Executed tasks
[INFO] 
[INFO] --- maven-remote-resources-plugin:1.5:process (process-resource-bundles) @ commons-imaging ---
[INFO] 
[INFO] --- buildnumber-maven-plugin:1.4:create (default) @ commons-imaging ---
[INFO] Executing: /bin/sh -c cd '/s/chopin/a/grad/mkshin/newResearch2/Clover/commonsImaging/workingDir3' && 'git' 'rev-parse' '--verify' 'HEAD'
[INFO] Working directory: /s/chopin/a/grad/mkshin/newResearch2/Clover/commonsImaging/workingDir3
[INFO] Storing buildNumber: ?????? at timestamp: 1623338594045
[WARNING] Cannot get the branch information from the git repository: 
Detecting the current branch failed: fatal: not a git repository (or any parent up to mount point /s/chopin)
Stopping at filesystem boundary (GIT_DISCOVERY_ACROSS_FILESYSTEM not set).

[INFO] Executing: /bin/sh -c cd '/s/chopin/a/grad/mkshin/newResearch2/Clover/commonsImaging/workingDir3' && 'git' 'rev-parse' '--verify' 'HEAD'
[INFO] Working directory: /s/chopin/a/grad/mkshin/newResearch2/Clover/commonsImaging/workingDir3
[INFO] Storing buildScmBranch: UNKNOWN_BRANCH
[INFO] 
[INFO] --- maven-resources-plugin:3.1.0:resources (default-resources) @ commons-imaging ---
[INFO] Using 'UTF-8' encoding to copy filtered resources.
[INFO] Copying 1 resource
[INFO] Copying 2 resources to META-INF
[INFO] Copying 1 resource
[INFO] 
[INFO] --- maven-compiler-plugin:3.8.0:compile (default-compile) @ commons-imaging ---
[INFO] Changes detected - recompiling the module!
[INFO] Compiling 360 source files to /s/chopin/a/grad/mkshin/newResearch2/Clover/commonsImaging/workingDir3/target/classes
[INFO] 
[INFO] --- maven-bundle-plugin:4.1.0:manifest (bundle-manifest) @ commons-imaging ---
[INFO] 
[INFO] --- animal-sniffer-maven-plugin:1.17:check (checkAPIcompatibility) @ commons-imaging ---
[INFO] Checking unresolved references to org.codehaus.mojo.signature:java17:1.0
[INFO] 
[INFO] --- maven-resources-plugin:3.1.0:testResources (default-testResources) @ commons-imaging ---
[INFO] Using 'UTF-8' encoding to copy filtered resources.
[INFO] Copying 3 resources
[INFO] Copying 2 resources to META-INF
[INFO] 
[INFO] --- maven-compiler-plugin:3.8.0:testCompile (default-testCompile) @ commons-imaging ---
[INFO] Changes detected - recompiling the module!
[INFO] Compiling 150 source files to /s/chopin/a/grad/mkshin/newResearch2/Clover/commonsImaging/workingDir3/target/test-classes
[INFO] 
[INFO] --- jacoco-maven-plugin:0.8.3:prepare-agent (prepare-agent) @ commons-imaging ---
[INFO] argLine set to -javaagent:/s/chopin/a/grad/mkshin/.m2/repository/org/jacoco/org.jacoco.agent/0.8.3/org.jacoco.agent-0.8.3-runtime.jar=destfile=/s/chopin/a/grad/mkshin/newResearch2/Clover/commonsImaging/workingDir3/target/jacoco.exec -Xmx512m
[INFO] 
[INFO] --- maven-surefire-plugin:2.22.1:test (default-test) @ commons-imaging ---
[INFO] 
[INFO] -------------------------------------------------------
[INFO]  T E S T S
[INFO] -------------------------------------------------------
[INFO] Running org.apache.commons.imaging.ImageDumpTest
[INFO] Tests run: 2, Failures: 0, Errors: 0, Skipped: 0, Time elapsed: 0.186 s - in org.apache.commons.imaging.ImageDumpTest
[INFO] Running org.apache.commons.imaging.palette.PaletteQuantizationTest
[INFO] Tests run: 1, Failures: 0, Errors: 0, Skipped: 0, Time elapsed: 0.832 s - in org.apache.commons.imaging.palette.PaletteQuantizationTest
[INFO] Running org.apache.commons.imaging.roundtrip.LimitedColorRoundtripTest
[INFO] Tests run: 1, Failures: 0, Errors: 0, Skipped: 0, Time elapsed: 5.816 s - in org.apache.commons.imaging.roundtrip.LimitedColorRoundtripTest
[INFO] Running org.apache.commons.imaging.roundtrip.BitmapRoundtripTest
[INFO] Tests run: 1, Failures: 0, Errors: 0, Skipped: 0, Time elapsed: 8.849 s - in org.apache.commons.imaging.roundtrip.BitmapRoundtripTest
[INFO] Running org.apache.commons.imaging.roundtrip.GrayscaleRountripTest
[INFO] Tests run: 1, Failures: 0, Errors: 0, Skipped: 0, Time elapsed: 11.967 s - in org.apache.commons.imaging.roundtrip.GrayscaleRountripTest
[INFO] Running org.apache.commons.imaging.roundtrip.NullParametersRoundtripTest
[INFO] Tests run: 1, Failures: 0, Errors: 0, Skipped: 0, Time elapsed: 0.024 s - in org.apache.commons.imaging.roundtrip.NullParametersRoundtripTest
[INFO] Running org.apache.commons.imaging.common.bytesource.ByteSourceImageTest
[INFO] Tests run: 164, Failures: 0, Errors: 0, Skipped: 0, Time elapsed: 12.128 s - in org.apache.commons.imaging.common.bytesource.ByteSourceImageTest
[INFO] Running org.apache.commons.imaging.common.bytesource.ByteSourceDataTest
[INFO] Tests run: 20, Failures: 0, Errors: 0, Skipped: 0, Time elapsed: 0.143 s - in org.apache.commons.imaging.common.bytesource.ByteSourceDataTest
[INFO] Running org.apache.commons.imaging.common.RationalNumberTest
[INFO] Tests run: 65, Failures: 0, Errors: 0, Skipped: 0, Time elapsed: 0.263 s - in org.apache.commons.imaging.common.RationalNumberTest
[INFO] Running org.apache.commons.imaging.ImagingGuessFormatTest
[INFO] Tests run: 11, Failures: 0, Errors: 0, Skipped: 0, Time elapsed: 0.042 s - in org.apache.commons.imaging.ImagingGuessFormatTest
[INFO] Running org.apache.commons.imaging.formats.icns.IcnsRoundTripTest
[INFO] Tests run: 8, Failures: 0, Errors: 0, Skipped: 0, Time elapsed: 0.037 s - in org.apache.commons.imaging.formats.icns.IcnsRoundTripTest
[INFO] Running org.apache.commons.imaging.formats.icns.IcnsReadTest
[WARNING] Tests run: 9, Failures: 0, Errors: 0, Skipped: 3, Time elapsed: 0.065 s - in org.apache.commons.imaging.formats.icns.IcnsReadTest
[INFO] Running org.apache.commons.imaging.formats.pnm.PnmImageParserTest
[INFO] Tests run: 5, Failures: 0, Errors: 0, Skipped: 0, Time elapsed: 0.016 s - in org.apache.commons.imaging.formats.pnm.PnmImageParserTest
[INFO] Running org.apache.commons.imaging.formats.wbmp.WbmpReadTest
[INFO] Tests run: 1, Failures: 0, Errors: 0, Skipped: 0, Time elapsed: 0.007 s - in org.apache.commons.imaging.formats.wbmp.WbmpReadTest
[INFO] Running org.apache.commons.imaging.formats.bmp.BmpRoundtripTest
[INFO] Tests run: 6, Failures: 0, Errors: 0, Skipped: 0, Time elapsed: 0.522 s - in org.apache.commons.imaging.formats.bmp.BmpRoundtripTest
[INFO] Running org.apache.commons.imaging.formats.bmp.BmpReadTest
[WARNING] Tests run: 20, Failures: 0, Errors: 0, Skipped: 5, Time elapsed: 0.106 s - in org.apache.commons.imaging.formats.bmp.BmpReadTest
[INFO] Running org.apache.commons.imaging.formats.dcx.DcxReadTest
[WARNING] Tests run: 3, Failures: 0, Errors: 0, Skipped: 2, Time elapsed: 0.087 s - in org.apache.commons.imaging.formats.dcx.DcxReadTest
[INFO] Running org.apache.commons.imaging.formats.ico.IcoReadTest
[WARNING] Tests run: 3, Failures: 0, Errors: 0, Skipped: 2, Time elapsed: 0.029 s - in org.apache.commons.imaging.formats.ico.IcoReadTest
[INFO] Running org.apache.commons.imaging.formats.ico.IcoRoundtripTest
[INFO] Tests run: 8, Failures: 0, Errors: 0, Skipped: 0, Time elapsed: 0.081 s - in org.apache.commons.imaging.formats.ico.IcoRoundtripTest
[INFO] Running org.apache.commons.imaging.formats.pam.PamReadTest
[INFO] Tests run: 1, Failures: 0, Errors: 0, Skipped: 0, Time elapsed: 0.04 s - in org.apache.commons.imaging.formats.pam.PamReadTest
[INFO] Running org.apache.commons.imaging.formats.jpeg.JpegReadTest
[INFO] Tests run: 10, Failures: 0, Errors: 0, Skipped: 0, Time elapsed: 20.63 s - in org.apache.commons.imaging.formats.jpeg.JpegReadTest
[INFO] Running org.apache.commons.imaging.formats.jpeg.JpegWithJpegThumbnailTest
[INFO] Tests run: 1, Failures: 0, Errors: 0, Skipped: 0, Time elapsed: 0.033 s - in org.apache.commons.imaging.formats.jpeg.JpegWithJpegThumbnailTest
[INFO] Running org.apache.commons.imaging.formats.jpeg.segments.AppnSegmentTest
[INFO] Tests run: 1, Failures: 0, Errors: 0, Skipped: 0, Time elapsed: 0 s - in org.apache.commons.imaging.formats.jpeg.segments.AppnSegmentTest
[INFO] Running org.apache.commons.imaging.formats.jpeg.segments.NegSizeSegmentTest
[INFO] Tests run: 1, Failures: 0, Errors: 0, Skipped: 0, Time elapsed: 0 s - in org.apache.commons.imaging.formats.jpeg.segments.NegSizeSegmentTest
[INFO] Running org.apache.commons.imaging.formats.jpeg.exif.MakerNoteFieldTest
[INFO] Tests run: 8, Failures: 0, Errors: 0, Skipped: 0, Time elapsed: 0.066 s - in org.apache.commons.imaging.formats.jpeg.exif.MakerNoteFieldTest
[INFO] Running org.apache.commons.imaging.formats.jpeg.exif.AsciiFieldTest
[INFO] Tests run: 1, Failures: 0, Errors: 0, Skipped: 0, Time elapsed: 0.002 s - in org.apache.commons.imaging.formats.jpeg.exif.AsciiFieldTest
[INFO] Running org.apache.commons.imaging.formats.jpeg.exif.WriteExifMetadataExampleTest
[INFO] Tests run: 10, Failures: 0, Errors: 0, Skipped: 0, Time elapsed: 0.15 s - in org.apache.commons.imaging.formats.jpeg.exif.WriteExifMetadataExampleTest
[INFO] Running org.apache.commons.imaging.formats.jpeg.exif.ExifDumpTest
[INFO] Tests run: 16, Failures: 0, Errors: 0, Skipped: 0, Time elapsed: 0.096 s - in org.apache.commons.imaging.formats.jpeg.exif.ExifDumpTest
[INFO] Running org.apache.commons.imaging.formats.jpeg.exif.GpsTest
[INFO] Tests run: 8, Failures: 0, Errors: 0, Skipped: 0, Time elapsed: 0.049 s - in org.apache.commons.imaging.formats.jpeg.exif.GpsTest
[INFO] Running org.apache.commons.imaging.formats.jpeg.exif.TextFieldTest
[INFO] Tests run: 8, Failures: 0, Errors: 0, Skipped: 0, Time elapsed: 0.053 s - in org.apache.commons.imaging.formats.jpeg.exif.TextFieldTest
[INFO] Running org.apache.commons.imaging.formats.jpeg.exif.ExifRewriteTest
[INFO] Tests run: 4, Failures: 0, Errors: 0, Skipped: 0, Time elapsed: 0.393 s - in org.apache.commons.imaging.formats.jpeg.exif.ExifRewriteTest
[INFO] Running org.apache.commons.imaging.formats.jpeg.exif.MicrosoftTagTest
[INFO] Tests run: 2, Failures: 0, Errors: 0, Skipped: 0, Time elapsed: 0.033 s - in org.apache.commons.imaging.formats.jpeg.exif.MicrosoftTagTest
[INFO] Running org.apache.commons.imaging.formats.jpeg.xmp.JpegXmpRewriteTest
[INFO] Tests run: 5, Failures: 0, Errors: 0, Skipped: 0, Time elapsed: 0.048 s - in org.apache.commons.imaging.formats.jpeg.xmp.JpegXmpRewriteTest
[INFO] Running org.apache.commons.imaging.formats.jpeg.xmp.JpegXmpDumpTest
[INFO] Tests run: 5, Failures: 0, Errors: 0, Skipped: 0, Time elapsed: 0.026 s - in org.apache.commons.imaging.formats.jpeg.xmp.JpegXmpDumpTest
[INFO] Running org.apache.commons.imaging.formats.jpeg.iptc.IptcAddTest
[INFO] Tests run: 10, Failures: 0, Errors: 0, Skipped: 0, Time elapsed: 0.06 s - in org.apache.commons.imaging.formats.jpeg.iptc.IptcAddTest
[INFO] Running org.apache.commons.imaging.formats.jpeg.iptc.IptcDumpTest
[INFO] Tests run: 4, Failures: 0, Errors: 0, Skipped: 0, Time elapsed: 0.023 s - in org.apache.commons.imaging.formats.jpeg.iptc.IptcDumpTest
[INFO] Running org.apache.commons.imaging.formats.jpeg.iptc.IptcFullDiscardTest
[INFO] Tests run: 2, Failures: 0, Errors: 0, Skipped: 0, Time elapsed: 0.049 s - in org.apache.commons.imaging.formats.jpeg.iptc.IptcFullDiscardTest
[INFO] Running org.apache.commons.imaging.formats.jpeg.iptc.IptcUpdateTest
[INFO] Tests run: 16, Failures: 0, Errors: 0, Skipped: 0, Time elapsed: 0.087 s - in org.apache.commons.imaging.formats.jpeg.iptc.IptcUpdateTest
[INFO] Running org.apache.commons.imaging.formats.jpeg.decoder.JpegDecoderTest
[INFO] Tests run: 1, Failures: 0, Errors: 0, Skipped: 0, Time elapsed: 0.002 s - in org.apache.commons.imaging.formats.jpeg.decoder.JpegDecoderTest
[INFO] Running org.apache.commons.imaging.formats.jpeg.JpegWithInvalidDhtSegmentTest
[INFO] Tests run: 1, Failures: 0, Errors: 0, Skipped: 0, Time elapsed: 0.004 s - in org.apache.commons.imaging.formats.jpeg.JpegWithInvalidDhtSegmentTest
[INFO] Running org.apache.commons.imaging.formats.png.ConvertPngToGifTest
[INFO] Tests run: 1, Failures: 0, Errors: 0, Skipped: 0, Time elapsed: 5.737 s - in org.apache.commons.imaging.formats.png.ConvertPngToGifTest
[INFO] Running org.apache.commons.imaging.formats.png.PngReadTest
[INFO] Tests run: 1, Failures: 0, Errors: 0, Skipped: 0, Time elapsed: 1.207 s - in org.apache.commons.imaging.formats.png.PngReadTest
[INFO] Running org.apache.commons.imaging.formats.png.PngTextTest
[INFO] Tests run: 1, Failures: 0, Errors: 0, Skipped: 0, Time elapsed: 0.011 s - in org.apache.commons.imaging.formats.png.PngTextTest
[INFO] Running org.apache.commons.imaging.formats.png.PngMultipleRoundtripTest
[INFO] Tests run: 1, Failures: 0, Errors: 0, Skipped: 0, Time elapsed: 0.903 s - in org.apache.commons.imaging.formats.png.PngMultipleRoundtripTest
[INFO] Running org.apache.commons.imaging.formats.png.PngWriteReadTest
[INFO] Tests run: 5, Failures: 0, Errors: 0, Skipped: 0, Time elapsed: 0.47 s - in org.apache.commons.imaging.formats.png.PngWriteReadTest
[INFO] Running org.apache.commons.imaging.formats.xbm.XbmReadTest
[INFO] Tests run: 1, Failures: 0, Errors: 0, Skipped: 0, Time elapsed: 0.066 s - in org.apache.commons.imaging.formats.xbm.XbmReadTest
[INFO] Running org.apache.commons.imaging.formats.tiff.write.TiffOutputSetTest
[INFO] Tests run: 1, Failures: 0, Errors: 0, Skipped: 0, Time elapsed: 0.002 s - in org.apache.commons.imaging.formats.tiff.write.TiffOutputSetTest
[INFO] Running org.apache.commons.imaging.formats.tiff.TiffReadWriteTagsTest
[INFO] Tests run: 1, Failures: 0, Errors: 0, Skipped: 0, Time elapsed: 0.001 s - in org.apache.commons.imaging.formats.tiff.TiffReadWriteTagsTest
[INFO] Running org.apache.commons.imaging.formats.tiff.TiffReadTest
[INFO] Tests run: 1, Failures: 0, Errors: 0, Skipped: 0, Time elapsed: 3.498 s - in org.apache.commons.imaging.formats.tiff.TiffReadTest
[INFO] Running org.apache.commons.imaging.formats.tiff.TiffSubImageTest
[INFO] Tests run: 1, Failures: 0, Errors: 0, Skipped: 0, Time elapsed: 0.001 s - in org.apache.commons.imaging.formats.tiff.TiffSubImageTest
[INFO] Running org.apache.commons.imaging.formats.tiff.TiffRoundtripTest
[INFO] Tests run: 1, Failures: 0, Errors: 0, Skipped: 0, Time elapsed: 128.639 s - in org.apache.commons.imaging.formats.tiff.TiffRoundtripTest
[INFO] Running org.apache.commons.imaging.formats.tiff.TiffCcittTest
[INFO] Tests run: 2, Failures: 0, Errors: 0, Skipped: 0, Time elapsed: 1.748 s - in org.apache.commons.imaging.formats.tiff.TiffCcittTest
[INFO] Running org.apache.commons.imaging.formats.pcx.PcxReadTest
[INFO] Tests run: 1, Failures: 0, Errors: 0, Skipped: 0, Time elapsed: 0.107 s - in org.apache.commons.imaging.formats.pcx.PcxReadTest
[INFO] Running org.apache.commons.imaging.formats.gif.GifReadTest
[WARNING] Tests run: 6, Failures: 0, Errors: 0, Skipped: 2, Time elapsed: 0.154 s - in org.apache.commons.imaging.formats.gif.GifReadTest
[INFO] Running org.apache.commons.imaging.formats.xmp.XmpDumpTest
[INFO] Tests run: 1, Failures: 0, Errors: 0, Skipped: 0, Time elapsed: 0.086 s - in org.apache.commons.imaging.formats.xmp.XmpDumpTest
[INFO] Running org.apache.commons.imaging.formats.xmp.XmpUpdateTest
[INFO] Tests run: 1, Failures: 0, Errors: 0, Skipped: 0, Time elapsed: 0.69 s - in org.apache.commons.imaging.formats.xmp.XmpUpdateTest
[INFO] Running org.apache.commons.imaging.formats.rgbe.RgbeReadTest
[INFO] Tests run: 2, Failures: 0, Errors: 0, Skipped: 0, Time elapsed: 0.138 s - in org.apache.commons.imaging.formats.rgbe.RgbeReadTest
[INFO] Running org.apache.commons.imaging.formats.psd.PsdReadTest
[INFO] Tests run: 1, Failures: 0, Errors: 0, Skipped: 0, Time elapsed: 0.144 s - in org.apache.commons.imaging.formats.psd.PsdReadTest
[INFO] Running org.apache.commons.imaging.formats.xpm.XpmReadTest
[INFO] Tests run: 1, Failures: 0, Errors: 0, Skipped: 0, Time elapsed: 1.02 s - in org.apache.commons.imaging.formats.xpm.XpmReadTest
[INFO] 
[INFO] Results:
[INFO] 
[WARNING] Tests run: 475, Failures: 0, Errors: 0, Skipped: 14
[INFO] 
[INFO] 
[INFO] --- animal-sniffer-maven-plugin:1.17:check (check-java-api) @ commons-imaging ---
[INFO] Checking unresolved references to org.codehaus.mojo.signature:java17:1.0
[INFO] 
[INFO] --- clover-maven-plugin:4.4.1:snapshot (default-cli) @ commons-imaging ---
[INFO] No span specified, using span of: 238s
[INFO] Saving snapshot to: /s/chopin/a/grad/mkshin/newResearch2/Clover/commonsImaging/workingDir3/.clover/clover.snapshot
[INFO] OpenClover Version 4.4.1, built on October 11 2019 (build-1020)
[INFO] Updating snapshot '/s/chopin/a/grad/mkshin/newResearch2/Clover/commonsImaging/workingDir3/.clover/clover.snapshot' against Clover database at '/s/chopin/a/grad/mkshin/newResearch2/Clover/commonsImaging/workingDir3/target/clover/clover.db'
[INFO] ------------------------------------------------------------------------
[INFO] BUILD SUCCESS
[INFO] ------------------------------------------------------------------------
[INFO] Total time:  04:00 min
[INFO] Finished at: 2021-06-10T09:27:03-06:00
[INFO] ------------------------------------------------------------------------
