[INFO] Scanning for projects...
[WARNING] 
[WARNING] Some problems were encountered while building the effective model for org.asteriskjava:asterisk-java:jar:3.5.0
[WARNING] 'version' contains an expression but should be a constant. @ org.asteriskjava:asterisk-java:${releaseVersion}, /s/chopin/a/grad/mkshin/newResearch/Ekstazi/asterisk/workingDir/pom.xml, line 8, column 11
[WARNING] 
[WARNING] It is highly recommended to fix these problems because they threaten the stability of your build.
[WARNING] 
[WARNING] For this reason, future Maven versions might no longer support building such malformed projects.
[WARNING] 
[INFO] 
[INFO] -------------------< org.asteriskjava:asterisk-java >-------------------
[INFO] Building Asterisk-Java 3.5.0
[INFO] --------------------------------[ jar ]---------------------------------
[INFO] 
[INFO] >>> ekstazi-maven-plugin:4.6.3:ekstazi (default-cli) > [ekstazi]test @ asterisk-java >>>
[INFO] 
[INFO] --- maven-resources-plugin:2.6:resources (default-resources) @ asterisk-java ---
[INFO] Using 'UTF-8' encoding to copy filtered resources.
[INFO] skip non existing resourceDirectory /s/chopin/a/grad/mkshin/newResearch/Ekstazi/asterisk/workingDir/src/main/resources
[INFO] 
[INFO] --- maven-compiler-plugin:3.2:compile (default-compile) @ asterisk-java ---
[INFO] Changes detected - recompiling the module!
[INFO] Compiling 746 source files to /s/chopin/a/grad/mkshin/newResearch/Ekstazi/asterisk/workingDir/target/classes
[INFO] /s/chopin/a/grad/mkshin/newResearch/Ekstazi/asterisk/workingDir/src/main/java/org/asteriskjava/manager/AbstractManagerEventListener.java: /s/chopin/a/grad/mkshin/newResearch/Ekstazi/asterisk/workingDir/src/main/java/org/asteriskjava/manager/AbstractManagerEventListener.java uses or overrides a deprecated API.
[INFO] /s/chopin/a/grad/mkshin/newResearch/Ekstazi/asterisk/workingDir/src/main/java/org/asteriskjava/manager/AbstractManagerEventListener.java: Recompile with -Xlint:deprecation for details.
[INFO] 
[INFO] --- bnd-maven-plugin:3.2.0:bnd-process (default) @ asterisk-java ---
[INFO] 
[INFO] --- maven-resources-plugin:2.6:testResources (default-testResources) @ asterisk-java ---
[INFO] Using 'UTF-8' encoding to copy filtered resources.
[INFO] Copying 5 resources
[INFO] 
[INFO] --- maven-compiler-plugin:3.2:testCompile (default-testCompile) @ asterisk-java ---
[INFO] Changes detected - recompiling the module!
[INFO] Compiling 58 source files to /s/chopin/a/grad/mkshin/newResearch/Ekstazi/asterisk/workingDir/target/test-classes
[INFO] 
[INFO] --- ekstazi-maven-plugin:4.6.3:select (ekstazi) @ asterisk-java ---
[INFO] 
[INFO] --- ekstazi-maven-plugin:4.6.3:select (default-cli) @ asterisk-java ---
[INFO] 
[INFO] --- maven-surefire-plugin:3.0.0-M4:test (default-test) @ asterisk-java ---
[INFO] 
[INFO] -------------------------------------------------------
[INFO]  T E S T S
[INFO] -------------------------------------------------------
[INFO] Running org.asteriskjava.fastagi.CompositeMappingStrategyTest
13:00:09.032 [main] INFO  o.a.f.ResourceBundleMappingStrategy - Added mapping for 'hello.agi' to class org.asteriskjava.fastagi.HelloAgiScript
13:00:09.036 [main] WARN  o.a.f.ResourceBundleMappingStrategy - Unable to create AgiScript instance of type java.lang.String: Class does not implement the AgiScript interface
13:00:09.037 [main] INFO  o.a.f.ResourceBundleMappingStrategy - Added mapping for 'hello.agi' to class org.asteriskjava.fastagi.HelloAgiScript
13:00:09.038 [main] WARN  o.a.f.ResourceBundleMappingStrategy - Unable to create AgiScript instance of type java.lang.String: Class does not implement the AgiScript interface
[INFO] Tests run: 2, Failures: 0, Errors: 0, Skipped: 0, Time elapsed: 0.449 s - in org.asteriskjava.fastagi.CompositeMappingStrategyTest
[INFO] Running org.asteriskjava.fastagi.ClassNameMappingStrategyTest
[INFO] Tests run: 2, Failures: 0, Errors: 0, Skipped: 0, Time elapsed: 0.012 s - in org.asteriskjava.fastagi.ClassNameMappingStrategyTest
[INFO] Running org.asteriskjava.fastagi.internal.AgiChannelImplTest
13:00:09.209 [main] WARN  o.a.fastagi.internal.AgiChannelImpl - Request is null, I assume you're testing...
13:00:09.211 [main] WARN  o.a.fastagi.internal.AgiChannelImpl - Request is null, I assume you're testing...
13:00:09.212 [main] WARN  o.a.fastagi.internal.AgiChannelImpl - Request is null, I assume you're testing...
[INFO] Tests run: 3, Failures: 0, Errors: 0, Skipped: 0, Time elapsed: 0.008 s - in org.asteriskjava.fastagi.internal.AgiChannelImplTest
[INFO] Running org.asteriskjava.fastagi.internal.AgiRequestImplTest
[INFO] Tests run: 24, Failures: 0, Errors: 0, Skipped: 0, Time elapsed: 0.008 s - in org.asteriskjava.fastagi.internal.AgiRequestImplTest
[INFO] Running org.asteriskjava.fastagi.ResourceBundleMappingStrategyTest
13:00:09.267 [main] INFO  o.a.f.ResourceBundleMappingStrategy - Added mapping for 'hello.agi' to class org.asteriskjava.fastagi.HelloAgiScript
13:00:09.268 [main] INFO  o.a.f.ResourceBundleMappingStrategy - Added mapping for 'string.agi' to class java.lang.String
13:00:09.268 [main] INFO  o.a.f.ResourceBundleMappingStrategy - Added mapping for 'nonexisting.agi' to class org.asteriskjava.fastagi.NonExistingAgiScript
13:00:09.269 [main] INFO  o.a.f.ResourceBundleMappingStrategy - Resource bundle 'net.sf.asterisk.fastagi.unavailable' not found.
13:00:09.269 [main] INFO  o.a.f.ResourceBundleMappingStrategy - Added mapping for 'hello.agi' to class org.asteriskjava.fastagi.HelloAgiScript
13:00:09.269 [main] WARN  o.a.f.ResourceBundleMappingStrategy - Unable to create AgiScript instance of type java.lang.String: Class does not implement the AgiScript interface
[INFO] Tests run: 3, Failures: 0, Errors: 0, Skipped: 0, Time elapsed: 0.03 s - in org.asteriskjava.fastagi.ResourceBundleMappingStrategyTest
[INFO] Running org.asteriskjava.manager.internal.ManagerWriterImplTest
[INFO] Tests run: 2, Failures: 0, Errors: 0, Skipped: 0, Time elapsed: 0.043 s - in org.asteriskjava.manager.internal.ManagerWriterImplTest
[INFO] Running org.asteriskjava.manager.internal.ActionBuilderImplTest
[INFO] Tests run: 16, Failures: 0, Errors: 0, Skipped: 0, Time elapsed: 0.048 s - in org.asteriskjava.manager.internal.ActionBuilderImplTest
[INFO] Running org.asteriskjava.AsteriskVersionTest
[INFO] Tests run: 4, Failures: 0, Errors: 0, Skipped: 0, Time elapsed: 0.001 s - in org.asteriskjava.AsteriskVersionTest
[INFO] 
[INFO] Results:
[INFO] 
[INFO] Tests run: 56, Failures: 0, Errors: 0, Skipped: 0
[INFO] 
[INFO] 
[INFO] <<< ekstazi-maven-plugin:4.6.3:ekstazi (default-cli) < [ekstazi]test @ asterisk-java <<<
[INFO] 
[INFO] 
[INFO] --- ekstazi-maven-plugin:4.6.3:ekstazi (default-cli) @ asterisk-java ---
[INFO] ------------------------------------------------------------------------
[INFO] BUILD SUCCESS
[INFO] ------------------------------------------------------------------------
[INFO] Total time:  15.254 s
[INFO] Finished at: 2020-05-18T13:00:09-06:00
[INFO] ------------------------------------------------------------------------
