[INFO] Scanning for projects...
[WARNING] 
[WARNING] Some problems were encountered while building the effective model for org.asteriskjava:asterisk-java:jar:3.0.2-SNAPSHOT
[WARNING] 'build.plugins.plugin.version' for org.apache.maven.plugins:maven-source-plugin is missing. @ line 150, column 12
[WARNING] 'build.plugins.plugin.version' for org.apache.maven.plugins:maven-deploy-plugin is missing. @ line 160, column 12
[WARNING] 
[WARNING] It is highly recommended to fix these problems because they threaten the stability of your build.
[WARNING] 
[WARNING] For this reason, future Maven versions might no longer support building such malformed projects.
[WARNING] 
[INFO] 
[INFO] -------------------< org.asteriskjava:asterisk-java >-------------------
[INFO] Building Asterisk-Java 3.0.2-SNAPSHOT
[INFO] --------------------------------[ jar ]---------------------------------
[INFO] 
[INFO] >>> starts-maven-plugin:1.3:starts (default-cli) > [starts]test @ asterisk-java >>>
[INFO] 
[INFO] --- maven-resources-plugin:2.6:resources (default-resources) @ asterisk-java ---
[WARNING] Using platform encoding (UTF-8 actually) to copy filtered resources, i.e. build is platform dependent!
[INFO] skip non existing resourceDirectory /s/smith/b/nobackup/mkshin/Spring2020/Research/STARTS/asterisk/workingDir/src/main/resources
[INFO] 
[INFO] --- maven-compiler-plugin:3.2:compile (default-compile) @ asterisk-java ---
[INFO] Nothing to compile - all classes are up to date
[INFO] 
[INFO] --- bnd-maven-plugin:3.2.0:bnd-process (default) @ asterisk-java ---
[INFO] 
[INFO] --- maven-resources-plugin:2.6:testResources (default-testResources) @ asterisk-java ---
[WARNING] Using platform encoding (UTF-8 actually) to copy filtered resources, i.e. build is platform dependent!
[INFO] Copying 5 resources
[INFO] 
[INFO] --- maven-compiler-plugin:3.2:testCompile (default-testCompile) @ asterisk-java ---
[INFO] Nothing to compile - all classes are up to date
[INFO] 
[INFO] >>> starts-maven-plugin:1.3:run (default-cli) > test-compile @ asterisk-java >>>
[INFO] 
[INFO] --- maven-resources-plugin:2.6:resources (default-resources) @ asterisk-java ---
[WARNING] Using platform encoding (UTF-8 actually) to copy filtered resources, i.e. build is platform dependent!
[INFO] skip non existing resourceDirectory /s/smith/b/nobackup/mkshin/Spring2020/Research/STARTS/asterisk/workingDir/src/main/resources
[INFO] 
[INFO] --- maven-compiler-plugin:3.2:compile (default-compile) @ asterisk-java ---
[INFO] Nothing to compile - all classes are up to date
[INFO] 
[INFO] --- bnd-maven-plugin:3.2.0:bnd-process (default) @ asterisk-java ---
[INFO] 
[INFO] --- maven-resources-plugin:2.6:testResources (default-testResources) @ asterisk-java ---
[WARNING] Using platform encoding (UTF-8 actually) to copy filtered resources, i.e. build is platform dependent!
[INFO] Copying 5 resources
[INFO] 
[INFO] --- maven-compiler-plugin:3.2:testCompile (default-testCompile) @ asterisk-java ---
[INFO] Nothing to compile - all classes are up to date
[INFO] 
[INFO] <<< starts-maven-plugin:1.3:run (default-cli) < test-compile @ asterisk-java <<<
[INFO] 
[INFO] 
[INFO] --- starts-maven-plugin:1.3:run (default-cli) @ asterisk-java ---
INFO: ALL(count): 855
INFO: UNREACHED(count): 231
INFO: STARTS:Nodes: 3000
INFO: STARTS:Edges: 21863
INFO: STARTS:AffectedTests: 5
INFO: STARTS:TotalTests: 46
[INFO] 
[INFO] --- maven-surefire-plugin:2.18:test (default-test) @ asterisk-java ---
[INFO] Surefire report directory: /s/smith/b/nobackup/mkshin/Spring2020/Research/STARTS/asterisk/workingDir/target/surefire-reports

-------------------------------------------------------
 T E S T S
-------------------------------------------------------
Running org.asteriskjava.manager.internal.ManagerConnectionImplTest
20:50:56.591 [Asterisk-Java ManagerConnection-0-Reconnect-0] INFO  o.a.m.i.ManagerConnectionImplTest$MockedManagerConnectionImpl - Connecting to localhost:5038
20:50:56.596 [Asterisk-Java ManagerConnection-0-Reconnect-0] INFO  o.a.m.i.ManagerConnectionImplTest$MockedManagerConnectionImpl - Closing socket.
20:50:56.596 [Asterisk-Java ManagerConnection-0-Reconnect-0] ERROR o.a.m.i.ManagerConnectionImplTest$MockedManagerConnectionImpl - TimeoutException while trying to log in after reconnect.
20:50:56.646 [Asterisk-Java ManagerConnection-0-Reconnect-0] INFO  o.a.m.i.ManagerConnectionImplTest$MockedManagerConnectionImpl - Connecting to localhost:5038
20:50:56.646 [Thread-2] INFO  o.a.m.i.ManagerConnectionImplTest$MockedManagerConnectionImpl - Connected via Asterisk Call Manager/1.0
20:50:56.647 [Thread-2] WARN  o.a.m.i.ManagerConnectionImplTest$MockedManagerConnectionImpl - Unsupported protocol version 'Asterisk Call Manager/1.0'. Use at your own risk.
20:50:56.698 [Thread-4] INFO  o.a.m.i.ManagerConnectionImplTest$MockedManagerConnectionImpl - Connected via Asterisk Call Manager/1.0
20:50:56.698 [Thread-4] WARN  o.a.m.i.ManagerConnectionImplTest$MockedManagerConnectionImpl - Unsupported protocol version 'Asterisk Call Manager/1.0'. Use at your own risk.
20:50:56.706 [Asterisk-Java ManagerConnection-0-Reconnect-0] INFO  o.a.m.i.ManagerConnectionImplTest$MockedManagerConnectionImpl - Successfully logged in
20:50:56.706 [Asterisk-Java ManagerConnection-0-Reconnect-0] INFO  o.a.m.i.ManagerConnectionImplTest$MockedManagerConnectionImpl - Determined Asterisk version: null
20:50:56.706 [Asterisk-Java ManagerConnection-0-Reconnect-0] INFO  o.a.m.i.ManagerConnectionImplTest$MockedManagerConnectionImpl - Successfully reconnected.
20:50:57.543 [main] INFO  o.a.m.i.ManagerConnectionImplTest$MockedManagerConnectionImpl - Connecting to localhost:5038
20:50:57.594 [Thread-8] INFO  o.a.m.i.ManagerConnectionImplTest$MockedManagerConnectionImpl - Connected via Asterisk Call Manager/1.0
20:50:57.594 [Thread-8] WARN  o.a.m.i.ManagerConnectionImplTest$MockedManagerConnectionImpl - Unsupported protocol version 'Asterisk Call Manager/1.0'. Use at your own risk.
20:50:57.635 [main] INFO  o.a.m.i.ManagerConnectionImplTest$MockedManagerConnectionImpl - Successfully logged in
20:50:57.636 [main] INFO  o.a.m.i.ManagerConnectionImplTest$MockedManagerConnectionImpl - Determined Asterisk version: null
20:50:57.737 [main] INFO  o.a.m.i.ManagerConnectionImplTest$MockedManagerConnectionImpl - Connecting to localhost:5038
20:50:57.788 [Thread-12] INFO  o.a.m.i.ManagerConnectionImplTest$MockedManagerConnectionImpl - Connected via Asterisk Call Manager/1.0
20:50:57.789 [Thread-12] WARN  o.a.m.i.ManagerConnectionImplTest$MockedManagerConnectionImpl - Unsupported protocol version 'Asterisk Call Manager/1.0'. Use at your own risk.
20:50:57.950 [main] INFO  o.a.m.i.ManagerConnectionImplTest$MockedManagerConnectionImpl - Connecting to localhost:5038
20:50:58.001 [Thread-14] INFO  o.a.m.i.ManagerConnectionImplTest$MockedManagerConnectionImpl - Connected via Asterisk Call Manager/1.0
20:50:58.001 [Thread-14] WARN  o.a.m.i.ManagerConnectionImplTest$MockedManagerConnectionImpl - Unsupported protocol version 'Asterisk Call Manager/1.0'. Use at your own risk.
20:50:58.022 [Asterisk-Java ManagerConnection-7-Reconnect-0] INFO  o.a.m.i.ManagerConnectionImplTest$MockedManagerConnectionImpl - Connecting to localhost:5038
20:50:58.022 [Asterisk-Java ManagerConnection-7-Reconnect-0] WARN  o.a.m.i.ManagerConnectionImplTest$MockedManagerConnectionImpl - Exception while trying to reconnect: IOException
20:50:58.072 [Asterisk-Java ManagerConnection-7-Reconnect-0] INFO  o.a.m.i.ManagerConnectionImplTest$MockedManagerConnectionImpl - Connecting to localhost:5038
20:50:58.123 [Thread-18] INFO  o.a.m.i.ManagerConnectionImplTest$MockedManagerConnectionImpl - Connected via Asterisk Call Manager/1.0
20:50:58.123 [Thread-18] WARN  o.a.m.i.ManagerConnectionImplTest$MockedManagerConnectionImpl - Unsupported protocol version 'Asterisk Call Manager/1.0'. Use at your own risk.
20:50:58.165 [Asterisk-Java ManagerConnection-7-Reconnect-0] INFO  o.a.m.i.ManagerConnectionImplTest$MockedManagerConnectionImpl - Successfully logged in
20:50:58.165 [Asterisk-Java ManagerConnection-7-Reconnect-0] INFO  o.a.m.i.ManagerConnectionImplTest$MockedManagerConnectionImpl - Determined Asterisk version: null
20:50:58.165 [Asterisk-Java ManagerConnection-7-Reconnect-0] INFO  o.a.m.i.ManagerConnectionImplTest$MockedManagerConnectionImpl - Successfully reconnected.
20:50:58.972 [main] INFO  o.a.m.i.ManagerConnectionImplTest$MockedManagerConnectionImpl - Connecting to localhost:5038
20:50:58.973 [main] INFO  o.a.m.i.ManagerConnectionImplTest$MockedManagerConnectionImpl - Connecting to localhost:5038
20:50:58.994 [main] INFO  o.a.m.i.ManagerConnectionImplTest$MockedManagerConnectionImpl - Closing socket.
20:50:58.995 [main] ERROR o.a.m.i.ManagerConnectionImplTest$MockedManagerConnectionImpl - Unable to retrieve internalActionId from response: actionId 'null':
org.asteriskjava.manager.response.ManagerResponse: actionId='null'; message='null'; response='Success'; uniqueId='null'; systemHashcode=87765719
20:50:58.996 [main] INFO  o.a.m.i.ManagerConnectionImplTest$MockedManagerConnectionImpl - Connecting to localhost:5038
20:50:59.024 [Thread-22] INFO  o.a.m.i.ManagerConnectionImplTest$MockedManagerConnectionImpl - Connected via Asterisk Call Manager/1.0
20:50:59.024 [Thread-22] WARN  o.a.m.i.ManagerConnectionImplTest$MockedManagerConnectionImpl - Unsupported protocol version 'Asterisk Call Manager/1.0'. Use at your own risk.
20:50:59.047 [Thread-25] INFO  o.a.m.i.ManagerConnectionImplTest$MockedManagerConnectionImpl - Connected via Asterisk Call Manager/1.0
20:50:59.047 [Thread-25] WARN  o.a.m.i.ManagerConnectionImplTest$MockedManagerConnectionImpl - Unsupported protocol version 'Asterisk Call Manager/1.0'. Use at your own risk.
20:50:59.097 [main] INFO  o.a.m.i.ManagerConnectionImplTest$MockedManagerConnectionImpl - Closing socket.
20:50:59.198 [main] INFO  o.a.m.i.ManagerConnectionImplTest$MockedManagerConnectionImpl - Connecting to localhost:5038
20:50:59.249 [main] INFO  o.a.m.i.ManagerConnectionImplTest$MockedManagerConnectionImpl - Closing socket.
20:50:59.261 [main] ERROR o.a.m.i.ManagerConnectionImplTest$MockedManagerConnectionImpl - Unable to dispatch null response. This should never happen. Please file a bug.
20:50:59.264 [main] ERROR o.a.m.i.ManagerConnectionImplTest$MockedManagerConnectionImpl - Unable to retrieve internalActionId from response: actionId '123_0-abc':
org.asteriskjava.manager.response.ManagerResponse: actionId='null'; message='null'; response='Success'; uniqueId='null'; systemHashcode=125622176
20:50:59.266 [main] INFO  o.a.m.i.ManagerConnectionImplTest$MockedManagerConnectionImpl - Connecting to localhost:5038
20:50:59.317 [Thread-30] INFO  o.a.m.i.ManagerConnectionImplTest$MockedManagerConnectionImpl - Connected via Asterisk Call Manager/1.0
20:50:59.317 [Thread-30] WARN  o.a.m.i.ManagerConnectionImplTest$MockedManagerConnectionImpl - Unsupported protocol version 'Asterisk Call Manager/1.0'. Use at your own risk.
20:50:59.518 [main] INFO  o.a.m.i.ManagerConnectionImplTest$MockedManagerConnectionImpl - Closing socket.
20:50:59.579 [Asterisk-Java ManagerConnection-17-Reconnect-0] INFO  o.a.m.i.ManagerConnectionImplTest$MockedManagerConnectionImpl - Connecting to localhost:5038
20:50:59.630 [Thread-33] INFO  o.a.m.i.ManagerConnectionImplTest$MockedManagerConnectionImpl - Connected via Asterisk Call Manager/1.0
20:50:59.630 [Thread-33] WARN  o.a.m.i.ManagerConnectionImplTest$MockedManagerConnectionImpl - Unsupported protocol version 'Asterisk Call Manager/1.0'. Use at your own risk.
20:50:59.672 [Asterisk-Java ManagerConnection-17-Reconnect-0] INFO  o.a.m.i.ManagerConnectionImplTest$MockedManagerConnectionImpl - Successfully logged in
20:50:59.672 [Asterisk-Java ManagerConnection-17-Reconnect-0] INFO  o.a.m.i.ManagerConnectionImplTest$MockedManagerConnectionImpl - Determined Asterisk version: null
20:50:59.672 [Asterisk-Java ManagerConnection-17-Reconnect-0] INFO  o.a.m.i.ManagerConnectionImplTest$MockedManagerConnectionImpl - Successfully reconnected.
20:51:00.530 [main] INFO  o.a.m.i.ManagerConnectionImplTest$MockedManagerConnectionImpl - Connecting to localhost:5038
20:51:00.531 [main] ERROR o.a.m.i.ManagerConnectionImplTest$MockedManagerConnectionImpl - Unable to retrieve internalActionId from response: actionId 'abc':
org.asteriskjava.manager.response.ManagerResponse: actionId='null'; message='null'; response='Success'; uniqueId='null'; systemHashcode=237351678
Tests run: 22, Failures: 0, Errors: 0, Skipped: 0, Time elapsed: 4.15 sec - in org.asteriskjava.manager.internal.ManagerConnectionImplTest
Running org.asteriskjava.live.internal.AsteriskChannelImplTest
Tests run: 1, Failures: 0, Errors: 0, Skipped: 0, Time elapsed: 0.004 sec - in org.asteriskjava.live.internal.AsteriskChannelImplTest
Running org.asteriskjava.live.internal.AsteriskQueueMemberImplTest
Tests run: 1, Failures: 0, Errors: 0, Skipped: 0, Time elapsed: 0.002 sec - in org.asteriskjava.live.internal.AsteriskQueueMemberImplTest
Running org.asteriskjava.live.internal.AsteriskAgentImplTest
Tests run: 1, Failures: 0, Errors: 0, Skipped: 0, Time elapsed: 0 sec - in org.asteriskjava.live.internal.AsteriskAgentImplTest
Running org.asteriskjava.pbx.internal.core.ListenerManagerTest
20:51:00.564 [main] INFO  org.asteriskjava.util.ReflectionUtil - Loaded 38
20:51:00.564 [main] INFO  o.a.p.i.core.CoherentEventFactory - Response Event Added class org.asteriskjava.manager.event.StatusCompleteEvent --> class org.asteriskjava.pbx.asterisk.wrap.events.StatusCompleteEvent
20:51:00.564 [main] INFO  o.a.p.i.core.CoherentEventFactory - Skipping abstract class class org.asteriskjava.manager.event.ManagerEvent
20:51:00.565 [main] INFO  o.a.p.i.core.CoherentEventFactory - Manager Event Added class org.asteriskjava.manager.event.BridgeEvent --> class org.asteriskjava.pbx.asterisk.wrap.events.BridgeEvent
20:51:00.565 [main] INFO  o.a.p.i.core.CoherentEventFactory - Manager Event Added class org.asteriskjava.manager.event.BlindTransferEvent --> class org.asteriskjava.pbx.asterisk.wrap.events.BlindTransferEvent
20:51:00.566 [main] INFO  o.a.p.i.core.CoherentEventFactory - Manager Event Added class org.asteriskjava.manager.event.MasqueradeEvent --> class org.asteriskjava.pbx.asterisk.wrap.events.MasqueradeEvent
20:51:00.566 [main] INFO  o.a.p.i.core.CoherentEventFactory - Manager Event Added class org.asteriskjava.manager.event.DialEndEvent --> class org.asteriskjava.pbx.asterisk.wrap.events.DialEndEvent
20:51:00.566 [main] INFO  o.a.p.i.core.CoherentEventFactory - Response Event Added class org.asteriskjava.manager.event.PeerlistCompleteEvent --> class org.asteriskjava.pbx.asterisk.wrap.events.PeerlistCompleteEvent
20:51:00.566 [main] INFO  o.a.p.i.core.CoherentEventFactory - Manager Event Added class org.asteriskjava.manager.event.DialEvent --> class org.asteriskjava.pbx.asterisk.wrap.events.DialEvent
20:51:00.567 [main] INFO  o.a.p.i.core.CoherentEventFactory - Manager Event Added class org.asteriskjava.manager.event.RenameEvent --> class org.asteriskjava.pbx.asterisk.wrap.events.RenameEvent
20:51:00.567 [main] INFO  o.a.p.i.core.CoherentEventFactory - Manager Event Added class org.asteriskjava.manager.event.UnlinkEvent --> class org.asteriskjava.pbx.asterisk.wrap.events.UnlinkEvent
20:51:00.567 [main] INFO  o.a.p.i.core.CoherentEventFactory - Skipping abstract class class org.asteriskjava.manager.event.AbstractParkedCallEvent
20:51:00.568 [main] INFO  o.a.p.i.core.CoherentEventFactory - Manager Event Added class org.asteriskjava.manager.event.DialBeginEvent --> class org.asteriskjava.pbx.asterisk.wrap.events.DialBeginEvent
20:51:00.568 [main] INFO  o.a.p.i.core.CoherentEventFactory - Manager Event Added class org.asteriskjava.manager.event.MeetMeJoinEvent --> class org.asteriskjava.pbx.asterisk.wrap.events.MeetMeJoinEvent
20:51:00.568 [main] INFO  o.a.p.i.core.CoherentEventFactory - Manager Event Added class org.asteriskjava.manager.event.MeetMeLeaveEvent --> class org.asteriskjava.pbx.asterisk.wrap.events.MeetMeLeaveEvent
20:51:00.569 [main] INFO  o.a.p.i.core.CoherentEventFactory - Response Event Added class org.asteriskjava.manager.event.StatusEvent --> class org.asteriskjava.pbx.asterisk.wrap.events.StatusEvent
20:51:00.569 [main] INFO  o.a.p.i.core.CoherentEventFactory - Manager Event Added class org.asteriskjava.manager.event.UnparkedCallEvent --> class org.asteriskjava.pbx.asterisk.wrap.events.UnparkedCallEvent
20:51:00.569 [main] INFO  o.a.p.i.core.CoherentEventFactory - Manager Event Added class org.asteriskjava.manager.event.HangupEvent --> class org.asteriskjava.pbx.asterisk.wrap.events.HangupEvent
20:51:00.570 [main] INFO  o.a.p.i.core.CoherentEventFactory - Manager Event Added class org.asteriskjava.manager.event.AgentCalledEvent --> class org.asteriskjava.pbx.asterisk.wrap.events.AgentCalledEvent
20:51:00.570 [main] INFO  o.a.p.i.core.CoherentEventFactory - Manager Event Added class org.asteriskjava.manager.event.NewStateEvent --> class org.asteriskjava.pbx.asterisk.wrap.events.NewStateEvent
20:51:00.570 [main] INFO  o.a.p.i.core.CoherentEventFactory - Manager Event Added class org.asteriskjava.manager.event.DisconnectEvent --> class org.asteriskjava.pbx.asterisk.wrap.events.DisconnectEvent
20:51:00.570 [main] INFO  o.a.p.i.core.CoherentEventFactory - Manager Event Added class org.asteriskjava.manager.event.DbGetResponseEvent --> class org.asteriskjava.pbx.asterisk.wrap.events.DbGetResponseEvent
20:51:00.571 [main] INFO  o.a.p.i.core.CoherentEventFactory - Manager Event Added class org.asteriskjava.manager.event.QueueCallerLeaveEvent --> class org.asteriskjava.pbx.asterisk.wrap.events.QueueCallerLeaveEvent
20:51:00.571 [main] INFO  o.a.p.i.core.CoherentEventFactory - Response Event Added class org.asteriskjava.manager.event.PeerEntryEvent --> class org.asteriskjava.pbx.asterisk.wrap.events.PeerEntryEvent
20:51:00.571 [main] INFO  o.a.p.i.core.CoherentEventFactory - Skipping abstract class class org.asteriskjava.manager.event.AbstractMeetMeEvent
20:51:00.571 [main] INFO  o.a.p.i.core.CoherentEventFactory - Response Event Added class org.asteriskjava.manager.event.ConfbridgeListEvent --> class org.asteriskjava.pbx.asterisk.wrap.events.ConfbridgeListEvent
20:51:00.571 [main] INFO  o.a.p.i.core.CoherentEventFactory - Manager Event Added class org.asteriskjava.manager.event.ExtensionStatusEvent --> class org.asteriskjava.pbx.asterisk.wrap.events.ExtensionStatusEvent
20:51:00.572 [main] INFO  o.a.p.i.core.CoherentEventFactory - Manager Event Added class org.asteriskjava.manager.event.LinkEvent --> class org.asteriskjava.pbx.asterisk.wrap.events.LinkEvent
20:51:00.572 [main] INFO  o.a.p.i.core.CoherentEventFactory - Response Event Added class org.asteriskjava.manager.event.OriginateResponseEvent --> class org.asteriskjava.pbx.asterisk.wrap.events.OriginateResponseEvent
20:51:00.572 [main] INFO  o.a.p.i.core.CoherentEventFactory - Manager Event Added class org.asteriskjava.manager.event.DndStateEvent --> class org.asteriskjava.pbx.asterisk.wrap.events.DndStateEvent
20:51:00.572 [main] INFO  o.a.p.i.core.CoherentEventFactory - Manager Event Added class org.asteriskjava.manager.event.NewExtenEvent --> class org.asteriskjava.pbx.asterisk.wrap.events.NewExtenEvent
20:51:00.573 [main] INFO  o.a.p.i.core.CoherentEventFactory - Manager Event Added class org.asteriskjava.manager.event.VarSetEvent --> class org.asteriskjava.pbx.asterisk.wrap.events.VarSetEvent
20:51:00.573 [main] INFO  o.a.p.i.core.CoherentEventFactory - Manager Event Added class org.asteriskjava.manager.event.AgentConnectEvent --> class org.asteriskjava.pbx.asterisk.wrap.events.AgentConnectEvent
20:51:00.573 [main] INFO  o.a.p.i.core.CoherentEventFactory - Manager Event Added class org.asteriskjava.manager.event.PeerStatusEvent --> class org.asteriskjava.pbx.asterisk.wrap.events.PeerStatusEvent
20:51:00.574 [main] INFO  o.a.p.i.core.CoherentEventFactory - Manager Event Added class org.asteriskjava.manager.event.ConfbridgeListCompleteEvent --> class org.asteriskjava.pbx.asterisk.wrap.events.ConfbridgeListCompleteEvent
20:51:00.574 [main] INFO  o.a.p.i.core.CoherentEventFactory - Manager Event Added class org.asteriskjava.manager.event.NewChannelEvent --> class org.asteriskjava.pbx.asterisk.wrap.events.NewChannelEvent
20:51:00.574 [main] INFO  o.a.p.i.core.CoherentEventFactory - Manager Event Added class org.asteriskjava.manager.event.ParkedCallEvent --> class org.asteriskjava.pbx.asterisk.wrap.events.ParkedCallEvent
20:51:00.574 [main] INFO  o.a.p.i.core.CoherentEventFactory - Skipping abstract class class org.asteriskjava.manager.event.ResponseEvent
20:51:00.574 [main] INFO  o.a.p.i.core.CoherentEventFactory - Manager Event Added class org.asteriskjava.manager.event.ConnectEvent --> class org.asteriskjava.pbx.asterisk.wrap.events.ConnectEvent
20:51:00.590 [Thread-37] INFO  o.a.m.i.ManagerConnectionImplTest$MockedManagerConnectionImpl - Connected via Asterisk Call Manager/1.0
20:51:00.590 [Thread-37] WARN  o.a.m.i.ManagerConnectionImplTest$MockedManagerConnectionImpl - Unsupported protocol version 'Asterisk Call Manager/1.0'. Use at your own risk.
Tests run: 1, Failures: 0, Errors: 0, Skipped: 0, Time elapsed: 0.045 sec - in org.asteriskjava.pbx.internal.core.ListenerManagerTest

Results :




Tests run: 26, Failures: 0, Errors: 0, Skipped: 0

[INFO] 
[INFO] <<< starts-maven-plugin:1.3:starts (default-cli) < [starts]test @ asterisk-java <<<
[INFO] 
[INFO] 
[INFO] --- starts-maven-plugin:1.3:starts (default-cli) @ asterisk-java ---
[INFO] ------------------------------------------------------------------------
[INFO] BUILD SUCCESS
[INFO] ------------------------------------------------------------------------
[INFO] Total time: 13.917 s
[INFO] Finished at: 2020-05-18T20:51:00-06:00
[INFO] ------------------------------------------------------------------------
