[INFO] Scanning for projects...
[INFO] 
[INFO] --------------< org.apache.commons:commons-collections4 >---------------
[INFO] Building Apache Commons Collections 4.5-SNAPSHOT
[INFO] --------------------------------[ jar ]---------------------------------
[INFO] 
[INFO] >>> ekstazi-maven-plugin:4.6.3:ekstazi (default-cli) > [ekstazi]test @ commons-collections4 >>>
[INFO] 
[INFO] --- maven-enforcer-plugin:3.0.0-M2:enforce (enforce-maven-version) @ commons-collections4 ---
[INFO] 
[INFO] --- maven-enforcer-plugin:3.0.0-M2:enforce (enforce-maven-3) @ commons-collections4 ---
[INFO] 
[INFO] --- apache-rat-plugin:0.13:check (rat-check) @ commons-collections4 ---
[INFO] RAT will not execute since it is configured to be skipped via system property 'rat.skip'.
[INFO] 
[INFO] --- build-helper-maven-plugin:3.0.0:parse-version (parse-version) @ commons-collections4 ---
[INFO] 
[INFO] --- maven-antrun-plugin:1.8:run (javadoc.resources) @ commons-collections4 ---
[INFO] Executing tasks

main:
     [copy] Copying 2 files to /s/smith/b/nobackup/mkshin/Spring2020/Research/Ekstazi/commonsCollection/workingDir/target/apidocs/META-INF
[INFO] Executed tasks
[INFO] 
[INFO] --- maven-remote-resources-plugin:1.5:process (process-resource-bundles) @ commons-collections4 ---
[INFO] 
[INFO] --- buildnumber-maven-plugin:1.4:create (default) @ commons-collections4 ---
[INFO] Executing: /bin/sh -c cd '/s/smith/b/nobackup/mkshin/Spring2020/Research/Ekstazi/commonsCollection/workingDir' && 'git' 'rev-parse' '--verify' 'HEAD'
[INFO] Working directory: /s/smith/b/nobackup/mkshin/Spring2020/Research/Ekstazi/commonsCollection/workingDir
[INFO] Storing buildNumber: ?????? at timestamp: 1589864264531
[WARNING] Cannot get the branch information from the git repository: 
Detecting the current branch failed: fatal: not a git repository (or any parent up to mount point /s/smith)
Stopping at filesystem boundary (GIT_DISCOVERY_ACROSS_FILESYSTEM not set).

[INFO] Executing: /bin/sh -c cd '/s/smith/b/nobackup/mkshin/Spring2020/Research/Ekstazi/commonsCollection/workingDir' && 'git' 'rev-parse' '--verify' 'HEAD'
[INFO] Working directory: /s/smith/b/nobackup/mkshin/Spring2020/Research/Ekstazi/commonsCollection/workingDir
[INFO] Storing buildScmBranch: UNKNOWN_BRANCH
[INFO] 
[INFO] --- maven-resources-plugin:3.1.0:resources (default-resources) @ commons-collections4 ---
[INFO] Using 'UTF-8' encoding to copy filtered resources.
[INFO] skip non existing resourceDirectory /s/smith/b/nobackup/mkshin/Spring2020/Research/Ekstazi/commonsCollection/workingDir/src/main/resources
[INFO] Copying 2 resources to META-INF
[INFO] 
[INFO] --- maven-compiler-plugin:3.8.0:compile (default-compile) @ commons-collections4 ---
[INFO] Changes detected - recompiling the module!
[INFO] Compiling 326 source files to /s/smith/b/nobackup/mkshin/Spring2020/Research/Ekstazi/commonsCollection/workingDir/target/classes
[INFO] /s/smith/b/nobackup/mkshin/Spring2020/Research/Ekstazi/commonsCollection/workingDir/src/main/java/org/apache/commons/collections4/map/MultiValueMap.java: Some input files use or override a deprecated API.
[INFO] /s/smith/b/nobackup/mkshin/Spring2020/Research/Ekstazi/commonsCollection/workingDir/src/main/java/org/apache/commons/collections4/map/MultiValueMap.java: Recompile with -Xlint:deprecation for details.
[INFO] /s/smith/b/nobackup/mkshin/Spring2020/Research/Ekstazi/commonsCollection/workingDir/src/main/java/org/apache/commons/collections4/multimap/AbstractMultiValuedMap.java: Some input files use unchecked or unsafe operations.
[INFO] /s/smith/b/nobackup/mkshin/Spring2020/Research/Ekstazi/commonsCollection/workingDir/src/main/java/org/apache/commons/collections4/multimap/AbstractMultiValuedMap.java: Recompile with -Xlint:unchecked for details.
[INFO] 
[INFO] --- maven-bundle-plugin:4.1.0:manifest (bundle-manifest) @ commons-collections4 ---
[INFO] 
[INFO] --- animal-sniffer-maven-plugin:1.17:check (checkAPIcompatibility) @ commons-collections4 ---
[INFO] Checking unresolved references to org.codehaus.mojo.signature:java18:1.0
[INFO] 
[INFO] --- maven-resources-plugin:3.1.0:testResources (default-testResources) @ commons-collections4 ---
[INFO] Using 'UTF-8' encoding to copy filtered resources.
[INFO] Copying 179 resources
[INFO] Copying 2 resources to META-INF
[INFO] 
[INFO] --- maven-compiler-plugin:3.8.0:testCompile (default-testCompile) @ commons-collections4 ---
[INFO] Changes detected - recompiling the module!
[INFO] Compiling 217 source files to /s/smith/b/nobackup/mkshin/Spring2020/Research/Ekstazi/commonsCollection/workingDir/target/test-classes
[INFO] /s/smith/b/nobackup/mkshin/Spring2020/Research/Ekstazi/commonsCollection/workingDir/src/test/java/org/apache/commons/collections4/map/MultiValueMapTest.java: Some input files use or override a deprecated API.
[INFO] /s/smith/b/nobackup/mkshin/Spring2020/Research/Ekstazi/commonsCollection/workingDir/src/test/java/org/apache/commons/collections4/map/MultiValueMapTest.java: Recompile with -Xlint:deprecation for details.
[INFO] /s/smith/b/nobackup/mkshin/Spring2020/Research/Ekstazi/commonsCollection/workingDir/src/test/java/org/apache/commons/collections4/functors/AbstractCompositePredicateTest.java: Some input files use unchecked or unsafe operations.
[INFO] /s/smith/b/nobackup/mkshin/Spring2020/Research/Ekstazi/commonsCollection/workingDir/src/test/java/org/apache/commons/collections4/functors/AbstractCompositePredicateTest.java: Recompile with -Xlint:unchecked for details.
[INFO] 
[INFO] --- jacoco-maven-plugin:0.8.4:prepare-agent (prepare-agent) @ commons-collections4 ---
[INFO] argLine set to -javaagent:/s/chopin/a/grad/mkshin/.m2/repository/org/jacoco/org.jacoco.agent/0.8.4/org.jacoco.agent-0.8.4-runtime.jar=destfile=/s/smith/b/nobackup/mkshin/Spring2020/Research/Ekstazi/commonsCollection/workingDir/target/jacoco.exec
[INFO] 
[INFO] --- ekstazi-maven-plugin:4.6.3:select (ekstazi) @ commons-collections4 ---
[INFO] 
[INFO] --- ekstazi-maven-plugin:4.6.3:select (default-cli) @ commons-collections4 ---
[INFO] 
[INFO] --- maven-surefire-plugin:2.22.1:test (default-test) @ commons-collections4 ---
[INFO] 
[INFO] -------------------------------------------------------
[INFO]  T E S T S
[INFO] -------------------------------------------------------
[INFO] Running org.apache.commons.collections4.CollectionUtilsTest
[INFO] Tests run: 115, Failures: 0, Errors: 0, Skipped: 0, Time elapsed: 0.388 s - in org.apache.commons.collections4.CollectionUtilsTest
[INFO] Running org.apache.commons.collections4.multimap.TransformedMultiValuedMapTest
[INFO] Tests run: 341, Failures: 0, Errors: 0, Skipped: 0, Time elapsed: 0.279 s - in org.apache.commons.collections4.multimap.TransformedMultiValuedMapTest
[INFO] Running org.apache.commons.collections4.multimap.UnmodifiableMultiValuedMapTest
[INFO] Tests run: 347, Failures: 0, Errors: 0, Skipped: 0, Time elapsed: 0.113 s - in org.apache.commons.collections4.multimap.UnmodifiableMultiValuedMapTest
[INFO] Running org.apache.commons.collections4.multimap.ArrayListValuedHashMapTest
[INFO] Tests run: 343, Failures: 0, Errors: 0, Skipped: 0, Time elapsed: 0.081 s - in org.apache.commons.collections4.multimap.ArrayListValuedHashMapTest
[INFO] Running org.apache.commons.collections4.multimap.HashSetValuedHashMapTest
[INFO] Tests run: 344, Failures: 0, Errors: 0, Skipped: 0, Time elapsed: 0.083 s - in org.apache.commons.collections4.multimap.HashSetValuedHashMapTest
[INFO] Running org.apache.commons.collections4.ListUtilsTest
[INFO] Tests run: 23, Failures: 0, Errors: 0, Skipped: 0, Time elapsed: 0.069 s - in org.apache.commons.collections4.ListUtilsTest
[INFO] Running org.apache.commons.collections4.FluentIterableTest
[INFO] Tests run: 26, Failures: 0, Errors: 0, Skipped: 0, Time elapsed: 0.073 s - in org.apache.commons.collections4.FluentIterableTest
[INFO] Running org.apache.commons.collections4.set.ListOrderedSetTest
[INFO] Tests run: 36, Failures: 0, Errors: 0, Skipped: 0, Time elapsed: 0.066 s - in org.apache.commons.collections4.set.ListOrderedSetTest
[INFO] Running org.apache.commons.collections4.set.CompositeSetTest
[INFO] Tests run: 37, Failures: 0, Errors: 0, Skipped: 0, Time elapsed: 0.029 s - in org.apache.commons.collections4.set.CompositeSetTest
[INFO] Running org.apache.commons.collections4.collection.CompositeCollectionTest
[INFO] Tests run: 45, Failures: 0, Errors: 0, Skipped: 0, Time elapsed: 0.019 s - in org.apache.commons.collections4.collection.CompositeCollectionTest
[INFO] Running org.apache.commons.collections4.MapUtilsTest
[INFO] Tests run: 8480, Failures: 0, Errors: 0, Skipped: 0, Time elapsed: 1.131 s - in org.apache.commons.collections4.MapUtilsTest
[INFO] Running org.apache.commons.collections4.map.LazySortedMapTest
[INFO] Tests run: 53, Failures: 0, Errors: 0, Skipped: 0, Time elapsed: 0.001 s - in org.apache.commons.collections4.map.LazySortedMapTest
[INFO] Running org.apache.commons.collections4.map.UnmodifiableSortedMapTest
[INFO] Tests run: 55, Failures: 0, Errors: 0, Skipped: 0, Time elapsed: 0.001 s - in org.apache.commons.collections4.map.UnmodifiableSortedMapTest
[INFO] Running org.apache.commons.collections4.map.UnmodifiableOrderedMapTest
[INFO] Tests run: 56, Failures: 0, Errors: 0, Skipped: 0, Time elapsed: 0.001 s - in org.apache.commons.collections4.map.UnmodifiableOrderedMapTest
[INFO] Running org.apache.commons.collections4.map.ReferenceMapTest
[INFO] Tests run: 159, Failures: 0, Errors: 0, Skipped: 0, Time elapsed: 0.154 s - in org.apache.commons.collections4.map.ReferenceMapTest
[INFO] Running org.apache.commons.collections4.map.TransformedMapTest
[INFO] Tests run: 53, Failures: 0, Errors: 0, Skipped: 0, Time elapsed: 0.025 s - in org.apache.commons.collections4.map.TransformedMapTest
[INFO] Running org.apache.commons.collections4.map.ListOrderedMap2Test
[INFO] Tests run: 333, Failures: 0, Errors: 0, Skipped: 0, Time elapsed: 0.106 s - in org.apache.commons.collections4.map.ListOrderedMap2Test
[INFO] Running org.apache.commons.collections4.map.LinkedMapTest
[INFO] Tests run: 337, Failures: 0, Errors: 0, Skipped: 0, Time elapsed: 0.097 s - in org.apache.commons.collections4.map.LinkedMapTest
[INFO] Running org.apache.commons.collections4.map.LazyMapTest
[INFO] Tests run: 50, Failures: 0, Errors: 0, Skipped: 0, Time elapsed: 0.009 s - in org.apache.commons.collections4.map.LazyMapTest
[INFO] Running org.apache.commons.collections4.map.StaticBucketMapTest
[INFO] Tests run: 155, Failures: 0, Errors: 0, Skipped: 0, Time elapsed: 0.083 s - in org.apache.commons.collections4.map.StaticBucketMapTest
[INFO] Running org.apache.commons.collections4.map.UnmodifiableMapTest
[INFO] Tests run: 52, Failures: 0, Errors: 0, Skipped: 0, Time elapsed: 0.009 s - in org.apache.commons.collections4.map.UnmodifiableMapTest
[INFO] Running org.apache.commons.collections4.map.TransformedSortedMapTest
[INFO] Tests run: 558, Failures: 0, Errors: 0, Skipped: 0, Time elapsed: 0.208 s - in org.apache.commons.collections4.map.TransformedSortedMapTest
[INFO] Running org.apache.commons.collections4.map.MultiKeyMapTest
[INFO] Tests run: 167, Failures: 0, Errors: 0, Skipped: 0, Time elapsed: 0.076 s - in org.apache.commons.collections4.map.MultiKeyMapTest
[INFO] Running org.apache.commons.collections4.map.FixedSizeMapTest
[INFO] Tests run: 50, Failures: 0, Errors: 0, Skipped: 0, Time elapsed: 0.01 s - in org.apache.commons.collections4.map.FixedSizeMapTest
[INFO] Running org.apache.commons.collections4.map.PredicatedMapTest
[INFO] Tests run: 52, Failures: 0, Errors: 0, Skipped: 0, Time elapsed: 0.014 s - in org.apache.commons.collections4.map.PredicatedMapTest
[INFO] Running org.apache.commons.collections4.map.FixedSizeSortedMapTest
[INFO] Tests run: 555, Failures: 0, Errors: 0, Skipped: 0, Time elapsed: 0.072 s - in org.apache.commons.collections4.map.FixedSizeSortedMapTest
[INFO] Running org.apache.commons.collections4.map.ListOrderedMapTest
[INFO] Tests run: 494, Failures: 0, Errors: 0, Skipped: 0, Time elapsed: 0.102 s - in org.apache.commons.collections4.map.ListOrderedMapTest
[INFO] Running org.apache.commons.collections4.map.CaseInsensitiveMapTest
[INFO] Tests run: 161, Failures: 0, Errors: 0, Skipped: 0, Time elapsed: 0.051 s - in org.apache.commons.collections4.map.CaseInsensitiveMapTest
[INFO] Running org.apache.commons.collections4.map.MultiValueMapTest
[INFO] Tests run: 36, Failures: 0, Errors: 0, Skipped: 0, Time elapsed: 0.018 s - in org.apache.commons.collections4.map.MultiValueMapTest
[INFO] Running org.apache.commons.collections4.map.PredicatedSortedMapTest
[INFO] Tests run: 54, Failures: 0, Errors: 0, Skipped: 0, Time elapsed: 0.019 s - in org.apache.commons.collections4.map.PredicatedSortedMapTest
[INFO] Running org.apache.commons.collections4.map.Flat3MapTest
[INFO] Tests run: 199, Failures: 0, Errors: 0, Skipped: 0, Time elapsed: 0.07 s - in org.apache.commons.collections4.map.Flat3MapTest
[INFO] Running org.apache.commons.collections4.map.CompositeMapTest
[INFO] Tests run: 58, Failures: 0, Errors: 0, Skipped: 0, Time elapsed: 0.032 s - in org.apache.commons.collections4.map.CompositeMapTest
[INFO] Running org.apache.commons.collections4.map.LRUMapTest
[INFO] Tests run: 193, Failures: 0, Errors: 0, Skipped: 0, Time elapsed: 4.129 s - in org.apache.commons.collections4.map.LRUMapTest
[INFO] Running org.apache.commons.collections4.map.DefaultedMapTest
[INFO] Tests run: 53, Failures: 0, Errors: 0, Skipped: 0, Time elapsed: 0.011 s - in org.apache.commons.collections4.map.DefaultedMapTest
[INFO] Running org.apache.commons.collections4.map.HashedMapTest
[INFO] Tests run: 158, Failures: 0, Errors: 0, Skipped: 0, Time elapsed: 0.036 s - in org.apache.commons.collections4.map.HashedMapTest
[INFO] Running org.apache.commons.collections4.map.PassiveExpiringMapTest
[INFO] Tests run: 148, Failures: 0, Errors: 0, Skipped: 0, Time elapsed: 6.04 s - in org.apache.commons.collections4.map.PassiveExpiringMapTest
[INFO] Running org.apache.commons.collections4.map.SingletonMapTest
[INFO] Tests run: 178, Failures: 0, Errors: 0, Skipped: 0, Time elapsed: 0.026 s - in org.apache.commons.collections4.map.SingletonMapTest
[INFO] Running org.apache.commons.collections4.map.ReferenceIdentityMapTest
[INFO] Tests run: 159, Failures: 0, Errors: 0, Skipped: 0, Time elapsed: 0.172 s - in org.apache.commons.collections4.map.ReferenceIdentityMapTest
[INFO] Running org.apache.commons.collections4.trie.UnmodifiableTrieTest
[INFO] Tests run: 557, Failures: 0, Errors: 0, Skipped: 0, Time elapsed: 0.152 s - in org.apache.commons.collections4.trie.UnmodifiableTrieTest
[INFO] Running org.apache.commons.collections4.trie.PatriciaTrie2Test
[INFO] Tests run: 177, Failures: 0, Errors: 0, Skipped: 0, Time elapsed: 0.07 s - in org.apache.commons.collections4.trie.PatriciaTrie2Test
[INFO] Running org.apache.commons.collections4.trie.PatriciaTrieTest
[INFO] Tests run: 562, Failures: 0, Errors: 0, Skipped: 0, Time elapsed: 0.236 s - in org.apache.commons.collections4.trie.PatriciaTrieTest
[INFO] Running org.apache.commons.collections4.IteratorUtilsTest
[INFO] Tests run: 48, Failures: 0, Errors: 0, Skipped: 0, Time elapsed: 0.206 s - in org.apache.commons.collections4.IteratorUtilsTest
[INFO] Running org.apache.commons.collections4.queue.CircularFifoQueueTest
[INFO] Tests run: 55, Failures: 0, Errors: 0, Skipped: 0, Time elapsed: 0.018 s - in org.apache.commons.collections4.queue.CircularFifoQueueTest
[INFO] Running org.apache.commons.collections4.EnumerationUtilsTest
[INFO] Tests run: 3, Failures: 0, Errors: 0, Skipped: 0, Time elapsed: 0.003 s - in org.apache.commons.collections4.EnumerationUtilsTest
[INFO] Running org.apache.commons.collections4.IterableUtilsTest
[INFO] Tests run: 18, Failures: 0, Errors: 0, Skipped: 0, Time elapsed: 0.014 s - in org.apache.commons.collections4.IterableUtilsTest
[INFO] Running org.apache.commons.collections4.bidimap.UnmodifiableSortedBidiMapTest
[INFO] Tests run: 820, Failures: 0, Errors: 0, Skipped: 0, Time elapsed: 0.153 s - in org.apache.commons.collections4.bidimap.UnmodifiableSortedBidiMapTest
[INFO] Running org.apache.commons.collections4.bidimap.UnmodifiableBidiMapTest
[INFO] Tests run: 370, Failures: 0, Errors: 0, Skipped: 0, Time elapsed: 0.042 s - in org.apache.commons.collections4.bidimap.UnmodifiableBidiMapTest
[INFO] Running org.apache.commons.collections4.bidimap.UnmodifiableOrderedBidiMapTest
[INFO] Tests run: 391, Failures: 0, Errors: 0, Skipped: 0, Time elapsed: 0.123 s - in org.apache.commons.collections4.bidimap.UnmodifiableOrderedBidiMapTest
[INFO] Running org.apache.commons.collections4.bidimap.DualHashBidiMapTest
[INFO] Tests run: 368, Failures: 0, Errors: 0, Skipped: 0, Time elapsed: 0.078 s - in org.apache.commons.collections4.bidimap.DualHashBidiMapTest
[INFO] Running org.apache.commons.collections4.bidimap.TreeBidiMapTest
[INFO] Tests run: 389, Failures: 0, Errors: 0, Skipped: 0, Time elapsed: 0.126 s - in org.apache.commons.collections4.bidimap.TreeBidiMapTest
[INFO] Running org.apache.commons.collections4.bidimap.DualLinkedHashBidiMapTest
[INFO] Tests run: 368, Failures: 0, Errors: 0, Skipped: 0, Time elapsed: 0.078 s - in org.apache.commons.collections4.bidimap.DualLinkedHashBidiMapTest
[INFO] Running org.apache.commons.collections4.bidimap.DualTreeBidiMap2Test
[INFO] Tests run: 823, Failures: 0, Errors: 0, Skipped: 0, Time elapsed: 0.227 s - in org.apache.commons.collections4.bidimap.DualTreeBidiMap2Test
[INFO] Running org.apache.commons.collections4.bidimap.DualTreeBidiMapTest
[INFO] Tests run: 818, Failures: 0, Errors: 0, Skipped: 0, Time elapsed: 0.174 s - in org.apache.commons.collections4.bidimap.DualTreeBidiMapTest
[INFO] 
[INFO] Results:
[INFO] 
[INFO] Tests run: 20480, Failures: 0, Errors: 0, Skipped: 0
[INFO] 
[INFO] 
[INFO] <<< ekstazi-maven-plugin:4.6.3:ekstazi (default-cli) < [ekstazi]test @ commons-collections4 <<<
[INFO] 
[INFO] 
[INFO] --- ekstazi-maven-plugin:4.6.3:ekstazi (default-cli) @ commons-collections4 ---
[INFO] ------------------------------------------------------------------------
[INFO] BUILD SUCCESS
[INFO] ------------------------------------------------------------------------
[INFO] Total time: 32.886 s
[INFO] Finished at: 2020-05-18T22:58:13-06:00
[INFO] ------------------------------------------------------------------------
