[INFO] Scanning for projects...
[INFO] 
[INFO] ----------------------< commons-cli:commons-cli >-----------------------
[INFO] Building Apache Commons CLI 1.4-SNAPSHOT
[INFO] --------------------------------[ jar ]---------------------------------
[INFO] 
[INFO] >>> hyrts-maven-plugin:1.0.1:HyRTS (default-cli) > test-compile @ commons-cli >>>
[INFO] 
[INFO] --- maven-enforcer-plugin:1.3.1:enforce (enforce-maven-3) @ commons-cli ---
[INFO] 
[INFO] --- build-helper-maven-plugin:1.8:parse-version (parse-version) @ commons-cli ---
[INFO] 
[INFO] --- maven-antrun-plugin:1.7:run (javadoc.resources) @ commons-cli ---
[INFO] Executing tasks

main:
     [copy] Copying 2 files to /s/smith/b/nobackup/mkshin/Spring2020/Research/HyRTS/commonCLI/workingDir/target/apidocs/META-INF
[INFO] Executed tasks
[INFO] 
[INFO] --- maven-remote-resources-plugin:1.5:process (default) @ commons-cli ---
[INFO] 
[INFO] --- buildnumber-maven-plugin:1.3:create (default) @ commons-cli ---
[INFO] Executing: /bin/sh -c cd /s/smith/b/nobackup/mkshin/Spring2020/Research/HyRTS/commonCLI/workingDir && svn --non-interactive info
[INFO] Working directory: /s/smith/b/nobackup/mkshin/Spring2020/Research/HyRTS/commonCLI/workingDir
[INFO] Storing buildNumber: ?????? at timestamp: 1589890870831
[INFO] Executing: /bin/sh -c cd /s/smith/b/nobackup/mkshin/Spring2020/Research/HyRTS/commonCLI/workingDir && svn --non-interactive info
[INFO] Working directory: /s/smith/b/nobackup/mkshin/Spring2020/Research/HyRTS/commonCLI/workingDir
[INFO] Storing buildScmBranch: UNKNOWN_BRANCH
[INFO] 
[INFO] --- maven-resources-plugin:2.7:resources (default-resources) @ commons-cli ---
[INFO] Using 'utf-8' encoding to copy filtered resources.
[INFO] skip non existing resourceDirectory /s/smith/b/nobackup/mkshin/Spring2020/Research/HyRTS/commonCLI/workingDir/src/main/resources
[INFO] Copying 2 resources to META-INF
[INFO] 
[INFO] --- maven-compiler-plugin:3.2:compile (default-compile) @ commons-cli ---
[INFO] Changes detected - recompiling the module!
[INFO] Compiling 23 source files to /s/smith/b/nobackup/mkshin/Spring2020/Research/HyRTS/commonCLI/workingDir/target/classes
[INFO] /s/smith/b/nobackup/mkshin/Spring2020/Research/HyRTS/commonCLI/workingDir/src/main/java/org/apache/commons/cli/Parser.java: Some input files use unchecked or unsafe operations.
[INFO] /s/smith/b/nobackup/mkshin/Spring2020/Research/HyRTS/commonCLI/workingDir/src/main/java/org/apache/commons/cli/Parser.java: Recompile with -Xlint:unchecked for details.
[INFO] 
[INFO] --- maven-bundle-plugin:2.5.3:manifest (bundle-manifest) @ commons-cli ---
[INFO] 
[INFO] --- animal-sniffer-maven-plugin:1.13:check (checkAPIcompatibility) @ commons-cli ---
[INFO] Checking unresolved references to org.codehaus.mojo.signature:java15:1.0
[INFO] 
[INFO] --- maven-resources-plugin:2.7:testResources (default-testResources) @ commons-cli ---
[INFO] Using 'utf-8' encoding to copy filtered resources.
[INFO] skip non existing resourceDirectory /s/smith/b/nobackup/mkshin/Spring2020/Research/HyRTS/commonCLI/workingDir/src/test/resources
[INFO] Copying 2 resources to META-INF
[INFO] 
[INFO] --- maven-compiler-plugin:3.2:testCompile (default-testCompile) @ commons-cli ---
[INFO] Changes detected - recompiling the module!
[INFO] Compiling 27 source files to /s/smith/b/nobackup/mkshin/Spring2020/Research/HyRTS/commonCLI/workingDir/target/test-classes
[INFO] /s/smith/b/nobackup/mkshin/Spring2020/Research/HyRTS/commonCLI/workingDir/src/test/java/org/apache/commons/cli/bug/BugCLI71Test.java: Some input files use or override a deprecated API.
[INFO] /s/smith/b/nobackup/mkshin/Spring2020/Research/HyRTS/commonCLI/workingDir/src/test/java/org/apache/commons/cli/bug/BugCLI71Test.java: Recompile with -Xlint:deprecation for details.
[INFO] 
[INFO] <<< hyrts-maven-plugin:1.0.1:HyRTS (default-cli) < test-compile @ commons-cli <<<
[INFO] 
[INFO] 
[INFO] --- hyrts-maven-plugin:1.0.1:HyRTS (default-cli) @ commons-cli ---
[HyRTS] Extracted changes: 0 57 0 0 0 0 0 0 0 0 0 0 0 0 0 0 0 0 0 0 0 0 0 0 0 0 0 0
[INFO] Surefire report directory: /s/smith/b/nobackup/mkshin/Spring2020/Research/HyRTS/commonCLI/workingDir/target/surefire-reports

-------------------------------------------------------
 T E S T S
-------------------------------------------------------
Running org.apache.commons.cli.CommandLineTest
Tests run: 4, Failures: 0, Errors: 0, Skipped: 0, Time elapsed: 0.007 sec - in org.apache.commons.cli.CommandLineTest
Running org.apache.commons.cli.UtilTest
Tests run: 2, Failures: 0, Errors: 0, Skipped: 0, Time elapsed: 0.001 sec - in org.apache.commons.cli.UtilTest
Running org.apache.commons.cli.DefaultParserTest
Tests run: 58, Failures: 0, Errors: 0, Skipped: 0, Time elapsed: 0.018 sec - in org.apache.commons.cli.DefaultParserTest
Running org.apache.commons.cli.OptionGroupTest
Tests run: 13, Failures: 0, Errors: 0, Skipped: 0, Time elapsed: 0.001 sec - in org.apache.commons.cli.OptionGroupTest
Running org.apache.commons.cli.HelpFormatterTest
Tests run: 25, Failures: 0, Errors: 0, Skipped: 0, Time elapsed: 0.001 sec - in org.apache.commons.cli.HelpFormatterTest
Running org.apache.commons.cli.ValueTest
Tests run: 12, Failures: 0, Errors: 0, Skipped: 0, Time elapsed: 0 sec - in org.apache.commons.cli.ValueTest
Running org.apache.commons.cli.ValuesTest
Tests run: 7, Failures: 0, Errors: 0, Skipped: 0, Time elapsed: 0.001 sec - in org.apache.commons.cli.ValuesTest
Running org.apache.commons.cli.PosixParserTest
Tests run: 58, Failures: 0, Errors: 0, Skipped: 9, Time elapsed: 0.018 sec - in org.apache.commons.cli.PosixParserTest
Running org.apache.commons.cli.OptionsTest
Tests run: 10, Failures: 0, Errors: 0, Skipped: 0, Time elapsed: 0.004 sec - in org.apache.commons.cli.OptionsTest
Running org.apache.commons.cli.PatternOptionBuilderTest
Tests run: 9, Failures: 0, Errors: 0, Skipped: 0, Time elapsed: 0.079 sec - in org.apache.commons.cli.PatternOptionBuilderTest
Running org.apache.commons.cli.BasicParserTest
Tests run: 58, Failures: 0, Errors: 0, Skipped: 24, Time elapsed: 0.026 sec - in org.apache.commons.cli.BasicParserTest
Running org.apache.commons.cli.ArgumentIsOptionTest
Tests run: 3, Failures: 0, Errors: 0, Skipped: 0, Time elapsed: 0 sec - in org.apache.commons.cli.ArgumentIsOptionTest
Running org.apache.commons.cli.bug.BugCLI71Test
Tests run: 4, Failures: 0, Errors: 0, Skipped: 0, Time elapsed: 0 sec - in org.apache.commons.cli.bug.BugCLI71Test
Running org.apache.commons.cli.bug.BugCLI252Test
Tests run: 2, Failures: 0, Errors: 0, Skipped: 0, Time elapsed: 0.014 sec - in org.apache.commons.cli.bug.BugCLI252Test
Running org.apache.commons.cli.bug.BugCLI266Test
Tests run: 2, Failures: 0, Errors: 0, Skipped: 0, Time elapsed: 0.001 sec - in org.apache.commons.cli.bug.BugCLI266Test
Running org.apache.commons.cli.bug.BugCLI13Test
Tests run: 1, Failures: 0, Errors: 0, Skipped: 0, Time elapsed: 0 sec - in org.apache.commons.cli.bug.BugCLI13Test
Running org.apache.commons.cli.bug.BugCLI133Test
Tests run: 1, Failures: 0, Errors: 0, Skipped: 0, Time elapsed: 0 sec - in org.apache.commons.cli.bug.BugCLI133Test
Running org.apache.commons.cli.bug.BugCLI148Test
Tests run: 2, Failures: 0, Errors: 0, Skipped: 0, Time elapsed: 0.003 sec - in org.apache.commons.cli.bug.BugCLI148Test
Running org.apache.commons.cli.bug.BugCLI162Test
Tests run: 4, Failures: 0, Errors: 0, Skipped: 0, Time elapsed: 0.002 sec - in org.apache.commons.cli.bug.BugCLI162Test
Running org.apache.commons.cli.bug.BugCLI265Test
Tests run: 3, Failures: 0, Errors: 0, Skipped: 0, Time elapsed: 0.003 sec - in org.apache.commons.cli.bug.BugCLI265Test
Running org.apache.commons.cli.bug.BugCLI18Test
Tests run: 1, Failures: 0, Errors: 0, Skipped: 0, Time elapsed: 0 sec - in org.apache.commons.cli.bug.BugCLI18Test
Running org.apache.commons.cli.bug.BugsTest
Tests run: 12, Failures: 0, Errors: 0, Skipped: 0, Time elapsed: 0.002 sec - in org.apache.commons.cli.bug.BugsTest
Running org.apache.commons.cli.ApplicationTest
Tests run: 5, Failures: 0, Errors: 0, Skipped: 0, Time elapsed: 0.001 sec - in org.apache.commons.cli.ApplicationTest
Running org.apache.commons.cli.GnuParserTest
Tests run: 58, Failures: 0, Errors: 0, Skipped: 21, Time elapsed: 0.021 sec - in org.apache.commons.cli.GnuParserTest
Running org.apache.commons.cli.OptionBuilderTest
Tests run: 9, Failures: 0, Errors: 0, Skipped: 0, Time elapsed: 0.021 sec - in org.apache.commons.cli.OptionBuilderTest
Running org.apache.commons.cli.OptionTest
Tests run: 9, Failures: 0, Errors: 0, Skipped: 0, Time elapsed: 0.007 sec - in org.apache.commons.cli.OptionTest

Results :

Tests run: 372, Failures: 0, Errors: 0, Skipped: 54

[INFO] ------------------------------------------------------------------------
[INFO] BUILD SUCCESS
[INFO] ------------------------------------------------------------------------
[INFO] Total time: 9.968 s
[INFO] Finished at: 2020-05-19T06:21:16-06:00
[INFO] ------------------------------------------------------------------------
