[INFO] Scanning for projects...
[INFO] 
[INFO] --------------< org.apache.commons:commons-collections4 >---------------
[INFO] Building Apache Commons Collections 4.5-SNAPSHOT
[INFO] --------------------------------[ jar ]---------------------------------
[INFO] 
[INFO] >>> starts-maven-plugin:1.3:starts (default-cli) > [starts]test @ commons-collections4 >>>
[INFO] 
[INFO] --- maven-enforcer-plugin:3.0.0-M2:enforce (enforce-maven-version) @ commons-collections4 ---
[INFO] 
[INFO] --- maven-enforcer-plugin:3.0.0-M2:enforce (enforce-maven-3) @ commons-collections4 ---
[INFO] 
[INFO] --- apache-rat-plugin:0.13:check (rat-check) @ commons-collections4 ---
[INFO] RAT will not execute since it is configured to be skipped via system property 'rat.skip'.
[INFO] 
[INFO] --- build-helper-maven-plugin:3.0.0:parse-version (parse-version) @ commons-collections4 ---
[INFO] 
[INFO] --- maven-antrun-plugin:1.8:run (javadoc.resources) @ commons-collections4 ---
[INFO] Executing tasks

main:
[INFO] Executed tasks
[INFO] 
[INFO] --- maven-remote-resources-plugin:1.5:process (process-resource-bundles) @ commons-collections4 ---
[INFO] 
[INFO] --- buildnumber-maven-plugin:1.4:create (default) @ commons-collections4 ---
[INFO] Executing: /bin/sh -c cd '/s/chopin/a/grad/mkshin/newResearch/STARTS/commonsCollection/workingDir' && 'git' 'rev-parse' '--verify' 'HEAD'
[INFO] Working directory: /s/chopin/a/grad/mkshin/newResearch/STARTS/commonsCollection/workingDir
[INFO] Storing buildNumber: ?????? at timestamp: 1620933470778
[WARNING] Cannot get the branch information from the git repository: 
Detecting the current branch failed: fatal: not a git repository (or any parent up to mount point /s/chopin)
Stopping at filesystem boundary (GIT_DISCOVERY_ACROSS_FILESYSTEM not set).

[INFO] Executing: /bin/sh -c cd '/s/chopin/a/grad/mkshin/newResearch/STARTS/commonsCollection/workingDir' && 'git' 'rev-parse' '--verify' 'HEAD'
[INFO] Working directory: /s/chopin/a/grad/mkshin/newResearch/STARTS/commonsCollection/workingDir
[INFO] Storing buildScmBranch: UNKNOWN_BRANCH
[INFO] 
[INFO] --- maven-resources-plugin:3.1.0:resources (default-resources) @ commons-collections4 ---
[INFO] Using 'UTF-8' encoding to copy filtered resources.
[INFO] skip non existing resourceDirectory /s/chopin/a/grad/mkshin/newResearch/STARTS/commonsCollection/workingDir/src/main/resources
[INFO] Copying 2 resources to META-INF
[INFO] 
[INFO] --- maven-compiler-plugin:3.8.1:compile (default-compile) @ commons-collections4 ---
[INFO] Changes detected - recompiling the module!
[INFO] Compiling 346 source files to /s/chopin/a/grad/mkshin/newResearch/STARTS/commonsCollection/workingDir/target/classes
[INFO] /s/chopin/a/grad/mkshin/newResearch/STARTS/commonsCollection/workingDir/src/main/java/org/apache/commons/collections4/MapUtils.java: Some input files use or override a deprecated API.
[INFO] /s/chopin/a/grad/mkshin/newResearch/STARTS/commonsCollection/workingDir/src/main/java/org/apache/commons/collections4/MapUtils.java: Recompile with -Xlint:deprecation for details.
[INFO] /s/chopin/a/grad/mkshin/newResearch/STARTS/commonsCollection/workingDir/src/main/java/org/apache/commons/collections4/functors/ExceptionTransformer.java: Some input files use unchecked or unsafe operations.
[INFO] /s/chopin/a/grad/mkshin/newResearch/STARTS/commonsCollection/workingDir/src/main/java/org/apache/commons/collections4/functors/ExceptionTransformer.java: Recompile with -Xlint:unchecked for details.
[INFO] 
[INFO] --- maven-bundle-plugin:4.2.1:manifest (bundle-manifest) @ commons-collections4 ---
[INFO] 
[INFO] --- animal-sniffer-maven-plugin:1.18:check (checkAPIcompatibility) @ commons-collections4 ---
[INFO] Checking unresolved references to org.codehaus.mojo.signature:java18:1.0
[INFO] 
[INFO] --- maven-resources-plugin:3.1.0:testResources (default-testResources) @ commons-collections4 ---
[INFO] Using 'UTF-8' encoding to copy filtered resources.
[INFO] Copying 179 resources
[INFO] Copying 2 resources to META-INF
[INFO] 
[INFO] --- maven-compiler-plugin:3.8.1:testCompile (default-testCompile) @ commons-collections4 ---
[INFO] Changes detected - recompiling the module!
[INFO] Compiling 235 source files to /s/chopin/a/grad/mkshin/newResearch/STARTS/commonsCollection/workingDir/target/test-classes
[INFO] /s/chopin/a/grad/mkshin/newResearch/STARTS/commonsCollection/workingDir/src/test/java/org/apache/commons/collections4/map/MultiValueMapTest.java: Some input files use or override a deprecated API.
[INFO] /s/chopin/a/grad/mkshin/newResearch/STARTS/commonsCollection/workingDir/src/test/java/org/apache/commons/collections4/map/MultiValueMapTest.java: Recompile with -Xlint:deprecation for details.
[INFO] /s/chopin/a/grad/mkshin/newResearch/STARTS/commonsCollection/workingDir/src/test/java/org/apache/commons/collections4/map/MultiValueMapTest.java: Some input files use unchecked or unsafe operations.
[INFO] /s/chopin/a/grad/mkshin/newResearch/STARTS/commonsCollection/workingDir/src/test/java/org/apache/commons/collections4/map/MultiValueMapTest.java: Recompile with -Xlint:unchecked for details.
[INFO] 
[INFO] --- jacoco-maven-plugin:0.8.5:prepare-agent (prepare-agent) @ commons-collections4 ---
[INFO] argLine set to -javaagent:/s/chopin/a/grad/mkshin/.m2/repository/org/jacoco/org.jacoco.agent/0.8.5/org.jacoco.agent-0.8.5-runtime.jar=destfile=/s/chopin/a/grad/mkshin/newResearch/STARTS/commonsCollection/workingDir/target/jacoco.exec
[INFO] 
[INFO] >>> starts-maven-plugin:1.3:run (default-cli) > test-compile @ commons-collections4 >>>
[INFO] 
[INFO] --- maven-enforcer-plugin:3.0.0-M2:enforce (enforce-maven-version) @ commons-collections4 ---
[INFO] 
[INFO] --- maven-enforcer-plugin:3.0.0-M2:enforce (enforce-maven-3) @ commons-collections4 ---
[INFO] 
[INFO] --- apache-rat-plugin:0.13:check (rat-check) @ commons-collections4 ---
[INFO] RAT will not execute since it is configured to be skipped via system property 'rat.skip'.
[INFO] 
[INFO] --- build-helper-maven-plugin:3.0.0:parse-version (parse-version) @ commons-collections4 ---
[INFO] 
[INFO] --- maven-antrun-plugin:1.8:run (javadoc.resources) @ commons-collections4 ---
[INFO] Executing tasks

main:
[INFO] Executed tasks
[INFO] 
[INFO] --- maven-remote-resources-plugin:1.5:process (process-resource-bundles) @ commons-collections4 ---
[INFO] 
[INFO] --- buildnumber-maven-plugin:1.4:create (default) @ commons-collections4 ---
[INFO] Executing: /bin/sh -c cd '/s/chopin/a/grad/mkshin/newResearch/STARTS/commonsCollection/workingDir' && 'git' 'rev-parse' '--verify' 'HEAD'
[INFO] Working directory: /s/chopin/a/grad/mkshin/newResearch/STARTS/commonsCollection/workingDir
[INFO] Storing buildNumber: ?????? at timestamp: 1620933485471
[WARNING] Cannot get the branch information from the git repository: 
Detecting the current branch failed: fatal: not a git repository (or any parent up to mount point /s/chopin)
Stopping at filesystem boundary (GIT_DISCOVERY_ACROSS_FILESYSTEM not set).

[INFO] Executing: /bin/sh -c cd '/s/chopin/a/grad/mkshin/newResearch/STARTS/commonsCollection/workingDir' && 'git' 'rev-parse' '--verify' 'HEAD'
[INFO] Working directory: /s/chopin/a/grad/mkshin/newResearch/STARTS/commonsCollection/workingDir
[INFO] Storing buildScmBranch: UNKNOWN_BRANCH
[INFO] 
[INFO] --- maven-resources-plugin:3.1.0:resources (default-resources) @ commons-collections4 ---
[INFO] Using 'UTF-8' encoding to copy filtered resources.
[INFO] skip non existing resourceDirectory /s/chopin/a/grad/mkshin/newResearch/STARTS/commonsCollection/workingDir/src/main/resources
[INFO] Copying 2 resources to META-INF
[INFO] 
[INFO] --- maven-compiler-plugin:3.8.1:compile (default-compile) @ commons-collections4 ---
[INFO] Changes detected - recompiling the module!
[INFO] Compiling 346 source files to /s/chopin/a/grad/mkshin/newResearch/STARTS/commonsCollection/workingDir/target/classes
[INFO] /s/chopin/a/grad/mkshin/newResearch/STARTS/commonsCollection/workingDir/src/main/java/org/apache/commons/collections4/MapUtils.java: Some input files use or override a deprecated API.
[INFO] /s/chopin/a/grad/mkshin/newResearch/STARTS/commonsCollection/workingDir/src/main/java/org/apache/commons/collections4/MapUtils.java: Recompile with -Xlint:deprecation for details.
[INFO] /s/chopin/a/grad/mkshin/newResearch/STARTS/commonsCollection/workingDir/src/main/java/org/apache/commons/collections4/functors/ExceptionTransformer.java: Some input files use unchecked or unsafe operations.
[INFO] /s/chopin/a/grad/mkshin/newResearch/STARTS/commonsCollection/workingDir/src/main/java/org/apache/commons/collections4/functors/ExceptionTransformer.java: Recompile with -Xlint:unchecked for details.
[INFO] 
[INFO] --- maven-bundle-plugin:4.2.1:manifest (bundle-manifest) @ commons-collections4 ---
[INFO] 
[INFO] --- animal-sniffer-maven-plugin:1.18:check (checkAPIcompatibility) @ commons-collections4 ---
[INFO] Checking unresolved references to org.codehaus.mojo.signature:java18:1.0
[INFO] 
[INFO] --- maven-resources-plugin:3.1.0:testResources (default-testResources) @ commons-collections4 ---
[INFO] Using 'UTF-8' encoding to copy filtered resources.
[INFO] Copying 179 resources
[INFO] Copying 2 resources to META-INF
[INFO] 
[INFO] --- maven-compiler-plugin:3.8.1:testCompile (default-testCompile) @ commons-collections4 ---
[INFO] Changes detected - recompiling the module!
[INFO] Compiling 235 source files to /s/chopin/a/grad/mkshin/newResearch/STARTS/commonsCollection/workingDir/target/test-classes
[INFO] /s/chopin/a/grad/mkshin/newResearch/STARTS/commonsCollection/workingDir/src/test/java/org/apache/commons/collections4/map/MultiValueMapTest.java: Some input files use or override a deprecated API.
[INFO] /s/chopin/a/grad/mkshin/newResearch/STARTS/commonsCollection/workingDir/src/test/java/org/apache/commons/collections4/map/MultiValueMapTest.java: Recompile with -Xlint:deprecation for details.
[INFO] /s/chopin/a/grad/mkshin/newResearch/STARTS/commonsCollection/workingDir/src/test/java/org/apache/commons/collections4/map/MultiValueMapTest.java: Some input files use unchecked or unsafe operations.
[INFO] /s/chopin/a/grad/mkshin/newResearch/STARTS/commonsCollection/workingDir/src/test/java/org/apache/commons/collections4/map/MultiValueMapTest.java: Recompile with -Xlint:unchecked for details.
[INFO] 
[INFO] <<< starts-maven-plugin:1.3:run (default-cli) < test-compile @ commons-collections4 <<<
[INFO] 
[INFO] 
[INFO] --- starts-maven-plugin:1.3:run (default-cli) @ commons-collections4 ---
INFO: ALL(count): 905
INFO: UNREACHED(count): 14
INFO: STARTS:Nodes: 2582
INFO: STARTS:Edges: 21642
INFO: STARTS:AffectedTests: 16
INFO: STARTS:TotalTests: 188
[INFO] 
[INFO] --- maven-surefire-plugin:2.22.2:test (default-test) @ commons-collections4 ---
[INFO] 
[INFO] -------------------------------------------------------
[INFO]  T E S T S
[INFO] -------------------------------------------------------
[INFO] Running org.apache.commons.collections4.bloomfilter.SetOperationsTest
[INFO] Tests run: 12, Failures: 0, Errors: 0, Skipped: 0, Time elapsed: 0.089 s - in org.apache.commons.collections4.bloomfilter.SetOperationsTest
[INFO] Running org.apache.commons.collections4.bloomfilter.BitSetBloomFilterTest
[INFO] Tests run: 24, Failures: 0, Errors: 0, Skipped: 0, Time elapsed: 0.002 s - in org.apache.commons.collections4.bloomfilter.BitSetBloomFilterTest
[INFO] Running org.apache.commons.collections4.bloomfilter.HasherBloomFilterTest
[INFO] Tests run: 22, Failures: 0, Errors: 0, Skipped: 0, Time elapsed: 0.013 s - in org.apache.commons.collections4.bloomfilter.HasherBloomFilterTest
[INFO] Running org.apache.commons.collections4.bloomfilter.DefaultBloomFilterMethodsTest
[INFO] Tests run: 21, Failures: 0, Errors: 0, Skipped: 0, Time elapsed: 0.001 s - in org.apache.commons.collections4.bloomfilter.DefaultBloomFilterMethodsTest
[INFO] Running org.apache.commons.collections4.bloomfilter.hasher.StaticHasherTest
[INFO] Tests run: 11, Failures: 0, Errors: 0, Skipped: 0, Time elapsed: 0.001 s - in org.apache.commons.collections4.bloomfilter.hasher.StaticHasherTest
[INFO] Running org.apache.commons.collections4.bloomfilter.hasher.HashFunctionIdentityImplTest
[INFO] Tests run: 2, Failures: 0, Errors: 0, Skipped: 0, Time elapsed: 0 s - in org.apache.commons.collections4.bloomfilter.hasher.HashFunctionIdentityImplTest
[INFO] Running org.apache.commons.collections4.bloomfilter.hasher.DynamicHasherTest
[INFO] Tests run: 4, Failures: 0, Errors: 0, Skipped: 0, Time elapsed: 0.001 s - in org.apache.commons.collections4.bloomfilter.hasher.DynamicHasherTest
[INFO] Running org.apache.commons.collections4.bloomfilter.hasher.function.Murmur32x86IterativeTest
[INFO] Tests run: 2, Failures: 0, Errors: 0, Skipped: 0, Time elapsed: 0.001 s - in org.apache.commons.collections4.bloomfilter.hasher.function.Murmur32x86IterativeTest
[INFO] Running org.apache.commons.collections4.bloomfilter.hasher.function.ObjectsHashIterativeTest
[INFO] Tests run: 2, Failures: 0, Errors: 0, Skipped: 0, Time elapsed: 0 s - in org.apache.commons.collections4.bloomfilter.hasher.function.ObjectsHashIterativeTest
[INFO] Running org.apache.commons.collections4.bloomfilter.hasher.function.MD5CyclicTest
[INFO] Tests run: 2, Failures: 0, Errors: 0, Skipped: 0, Time elapsed: 0.001 s - in org.apache.commons.collections4.bloomfilter.hasher.function.MD5CyclicTest
[INFO] Running org.apache.commons.collections4.bloomfilter.hasher.function.Murmur128x86CyclicTest
[INFO] Tests run: 2, Failures: 0, Errors: 0, Skipped: 0, Time elapsed: 0 s - in org.apache.commons.collections4.bloomfilter.hasher.function.Murmur128x86CyclicTest
[INFO] Running org.apache.commons.collections4.bloomfilter.hasher.DeepComparatorTest
[INFO] Tests run: 6, Failures: 0, Errors: 0, Skipped: 0, Time elapsed: 0 s - in org.apache.commons.collections4.bloomfilter.hasher.DeepComparatorTest
[INFO] Running org.apache.commons.collections4.bloomfilter.hasher.ShapeTest
[INFO] Tests run: 23, Failures: 0, Errors: 0, Skipped: 0, Time elapsed: 0.001 s - in org.apache.commons.collections4.bloomfilter.hasher.ShapeTest
[INFO] Running org.apache.commons.collections4.bloomfilter.hasher.DynamicHasherBuilderTest
[INFO] Tests run: 4, Failures: 0, Errors: 0, Skipped: 0, Time elapsed: 0 s - in org.apache.commons.collections4.bloomfilter.hasher.DynamicHasherBuilderTest
[INFO] Running org.apache.commons.collections4.bloomfilter.hasher.CommonComparatorTest
[INFO] Tests run: 6, Failures: 0, Errors: 0, Skipped: 0, Time elapsed: 0 s - in org.apache.commons.collections4.bloomfilter.hasher.CommonComparatorTest
[INFO] Running org.apache.commons.collections4.bloomfilter.CountingBloomFilterTest
[INFO] Tests run: 32, Failures: 0, Errors: 0, Skipped: 0, Time elapsed: 0.013 s - in org.apache.commons.collections4.bloomfilter.CountingBloomFilterTest
[INFO] 
[INFO] Results:
[INFO] 
[INFO] Tests run: 175, Failures: 0, Errors: 0, Skipped: 0
[INFO] 
[INFO] 
[INFO] <<< starts-maven-plugin:1.3:starts (default-cli) < [starts]test @ commons-collections4 <<<
[INFO] 
[INFO] 
[INFO] --- starts-maven-plugin:1.3:starts (default-cli) @ commons-collections4 ---
[INFO] ------------------------------------------------------------------------
[INFO] BUILD SUCCESS
[INFO] ------------------------------------------------------------------------
[INFO] Total time:  31.799 s
[INFO] Finished at: 2020-05-18T13:18:19-06:00
[INFO] ------------------------------------------------------------------------
