[INFO] Scanning for projects...
[INFO] 
[INFO] ----------------------< commons-cli:commons-cli >-----------------------
[INFO] Building Apache Commons CLI 1.5-SNAPSHOT
[INFO] --------------------------------[ jar ]---------------------------------
[INFO] 
[INFO] >>> starts-maven-plugin:1.3:starts (default-cli) > [starts]test @ commons-cli >>>
[INFO] 
[INFO] --- maven-enforcer-plugin:3.0.0-M2:enforce (enforce-maven-version) @ commons-cli ---
[INFO] 
[INFO] --- maven-enforcer-plugin:3.0.0-M2:enforce (enforce-maven-3) @ commons-cli ---
[INFO] 
[INFO] --- apache-rat-plugin:0.13:check (rat-check) @ commons-cli ---
[INFO] RAT will not execute since it is configured to be skipped via system property 'rat.skip'.
[INFO] 
[INFO] --- build-helper-maven-plugin:3.0.0:parse-version (parse-version) @ commons-cli ---
[INFO] 
[INFO] --- maven-antrun-plugin:1.7:run (javadoc.resources) @ commons-cli ---
[INFO] Executing tasks

main:
[INFO] Executed tasks
[INFO] 
[INFO] --- maven-remote-resources-plugin:1.5:process (process-resource-bundles) @ commons-cli ---
[INFO] 
[INFO] --- buildnumber-maven-plugin:1.4:create (default) @ commons-cli ---
[INFO] Executing: /bin/sh -c cd '/s/chopin/a/grad/mkshin/newResearch/STARTS/commonCLI/workingDir' && 'git' 'rev-parse' '--verify' 'HEAD'
[INFO] Working directory: /s/chopin/a/grad/mkshin/newResearch/STARTS/commonCLI/workingDir
[INFO] Storing buildNumber: ?????? at timestamp: 1620931235322
[WARNING] Cannot get the branch information from the git repository: 
Detecting the current branch failed: fatal: not a git repository (or any parent up to mount point /s/chopin)
Stopping at filesystem boundary (GIT_DISCOVERY_ACROSS_FILESYSTEM not set).

[INFO] Executing: /bin/sh -c cd '/s/chopin/a/grad/mkshin/newResearch/STARTS/commonCLI/workingDir' && 'git' 'rev-parse' '--verify' 'HEAD'
[INFO] Working directory: /s/chopin/a/grad/mkshin/newResearch/STARTS/commonCLI/workingDir
[INFO] Storing buildScmBranch: UNKNOWN_BRANCH
[INFO] 
[INFO] --- maven-resources-plugin:3.1.0:resources (default-resources) @ commons-cli ---
[INFO] Using 'utf-8' encoding to copy filtered resources.
[INFO] skip non existing resourceDirectory /s/chopin/a/grad/mkshin/newResearch/STARTS/commonCLI/workingDir/src/main/resources
[INFO] Copying 2 resources to META-INF
[INFO] 
[INFO] --- maven-compiler-plugin:3.8.0:compile (default-compile) @ commons-cli ---
[INFO] Changes detected - recompiling the module!
[INFO] Compiling 23 source files to /s/chopin/a/grad/mkshin/newResearch/STARTS/commonCLI/workingDir/target/classes
[INFO] /s/chopin/a/grad/mkshin/newResearch/STARTS/commonCLI/workingDir/src/main/java/org/apache/commons/cli/Parser.java: Some input files use unchecked or unsafe operations.
[INFO] /s/chopin/a/grad/mkshin/newResearch/STARTS/commonCLI/workingDir/src/main/java/org/apache/commons/cli/Parser.java: Recompile with -Xlint:unchecked for details.
[INFO] 
[INFO] --- maven-bundle-plugin:4.1.0:manifest (bundle-manifest) @ commons-cli ---
[INFO] 
[INFO] --- animal-sniffer-maven-plugin:1.17:check (checkAPIcompatibility) @ commons-cli ---
[INFO] Checking unresolved references to org.codehaus.mojo.signature:java17:1.0
[INFO] 
[INFO] --- maven-resources-plugin:3.1.0:testResources (default-testResources) @ commons-cli ---
[INFO] Using 'utf-8' encoding to copy filtered resources.
[INFO] Copying 2 resources
[INFO] Copying 2 resources to META-INF
[INFO] 
[INFO] --- maven-compiler-plugin:3.8.0:testCompile (default-testCompile) @ commons-cli ---
[INFO] Nothing to compile - all classes are up to date
[INFO] 
[INFO] --- jacoco-maven-plugin:0.8.3:prepare-agent (prepare-agent) @ commons-cli ---
[INFO] argLine set to -javaagent:/s/chopin/a/grad/mkshin/.m2/repository/org/jacoco/org.jacoco.agent/0.8.3/org.jacoco.agent-0.8.3-runtime.jar=destfile=/s/chopin/a/grad/mkshin/newResearch/STARTS/commonCLI/workingDir/target/jacoco.exec
[INFO] 
[INFO] >>> starts-maven-plugin:1.3:run (default-cli) > test-compile @ commons-cli >>>
[INFO] 
[INFO] --- maven-enforcer-plugin:3.0.0-M2:enforce (enforce-maven-version) @ commons-cli ---
[INFO] 
[INFO] --- maven-enforcer-plugin:3.0.0-M2:enforce (enforce-maven-3) @ commons-cli ---
[INFO] 
[INFO] --- apache-rat-plugin:0.13:check (rat-check) @ commons-cli ---
[INFO] RAT will not execute since it is configured to be skipped via system property 'rat.skip'.
[INFO] 
[INFO] --- build-helper-maven-plugin:3.0.0:parse-version (parse-version) @ commons-cli ---
[INFO] 
[INFO] --- maven-antrun-plugin:1.7:run (javadoc.resources) @ commons-cli ---
[INFO] Executing tasks

main:
[INFO] Executed tasks
[INFO] 
[INFO] --- maven-remote-resources-plugin:1.5:process (process-resource-bundles) @ commons-cli ---
[INFO] 
[INFO] --- buildnumber-maven-plugin:1.4:create (default) @ commons-cli ---
[INFO] Executing: /bin/sh -c cd '/s/chopin/a/grad/mkshin/newResearch/STARTS/commonCLI/workingDir' && 'git' 'rev-parse' '--verify' 'HEAD'
[INFO] Working directory: /s/chopin/a/grad/mkshin/newResearch/STARTS/commonCLI/workingDir
[INFO] Storing buildNumber: ?????? at timestamp: 1620931238568
[WARNING] Cannot get the branch information from the git repository: 
Detecting the current branch failed: fatal: not a git repository (or any parent up to mount point /s/chopin)
Stopping at filesystem boundary (GIT_DISCOVERY_ACROSS_FILESYSTEM not set).

[INFO] Executing: /bin/sh -c cd '/s/chopin/a/grad/mkshin/newResearch/STARTS/commonCLI/workingDir' && 'git' 'rev-parse' '--verify' 'HEAD'
[INFO] Working directory: /s/chopin/a/grad/mkshin/newResearch/STARTS/commonCLI/workingDir
[INFO] Storing buildScmBranch: UNKNOWN_BRANCH
[INFO] 
[INFO] --- maven-resources-plugin:3.1.0:resources (default-resources) @ commons-cli ---
[INFO] Using 'utf-8' encoding to copy filtered resources.
[INFO] skip non existing resourceDirectory /s/chopin/a/grad/mkshin/newResearch/STARTS/commonCLI/workingDir/src/main/resources
[INFO] Copying 2 resources to META-INF
[INFO] 
[INFO] --- maven-compiler-plugin:3.8.0:compile (default-compile) @ commons-cli ---
[INFO] Changes detected - recompiling the module!
[INFO] Compiling 23 source files to /s/chopin/a/grad/mkshin/newResearch/STARTS/commonCLI/workingDir/target/classes
[INFO] /s/chopin/a/grad/mkshin/newResearch/STARTS/commonCLI/workingDir/src/main/java/org/apache/commons/cli/Parser.java: Some input files use unchecked or unsafe operations.
[INFO] /s/chopin/a/grad/mkshin/newResearch/STARTS/commonCLI/workingDir/src/main/java/org/apache/commons/cli/Parser.java: Recompile with -Xlint:unchecked for details.
[INFO] 
[INFO] --- maven-bundle-plugin:4.1.0:manifest (bundle-manifest) @ commons-cli ---
[INFO] 
[INFO] --- animal-sniffer-maven-plugin:1.17:check (checkAPIcompatibility) @ commons-cli ---
[INFO] Checking unresolved references to org.codehaus.mojo.signature:java17:1.0
[INFO] 
[INFO] --- maven-resources-plugin:3.1.0:testResources (default-testResources) @ commons-cli ---
[INFO] Using 'utf-8' encoding to copy filtered resources.
[INFO] Copying 2 resources
[INFO] Copying 2 resources to META-INF
[INFO] 
[INFO] --- maven-compiler-plugin:3.8.0:testCompile (default-testCompile) @ commons-cli ---
[INFO] Nothing to compile - all classes are up to date
[INFO] 
[INFO] <<< starts-maven-plugin:1.3:run (default-cli) < test-compile @ commons-cli <<<
[INFO] 
[INFO] 
[INFO] --- starts-maven-plugin:1.3:run (default-cli) @ commons-cli ---
INFO: ALL(count): 61
INFO: UNREACHED(count): 0
INFO: STARTS:Nodes: 593
INFO: STARTS:Edges: 4085
INFO: STARTS:AffectedTests: 21
INFO: STARTS:TotalTests: 29
[INFO] 
[INFO] --- maven-surefire-plugin:2.22.1:test (default-test) @ commons-cli ---
[INFO] 
[INFO] -------------------------------------------------------
[INFO]  T E S T S
[INFO] -------------------------------------------------------
[INFO] Running org.apache.commons.cli.ArgumentIsOptionTest
[INFO] Tests run: 3, Failures: 0, Errors: 0, Skipped: 0, Time elapsed: 0.093 s - in org.apache.commons.cli.ArgumentIsOptionTest
[INFO] Running org.apache.commons.cli.PosixParserTest
[WARNING] Tests run: 58, Failures: 0, Errors: 0, Skipped: 9, Time elapsed: 0.024 s - in org.apache.commons.cli.PosixParserTest
[INFO] Running org.apache.commons.cli.ValuesTest
[INFO] Tests run: 7, Failures: 0, Errors: 0, Skipped: 0, Time elapsed: 0.001 s - in org.apache.commons.cli.ValuesTest
[INFO] Running org.apache.commons.cli.OptionsTest
[INFO] Tests run: 10, Failures: 0, Errors: 0, Skipped: 0, Time elapsed: 0 s - in org.apache.commons.cli.OptionsTest
[INFO] Running org.apache.commons.cli.DefaultParserTest
[INFO] Tests run: 58, Failures: 0, Errors: 0, Skipped: 0, Time elapsed: 0.041 s - in org.apache.commons.cli.DefaultParserTest
[INFO] Running org.apache.commons.cli.PatternOptionBuilderTest
[INFO] Tests run: 10, Failures: 0, Errors: 0, Skipped: 0, Time elapsed: 0.004 s - in org.apache.commons.cli.PatternOptionBuilderTest
[INFO] Running org.apache.commons.cli.bug.BugCLI13Test
[INFO] Tests run: 1, Failures: 0, Errors: 0, Skipped: 0, Time elapsed: 0 s - in org.apache.commons.cli.bug.BugCLI13Test
[INFO] Running org.apache.commons.cli.bug.BugCLI71Test
[INFO] Tests run: 4, Failures: 0, Errors: 0, Skipped: 0, Time elapsed: 0.001 s - in org.apache.commons.cli.bug.BugCLI71Test
[INFO] Running org.apache.commons.cli.bug.BugCLI133Test
[INFO] Tests run: 1, Failures: 0, Errors: 0, Skipped: 0, Time elapsed: 0.001 s - in org.apache.commons.cli.bug.BugCLI133Test
[INFO] Running org.apache.commons.cli.bug.BugCLI252Test
[INFO] Tests run: 2, Failures: 0, Errors: 0, Skipped: 0, Time elapsed: 0 s - in org.apache.commons.cli.bug.BugCLI252Test
[INFO] Running org.apache.commons.cli.bug.BugCLI148Test
[INFO] Tests run: 2, Failures: 0, Errors: 0, Skipped: 0, Time elapsed: 0 s - in org.apache.commons.cli.bug.BugCLI148Test
[INFO] Running org.apache.commons.cli.bug.BugCLI265Test
[INFO] Tests run: 3, Failures: 0, Errors: 0, Skipped: 0, Time elapsed: 0 s - in org.apache.commons.cli.bug.BugCLI265Test
[INFO] Running org.apache.commons.cli.bug.BugsTest
[INFO] Tests run: 12, Failures: 0, Errors: 0, Skipped: 0, Time elapsed: 0 s - in org.apache.commons.cli.bug.BugsTest
[INFO] Running org.apache.commons.cli.DisablePartialMatchingTest
[INFO] Tests run: 2, Failures: 0, Errors: 0, Skipped: 0, Time elapsed: 0.001 s - in org.apache.commons.cli.DisablePartialMatchingTest
[INFO] Running org.apache.commons.cli.ValueTest
[INFO] Tests run: 24, Failures: 0, Errors: 0, Skipped: 0, Time elapsed: 0.001 s - in org.apache.commons.cli.ValueTest
[INFO] Running org.apache.commons.cli.BasicParserTest
[WARNING] Tests run: 58, Failures: 0, Errors: 0, Skipped: 24, Time elapsed: 0.001 s - in org.apache.commons.cli.BasicParserTest
[INFO] Running org.apache.commons.cli.ApplicationTest
[INFO] Tests run: 5, Failures: 0, Errors: 0, Skipped: 0, Time elapsed: 0 s - in org.apache.commons.cli.ApplicationTest
[INFO] Running org.apache.commons.cli.GnuParserTest
[WARNING] Tests run: 58, Failures: 0, Errors: 0, Skipped: 21, Time elapsed: 0.001 s - in org.apache.commons.cli.GnuParserTest
[INFO] Running org.apache.commons.cli.CommandLineTest
[INFO] Tests run: 8, Failures: 0, Errors: 0, Skipped: 0, Time elapsed: 0 s - in org.apache.commons.cli.CommandLineTest
[INFO] Running org.apache.commons.cli.OptionGroupTest
[INFO] Tests run: 13, Failures: 0, Errors: 0, Skipped: 0, Time elapsed: 0.001 s - in org.apache.commons.cli.OptionGroupTest
[INFO] 
[INFO] Results:
[INFO] 
[WARNING] Tests run: 339, Failures: 0, Errors: 0, Skipped: 54
[INFO] 
[INFO] 
[INFO] <<< starts-maven-plugin:1.3:starts (default-cli) < [starts]test @ commons-cli <<<
[INFO] 
[INFO] 
[INFO] --- starts-maven-plugin:1.3:starts (default-cli) @ commons-cli ---
[INFO] ------------------------------------------------------------------------
[INFO] BUILD SUCCESS
[INFO] ------------------------------------------------------------------------
[INFO] Total time:  11.049 s
[INFO] Finished at: 2020-05-18T12:40:43-06:00
[INFO] ------------------------------------------------------------------------
