[INFO] Scanning for projects...
[INFO] 
[INFO] -----------------< org.apache.commons:commons-imaging >-----------------
[INFO] Building Apache Commons Imaging 1.0-alpha2-SNAPSHOT
[INFO] --------------------------------[ jar ]---------------------------------
[INFO] 
[INFO] >>> starts-maven-plugin:1.3:starts (default-cli) > [starts]test @ commons-imaging >>>
[INFO] 
[INFO] --- maven-enforcer-plugin:3.0.0-M2:enforce (enforce-maven-version) @ commons-imaging ---
[INFO] 
[INFO] --- maven-enforcer-plugin:3.0.0-M2:enforce (enforce-maven-3) @ commons-imaging ---
[INFO] 
[INFO] --- apache-rat-plugin:0.13:check (rat-check) @ commons-imaging ---
[INFO] RAT will not execute since it is configured to be skipped via system property 'rat.skip'.
[INFO] 
[INFO] --- build-helper-maven-plugin:3.0.0:parse-version (parse-version) @ commons-imaging ---
[INFO] 
[INFO] --- maven-antrun-plugin:1.8:run (javadoc.resources) @ commons-imaging ---
[INFO] Executing tasks

main:
[INFO] Executed tasks
[INFO] 
[INFO] --- maven-remote-resources-plugin:1.5:process (process-resource-bundles) @ commons-imaging ---
[INFO] 
[INFO] --- buildnumber-maven-plugin:1.4:create (default) @ commons-imaging ---
[INFO] Executing: /bin/sh -c cd '/s/chopin/a/grad/mkshin/newResearch/STARTS/commonsImaging/workingDir' && 'git' 'rev-parse' '--verify' 'HEAD'
[INFO] Working directory: /s/chopin/a/grad/mkshin/newResearch/STARTS/commonsImaging/workingDir
[INFO] Storing buildNumber: ?????? at timestamp: 1620939287105
[WARNING] Cannot get the branch information from the git repository: 
Detecting the current branch failed: fatal: not a git repository (or any parent up to mount point /s/chopin)
Stopping at filesystem boundary (GIT_DISCOVERY_ACROSS_FILESYSTEM not set).

[INFO] Executing: /bin/sh -c cd '/s/chopin/a/grad/mkshin/newResearch/STARTS/commonsImaging/workingDir' && 'git' 'rev-parse' '--verify' 'HEAD'
[INFO] Working directory: /s/chopin/a/grad/mkshin/newResearch/STARTS/commonsImaging/workingDir
[INFO] Storing buildScmBranch: UNKNOWN_BRANCH
[INFO] 
[INFO] --- maven-resources-plugin:3.1.0:resources (default-resources) @ commons-imaging ---
[INFO] Using 'UTF-8' encoding to copy filtered resources.
[INFO] Copying 1 resource
[INFO] Copying 2 resources to META-INF
[INFO] 
[INFO] --- maven-compiler-plugin:3.8.0:compile (default-compile) @ commons-imaging ---
[INFO] Changes detected - recompiling the module!
[INFO] Compiling 363 source files to /s/chopin/a/grad/mkshin/newResearch/STARTS/commonsImaging/workingDir/target/classes
[INFO] 
[INFO] --- maven-bundle-plugin:4.1.0:manifest (bundle-manifest) @ commons-imaging ---
[INFO] 
[INFO] --- animal-sniffer-maven-plugin:1.17:check (checkAPIcompatibility) @ commons-imaging ---
[INFO] Checking unresolved references to org.codehaus.mojo.signature:java17:1.0
[INFO] 
[INFO] --- maven-resources-plugin:3.1.0:testResources (default-testResources) @ commons-imaging ---
[INFO] Using 'UTF-8' encoding to copy filtered resources.
[INFO] Copying 5 resources
[INFO] Copying 2 resources to META-INF
[INFO] 
[INFO] --- maven-compiler-plugin:3.8.0:testCompile (default-testCompile) @ commons-imaging ---
[INFO] Changes detected - recompiling the module!
[INFO] Compiling 160 source files to /s/chopin/a/grad/mkshin/newResearch/STARTS/commonsImaging/workingDir/target/test-classes
[INFO] 
[INFO] --- jacoco-maven-plugin:0.8.3:prepare-agent (prepare-agent) @ commons-imaging ---
[INFO] argLine set to -javaagent:/s/chopin/a/grad/mkshin/.m2/repository/org/jacoco/org.jacoco.agent/0.8.3/org.jacoco.agent-0.8.3-runtime.jar=destfile=/s/chopin/a/grad/mkshin/newResearch/STARTS/commonsImaging/workingDir/target/jacoco.exec -Xmx512m
[INFO] 
[INFO] >>> starts-maven-plugin:1.3:run (default-cli) > test-compile @ commons-imaging >>>
[INFO] 
[INFO] --- maven-enforcer-plugin:3.0.0-M2:enforce (enforce-maven-version) @ commons-imaging ---
[INFO] 
[INFO] --- maven-enforcer-plugin:3.0.0-M2:enforce (enforce-maven-3) @ commons-imaging ---
[INFO] 
[INFO] --- apache-rat-plugin:0.13:check (rat-check) @ commons-imaging ---
[INFO] RAT will not execute since it is configured to be skipped via system property 'rat.skip'.
[INFO] 
[INFO] --- build-helper-maven-plugin:3.0.0:parse-version (parse-version) @ commons-imaging ---
[INFO] 
[INFO] --- maven-antrun-plugin:1.8:run (javadoc.resources) @ commons-imaging ---
[INFO] Executing tasks

main:
[INFO] Executed tasks
[INFO] 
[INFO] --- maven-remote-resources-plugin:1.5:process (process-resource-bundles) @ commons-imaging ---
[INFO] 
[INFO] --- buildnumber-maven-plugin:1.4:create (default) @ commons-imaging ---
[INFO] Executing: /bin/sh -c cd '/s/chopin/a/grad/mkshin/newResearch/STARTS/commonsImaging/workingDir' && 'git' 'rev-parse' '--verify' 'HEAD'
[INFO] Working directory: /s/chopin/a/grad/mkshin/newResearch/STARTS/commonsImaging/workingDir
[INFO] Storing buildNumber: ?????? at timestamp: 1620939296673
[WARNING] Cannot get the branch information from the git repository: 
Detecting the current branch failed: fatal: not a git repository (or any parent up to mount point /s/chopin)
Stopping at filesystem boundary (GIT_DISCOVERY_ACROSS_FILESYSTEM not set).

[INFO] Executing: /bin/sh -c cd '/s/chopin/a/grad/mkshin/newResearch/STARTS/commonsImaging/workingDir' && 'git' 'rev-parse' '--verify' 'HEAD'
[INFO] Working directory: /s/chopin/a/grad/mkshin/newResearch/STARTS/commonsImaging/workingDir
[INFO] Storing buildScmBranch: UNKNOWN_BRANCH
[INFO] 
[INFO] --- maven-resources-plugin:3.1.0:resources (default-resources) @ commons-imaging ---
[INFO] Using 'UTF-8' encoding to copy filtered resources.
[INFO] Copying 1 resource
[INFO] Copying 2 resources to META-INF
[INFO] 
[INFO] --- maven-compiler-plugin:3.8.0:compile (default-compile) @ commons-imaging ---
[INFO] Changes detected - recompiling the module!
[INFO] Compiling 363 source files to /s/chopin/a/grad/mkshin/newResearch/STARTS/commonsImaging/workingDir/target/classes
[INFO] 
[INFO] --- maven-bundle-plugin:4.1.0:manifest (bundle-manifest) @ commons-imaging ---
[INFO] 
[INFO] --- animal-sniffer-maven-plugin:1.17:check (checkAPIcompatibility) @ commons-imaging ---
[INFO] Checking unresolved references to org.codehaus.mojo.signature:java17:1.0
[INFO] 
[INFO] --- maven-resources-plugin:3.1.0:testResources (default-testResources) @ commons-imaging ---
[INFO] Using 'UTF-8' encoding to copy filtered resources.
[INFO] Copying 5 resources
[INFO] Copying 2 resources to META-INF
[INFO] 
[INFO] --- maven-compiler-plugin:3.8.0:testCompile (default-testCompile) @ commons-imaging ---
[INFO] Nothing to compile - all classes are up to date
[INFO] 
[INFO] <<< starts-maven-plugin:1.3:run (default-cli) < test-compile @ commons-imaging <<<
[INFO] 
[INFO] 
[INFO] --- starts-maven-plugin:1.3:run (default-cli) @ commons-imaging ---
INFO: ALL(count): 603
INFO: UNREACHED(count): 7
INFO: STARTS:Nodes: 1309
INFO: STARTS:Edges: 10879
INFO: STARTS:AffectedTests: 10
INFO: STARTS:TotalTests: 147
[INFO] 
[INFO] --- maven-surefire-plugin:2.22.1:test (default-test) @ commons-imaging ---
[INFO] 
[INFO] -------------------------------------------------------
[INFO]  T E S T S
[INFO] -------------------------------------------------------
[INFO] Running org.apache.commons.imaging.palette.DitheringTest
[INFO] Tests run: 2, Failures: 0, Errors: 0, Skipped: 0, Time elapsed: 0.108 s - in org.apache.commons.imaging.palette.DitheringTest
[INFO] Running org.apache.commons.imaging.formats.pnm.PpmFileInfoTest
[INFO] Tests run: 2, Failures: 0, Errors: 0, Skipped: 0, Time elapsed: 0 s - in org.apache.commons.imaging.formats.pnm.PpmFileInfoTest
[INFO] Running org.apache.commons.imaging.formats.pnm.PgmFileInfoTest
[INFO] Tests run: 3, Failures: 0, Errors: 0, Skipped: 0, Time elapsed: 0.001 s - in org.apache.commons.imaging.formats.pnm.PgmFileInfoTest
[INFO] Running org.apache.commons.imaging.formats.jpeg.segments.App2SegmentTest
[INFO] Tests run: 3, Failures: 0, Errors: 0, Skipped: 0, Time elapsed: 0.001 s - in org.apache.commons.imaging.formats.jpeg.segments.App2SegmentTest
[INFO] Running org.apache.commons.imaging.formats.jpeg.decoder.JpegInputStreamTest
[INFO] Tests run: 2, Failures: 0, Errors: 0, Skipped: 0, Time elapsed: 0 s - in org.apache.commons.imaging.formats.jpeg.decoder.JpegInputStreamTest
[INFO] Running org.apache.commons.imaging.formats.tiff.fieldtypes.FieldTypeRationalTest
[INFO] Tests run: 2, Failures: 0, Errors: 0, Skipped: 0, Time elapsed: 0.001 s - in org.apache.commons.imaging.formats.tiff.fieldtypes.FieldTypeRationalTest
[INFO] Running org.apache.commons.imaging.formats.tiff.fieldtypes.FieldTypeAsciiTest
[INFO] Tests run: 3, Failures: 0, Errors: 0, Skipped: 0, Time elapsed: 0.085 s - in org.apache.commons.imaging.formats.tiff.fieldtypes.FieldTypeAsciiTest
[INFO] Running org.apache.commons.imaging.formats.tiff.taginfos.TagInfoByteOrShortTest
[INFO] Tests run: 2, Failures: 0, Errors: 0, Skipped: 0, Time elapsed: 0.001 s - in org.apache.commons.imaging.formats.tiff.taginfos.TagInfoByteOrShortTest
[INFO] Running org.apache.commons.imaging.color.ColorCmyTest
[INFO] Tests run: 6, Failures: 0, Errors: 0, Skipped: 0, Time elapsed: 0.003 s - in org.apache.commons.imaging.color.ColorCmyTest
[INFO] Running org.apache.commons.imaging.color.ColorHslTest
[INFO] Tests run: 6, Failures: 0, Errors: 0, Skipped: 0, Time elapsed: 0 s - in org.apache.commons.imaging.color.ColorHslTest
[INFO] 
[INFO] Results:
[INFO] 
[INFO] Tests run: 31, Failures: 0, Errors: 0, Skipped: 0
[INFO] 
[INFO] 
[INFO] --- animal-sniffer-maven-plugin:1.17:check (check-java-api) @ commons-imaging ---
[INFO] Checking unresolved references to org.codehaus.mojo.signature:java17:1.0
[INFO] 
[INFO] <<< starts-maven-plugin:1.3:starts (default-cli) < [starts]test @ commons-imaging <<<
[INFO] 
[INFO] 
[INFO] --- starts-maven-plugin:1.3:starts (default-cli) @ commons-imaging ---
[INFO] ------------------------------------------------------------------------
[INFO] BUILD SUCCESS
[INFO] ------------------------------------------------------------------------
[INFO] Total time:  22.409 s
[INFO] Finished at: 2020-05-18T14:55:06-06:00
[INFO] ------------------------------------------------------------------------
