[INFO] Scanning for projects...
[INFO] 
[INFO] -----------------< org.apache.commons:commons-imaging >-----------------
[INFO] Building Apache Commons Imaging 1.0-SNAPSHOT
[INFO] --------------------------------[ jar ]---------------------------------
[INFO] 
[INFO] >>> ekstazi-maven-plugin:4.6.3:ekstazi (default-cli) > [ekstazi]test @ commons-imaging >>>
[INFO] 
[INFO] --- maven-enforcer-plugin:3.0.0-M2:enforce (enforce-maven-version) @ commons-imaging ---
[INFO] 
[INFO] --- maven-enforcer-plugin:3.0.0-M2:enforce (enforce-maven-3) @ commons-imaging ---
[INFO] 
[INFO] --- apache-rat-plugin:0.13:check (rat-check) @ commons-imaging ---
[INFO] RAT will not execute since it is configured to be skipped via system property 'rat.skip'.
[INFO] 
[INFO] --- build-helper-maven-plugin:3.0.0:parse-version (parse-version) @ commons-imaging ---
[INFO] 
[INFO] --- maven-antrun-plugin:1.8:run (javadoc.resources) @ commons-imaging ---
[INFO] Executing tasks

main:
     [copy] Copying 2 files to /s/smith/b/nobackup/mkshin/Spring2020/Research/Ekstazi/commonsImaging/workingDir/target/apidocs/META-INF
[INFO] Executed tasks
[INFO] 
[INFO] --- maven-remote-resources-plugin:1.5:process (process-resource-bundles) @ commons-imaging ---
[INFO] 
[INFO] --- buildnumber-maven-plugin:1.4:create (default) @ commons-imaging ---
[INFO] Executing: /bin/sh -c cd '/s/smith/b/nobackup/mkshin/Spring2020/Research/Ekstazi/commonsImaging/workingDir' && 'git' 'rev-parse' '--verify' 'HEAD'
[INFO] Working directory: /s/smith/b/nobackup/mkshin/Spring2020/Research/Ekstazi/commonsImaging/workingDir
[INFO] Storing buildNumber: ?????? at timestamp: 1589865816676
[WARNING] Cannot get the branch information from the git repository: 
Detecting the current branch failed: fatal: not a git repository (or any parent up to mount point /s/smith)
Stopping at filesystem boundary (GIT_DISCOVERY_ACROSS_FILESYSTEM not set).

[INFO] Executing: /bin/sh -c cd '/s/smith/b/nobackup/mkshin/Spring2020/Research/Ekstazi/commonsImaging/workingDir' && 'git' 'rev-parse' '--verify' 'HEAD'
[INFO] Working directory: /s/smith/b/nobackup/mkshin/Spring2020/Research/Ekstazi/commonsImaging/workingDir
[INFO] Storing buildScmBranch: UNKNOWN_BRANCH
[INFO] 
[INFO] --- maven-resources-plugin:3.1.0:resources (default-resources) @ commons-imaging ---
[INFO] Using 'UTF-8' encoding to copy filtered resources.
[INFO] Copying 1 resource
[INFO] Copying 2 resources to META-INF
[INFO] 
[INFO] --- maven-compiler-plugin:3.8.0:compile (default-compile) @ commons-imaging ---
[INFO] Changes detected - recompiling the module!
[INFO] Compiling 362 source files to /s/smith/b/nobackup/mkshin/Spring2020/Research/Ekstazi/commonsImaging/workingDir/target/classes
[INFO] 
[INFO] --- maven-bundle-plugin:4.1.0:manifest (bundle-manifest) @ commons-imaging ---
[INFO] 
[INFO] --- animal-sniffer-maven-plugin:1.17:check (checkAPIcompatibility) @ commons-imaging ---
[INFO] Checking unresolved references to org.codehaus.mojo.signature:java17:1.0
[INFO] 
[INFO] --- maven-resources-plugin:3.1.0:testResources (default-testResources) @ commons-imaging ---
[INFO] Using 'UTF-8' encoding to copy filtered resources.
[INFO] Copying 4 resources
[INFO] Copying 2 resources to META-INF
[INFO] 
[INFO] --- maven-compiler-plugin:3.8.0:testCompile (default-testCompile) @ commons-imaging ---
[INFO] Changes detected - recompiling the module!
[INFO] Compiling 150 source files to /s/smith/b/nobackup/mkshin/Spring2020/Research/Ekstazi/commonsImaging/workingDir/target/test-classes
[INFO] 
[INFO] --- jacoco-maven-plugin:0.8.3:prepare-agent (prepare-agent) @ commons-imaging ---
[INFO] argLine set to -javaagent:/s/chopin/a/grad/mkshin/.m2/repository/org/jacoco/org.jacoco.agent/0.8.3/org.jacoco.agent-0.8.3-runtime.jar=destfile=/s/smith/b/nobackup/mkshin/Spring2020/Research/Ekstazi/commonsImaging/workingDir/target/jacoco.exec -Xmx512m
[INFO] 
[INFO] --- ekstazi-maven-plugin:4.6.3:select (ekstazi) @ commons-imaging ---
[INFO] 
[INFO] --- ekstazi-maven-plugin:4.6.3:select (default-cli) @ commons-imaging ---
[INFO] 
[INFO] --- maven-surefire-plugin:2.22.1:test (default-test) @ commons-imaging ---
[INFO] 
[INFO] -------------------------------------------------------
[INFO]  T E S T S
[INFO] -------------------------------------------------------
[INFO] Running org.apache.commons.imaging.common.RgbBufferedImageFactoryTest
[INFO] Tests run: 1, Failures: 0, Errors: 0, Skipped: 0, Time elapsed: 0.096 s - in org.apache.commons.imaging.common.RgbBufferedImageFactoryTest
[INFO] Running org.apache.commons.imaging.common.BinaryFileFunctionsTest
[INFO] Tests run: 2, Failures: 0, Errors: 0, Skipped: 0, Time elapsed: 0.153 s - in org.apache.commons.imaging.common.BinaryFileFunctionsTest
[INFO] Running org.apache.commons.imaging.common.RationalNumberTest
[INFO] Tests run: 65, Failures: 0, Errors: 0, Skipped: 0, Time elapsed: 0.069 s - in org.apache.commons.imaging.common.RationalNumberTest
[INFO] Running org.apache.commons.imaging.common.itu_t4.HuffmanTreeExceptionTest
[INFO] Tests run: 1, Failures: 0, Errors: 0, Skipped: 0, Time elapsed: 0.005 s - in org.apache.commons.imaging.common.itu_t4.HuffmanTreeExceptionTest
[INFO] Running org.apache.commons.imaging.common.itu_t4.T4_T6_TablesTest
[INFO] Tests run: 1, Failures: 0, Errors: 0, Skipped: 0, Time elapsed: 0.013 s - in org.apache.commons.imaging.common.itu_t4.T4_T6_TablesTest
[INFO] Running org.apache.commons.imaging.common.bytesource.ByteSourceDataTest
[INFO] Tests run: 20, Failures: 0, Errors: 0, Skipped: 0, Time elapsed: 0.104 s - in org.apache.commons.imaging.common.bytesource.ByteSourceDataTest
[INFO] Running org.apache.commons.imaging.common.bytesource.ByteSourceImageTest
[INFO] Tests run: 164, Failures: 0, Errors: 0, Skipped: 0, Time elapsed: 1.905 s - in org.apache.commons.imaging.common.bytesource.ByteSourceImageTest
[INFO] Running org.apache.commons.imaging.palette.PaletteQuantizationTest
[INFO] Tests run: 1, Failures: 0, Errors: 0, Skipped: 0, Time elapsed: 0.096 s - in org.apache.commons.imaging.palette.PaletteQuantizationTest
[INFO] Running org.apache.commons.imaging.palette.SimplePaletteTest
[INFO] Tests run: 1, Failures: 0, Errors: 0, Skipped: 0, Time elapsed: 0.004 s - in org.apache.commons.imaging.palette.SimplePaletteTest
[INFO] Running org.apache.commons.imaging.ImageDumpTest
[INFO] Tests run: 2, Failures: 0, Errors: 0, Skipped: 0, Time elapsed: 0.026 s - in org.apache.commons.imaging.ImageDumpTest
[INFO] Running org.apache.commons.imaging.roundtrip.LimitedColorRoundtripTest
[INFO] Tests run: 1, Failures: 0, Errors: 0, Skipped: 0, Time elapsed: 2.653 s - in org.apache.commons.imaging.roundtrip.LimitedColorRoundtripTest
[INFO] Running org.apache.commons.imaging.roundtrip.BitmapRoundtripTest
[INFO] Tests run: 1, Failures: 0, Errors: 0, Skipped: 0, Time elapsed: 4.014 s - in org.apache.commons.imaging.roundtrip.BitmapRoundtripTest
[INFO] Running org.apache.commons.imaging.roundtrip.NullParametersRoundtripTest
[INFO] Tests run: 1, Failures: 0, Errors: 0, Skipped: 0, Time elapsed: 0.025 s - in org.apache.commons.imaging.roundtrip.NullParametersRoundtripTest
[INFO] Running org.apache.commons.imaging.roundtrip.GrayscaleRountripTest
[INFO] Tests run: 1, Failures: 0, Errors: 0, Skipped: 0, Time elapsed: 5.447 s - in org.apache.commons.imaging.roundtrip.GrayscaleRountripTest
[INFO] Running org.apache.commons.imaging.formats.tiff.TiffRoundtripTest
[INFO] Tests run: 1, Failures: 0, Errors: 0, Skipped: 0, Time elapsed: 13.776 s - in org.apache.commons.imaging.formats.tiff.TiffRoundtripTest
[INFO] Running org.apache.commons.imaging.formats.tiff.JpegImageDataTest
[INFO] Tests run: 1, Failures: 0, Errors: 0, Skipped: 0, Time elapsed: 0.001 s - in org.apache.commons.imaging.formats.tiff.JpegImageDataTest
[INFO] Running org.apache.commons.imaging.formats.tiff.TiffTagsTest
[INFO] Tests run: 1, Failures: 0, Errors: 0, Skipped: 0, Time elapsed: 0 s - in org.apache.commons.imaging.formats.tiff.TiffTagsTest
[INFO] Running org.apache.commons.imaging.formats.tiff.fieldtypes.FieldTypeLongTest
[INFO] Tests run: 1, Failures: 0, Errors: 0, Skipped: 0, Time elapsed: 0 s - in org.apache.commons.imaging.formats.tiff.fieldtypes.FieldTypeLongTest
[INFO] Running org.apache.commons.imaging.formats.tiff.fieldtypes.FieldTypeTest
[INFO] Tests run: 1, Failures: 0, Errors: 0, Skipped: 0, Time elapsed: 0.003 s - in org.apache.commons.imaging.formats.tiff.fieldtypes.FieldTypeTest
[INFO] Running org.apache.commons.imaging.formats.tiff.fieldtypes.FieldTypeByteTest
[INFO] Tests run: 1, Failures: 0, Errors: 0, Skipped: 0, Time elapsed: 0.005 s - in org.apache.commons.imaging.formats.tiff.fieldtypes.FieldTypeByteTest
[INFO] Running org.apache.commons.imaging.formats.tiff.fieldtypes.FieldTypeShortTest
[INFO] Tests run: 1, Failures: 0, Errors: 0, Skipped: 0, Time elapsed: 0 s - in org.apache.commons.imaging.formats.tiff.fieldtypes.FieldTypeShortTest
[INFO] Running org.apache.commons.imaging.formats.tiff.taginfos.TagInfoSByteTest
[INFO] Tests run: 1, Failures: 0, Errors: 0, Skipped: 0, Time elapsed: 0 s - in org.apache.commons.imaging.formats.tiff.taginfos.TagInfoSByteTest
[INFO] Running org.apache.commons.imaging.formats.tiff.taginfos.TagInfoSBytesTest
[INFO] Tests run: 1, Failures: 0, Errors: 0, Skipped: 0, Time elapsed: 0.002 s - in org.apache.commons.imaging.formats.tiff.taginfos.TagInfoSBytesTest
[INFO] Running org.apache.commons.imaging.formats.tiff.taginfos.TagInfoSShortsTest
[INFO] Tests run: 1, Failures: 0, Errors: 0, Skipped: 0, Time elapsed: 0.003 s - in org.apache.commons.imaging.formats.tiff.taginfos.TagInfoSShortsTest
[INFO] Running org.apache.commons.imaging.formats.tiff.taginfos.TagInfoSShortTest
[INFO] Tests run: 1, Failures: 0, Errors: 0, Skipped: 0, Time elapsed: 0.003 s - in org.apache.commons.imaging.formats.tiff.taginfos.TagInfoSShortTest
[INFO] Running org.apache.commons.imaging.formats.tiff.taginfos.TagInfoUnknownTest
[INFO] Tests run: 1, Failures: 0, Errors: 0, Skipped: 0, Time elapsed: 0.003 s - in org.apache.commons.imaging.formats.tiff.taginfos.TagInfoUnknownTest
[INFO] Running org.apache.commons.imaging.formats.tiff.taginfos.TagInfoSLongTest
[INFO] Tests run: 1, Failures: 0, Errors: 0, Skipped: 0, Time elapsed: 0.002 s - in org.apache.commons.imaging.formats.tiff.taginfos.TagInfoSLongTest
[INFO] Running org.apache.commons.imaging.formats.tiff.taginfos.TagInfoByteTest
[INFO] Tests run: 1, Failures: 0, Errors: 0, Skipped: 0, Time elapsed: 0.003 s - in org.apache.commons.imaging.formats.tiff.taginfos.TagInfoByteTest
[INFO] Running org.apache.commons.imaging.formats.tiff.TiffTagIntegrityTest
[INFO] Tests run: 1, Failures: 0, Errors: 0, Skipped: 0, Time elapsed: 0.011 s - in org.apache.commons.imaging.formats.tiff.TiffTagIntegrityTest
[INFO] Running org.apache.commons.imaging.formats.tiff.write.TiffOutputDirectoryTest
[INFO] Tests run: 1, Failures: 0, Errors: 0, Skipped: 0, Time elapsed: 0.003 s - in org.apache.commons.imaging.formats.tiff.write.TiffOutputDirectoryTest
[INFO] Running org.apache.commons.imaging.formats.tiff.write.TiffOutputSetTest
[INFO] Tests run: 1, Failures: 0, Errors: 0, Skipped: 0, Time elapsed: 0.004 s - in org.apache.commons.imaging.formats.tiff.write.TiffOutputSetTest
[INFO] Running org.apache.commons.imaging.formats.tiff.datareaders.DataReaderStripsTest
[INFO] Tests run: 1, Failures: 0, Errors: 0, Skipped: 0, Time elapsed: 0.004 s - in org.apache.commons.imaging.formats.tiff.datareaders.DataReaderStripsTest
[INFO] Running org.apache.commons.imaging.formats.tiff.TiffReadTest
[INFO] Tests run: 1, Failures: 0, Errors: 0, Skipped: 0, Time elapsed: 0.303 s - in org.apache.commons.imaging.formats.tiff.TiffReadTest
[INFO] Running org.apache.commons.imaging.formats.tiff.TiffReadWriteTagsTest
[INFO] Tests run: 1, Failures: 0, Errors: 0, Skipped: 0, Time elapsed: 0.007 s - in org.apache.commons.imaging.formats.tiff.TiffReadWriteTagsTest
[INFO] Running org.apache.commons.imaging.formats.tiff.TiffSubImageTest
[INFO] Tests run: 1, Failures: 0, Errors: 0, Skipped: 0, Time elapsed: 0.007 s - in org.apache.commons.imaging.formats.tiff.TiffSubImageTest
[INFO] Running org.apache.commons.imaging.formats.tiff.TiffCcittTest
[INFO] Tests run: 2, Failures: 0, Errors: 0, Skipped: 0, Time elapsed: 0.508 s - in org.apache.commons.imaging.formats.tiff.TiffCcittTest
[INFO] Running org.apache.commons.imaging.formats.tiff.TiffLzwTest
[WARNING] Tests run: 3, Failures: 0, Errors: 0, Skipped: 1, Time elapsed: 0.399 s - in org.apache.commons.imaging.formats.tiff.TiffLzwTest
[INFO] Running org.apache.commons.imaging.formats.pam.PamReadTest
[INFO] Tests run: 1, Failures: 0, Errors: 0, Skipped: 0, Time elapsed: 0.009 s - in org.apache.commons.imaging.formats.pam.PamReadTest
[INFO] Running org.apache.commons.imaging.formats.psd.PsdReadTest
[INFO] Tests run: 1, Failures: 0, Errors: 0, Skipped: 0, Time elapsed: 0.034 s - in org.apache.commons.imaging.formats.psd.PsdReadTest
[INFO] Running org.apache.commons.imaging.formats.psd.ImageResourceBlockTest
[INFO] Tests run: 1, Failures: 0, Errors: 0, Skipped: 0, Time elapsed: 0.002 s - in org.apache.commons.imaging.formats.psd.ImageResourceBlockTest
[INFO] Running org.apache.commons.imaging.formats.psd.ImageResourceTypeTest
[INFO] Tests run: 2, Failures: 0, Errors: 0, Skipped: 0, Time elapsed: 0 s - in org.apache.commons.imaging.formats.psd.ImageResourceTypeTest
[INFO] Running org.apache.commons.imaging.formats.psd.dataparsers.DataParserCmykTest
[INFO] Tests run: 1, Failures: 0, Errors: 0, Skipped: 0, Time elapsed: 0.003 s - in org.apache.commons.imaging.formats.psd.dataparsers.DataParserCmykTest
[INFO] Running org.apache.commons.imaging.formats.psd.dataparsers.DataParserIndexedTest
[INFO] Tests run: 1, Failures: 0, Errors: 0, Skipped: 0, Time elapsed: 0.002 s - in org.apache.commons.imaging.formats.psd.dataparsers.DataParserIndexedTest
[INFO] Running org.apache.commons.imaging.formats.psd.dataparsers.DataParserGrayscaleTest
[INFO] Tests run: 1, Failures: 0, Errors: 0, Skipped: 0, Time elapsed: 0.003 s - in org.apache.commons.imaging.formats.psd.dataparsers.DataParserGrayscaleTest
[INFO] Running org.apache.commons.imaging.formats.psd.dataparsers.DataParserLabTest
[INFO] Tests run: 1, Failures: 0, Errors: 0, Skipped: 0, Time elapsed: 0.002 s - in org.apache.commons.imaging.formats.psd.dataparsers.DataParserLabTest
[INFO] Running org.apache.commons.imaging.formats.xbm.XbmReadTest
[INFO] Tests run: 1, Failures: 0, Errors: 0, Skipped: 0, Time elapsed: 0.017 s - in org.apache.commons.imaging.formats.xbm.XbmReadTest
[INFO] Running org.apache.commons.imaging.formats.icns.IcnsRoundTripTest
[INFO] Tests run: 8, Failures: 0, Errors: 0, Skipped: 0, Time elapsed: 0.013 s - in org.apache.commons.imaging.formats.icns.IcnsRoundTripTest
[INFO] Running org.apache.commons.imaging.formats.icns.IcnsReadTest
[WARNING] Tests run: 9, Failures: 0, Errors: 0, Skipped: 3, Time elapsed: 0.014 s - in org.apache.commons.imaging.formats.icns.IcnsReadTest
[INFO] Running org.apache.commons.imaging.formats.png.chunks.PngChunkTextTest
[INFO] Tests run: 1, Failures: 0, Errors: 0, Skipped: 0, Time elapsed: 0.003 s - in org.apache.commons.imaging.formats.png.chunks.PngChunkTextTest
[INFO] Running org.apache.commons.imaging.formats.png.chunks.PngChunkScalTest
[INFO] Tests run: 7, Failures: 0, Errors: 0, Skipped: 0, Time elapsed: 0.006 s - in org.apache.commons.imaging.formats.png.chunks.PngChunkScalTest
[INFO] Running org.apache.commons.imaging.formats.png.PngTextTest
[INFO] Tests run: 1, Failures: 0, Errors: 0, Skipped: 0, Time elapsed: 0.008 s - in org.apache.commons.imaging.formats.png.PngTextTest
[INFO] Running org.apache.commons.imaging.formats.png.scanlinefilters.ScanlineFilterUpTest
[INFO] Tests run: 1, Failures: 0, Errors: 0, Skipped: 0, Time elapsed: 0.002 s - in org.apache.commons.imaging.formats.png.scanlinefilters.ScanlineFilterUpTest
[INFO] Running org.apache.commons.imaging.formats.png.scanlinefilters.ScanlineFilterAverageTest
[INFO] Tests run: 1, Failures: 0, Errors: 0, Skipped: 0, Time elapsed: 0.003 s - in org.apache.commons.imaging.formats.png.scanlinefilters.ScanlineFilterAverageTest
[INFO] Running org.apache.commons.imaging.formats.png.scanlinefilters.ScanlineFilterPaethTest
[INFO] Tests run: 1, Failures: 0, Errors: 0, Skipped: 0, Time elapsed: 0.002 s - in org.apache.commons.imaging.formats.png.scanlinefilters.ScanlineFilterPaethTest
[INFO] Running org.apache.commons.imaging.formats.png.PhysicalScaleTest
[INFO] Tests run: 2, Failures: 0, Errors: 0, Skipped: 0, Time elapsed: 0.003 s - in org.apache.commons.imaging.formats.png.PhysicalScaleTest
[INFO] Running org.apache.commons.imaging.formats.png.PngCrcTest
[INFO] Tests run: 1, Failures: 0, Errors: 0, Skipped: 0, Time elapsed: 0.003 s - in org.apache.commons.imaging.formats.png.PngCrcTest
[INFO] Running org.apache.commons.imaging.formats.png.ConvertPngToGifTest
[INFO] Tests run: 1, Failures: 0, Errors: 0, Skipped: 0, Time elapsed: 0.569 s - in org.apache.commons.imaging.formats.png.ConvertPngToGifTest
[INFO] Running org.apache.commons.imaging.formats.png.PngWriteReadTest
[INFO] Tests run: 5, Failures: 0, Errors: 0, Skipped: 0, Time elapsed: 0.236 s - in org.apache.commons.imaging.formats.png.PngWriteReadTest
[INFO] Running org.apache.commons.imaging.formats.png.transparencyfilters.TransparencyFilterIndexedColorTest
[INFO] Tests run: 1, Failures: 0, Errors: 0, Skipped: 0, Time elapsed: 0.002 s - in org.apache.commons.imaging.formats.png.transparencyfilters.TransparencyFilterIndexedColorTest
[INFO] Running org.apache.commons.imaging.formats.png.PngReadTest
[INFO] Tests run: 1, Failures: 0, Errors: 0, Skipped: 0, Time elapsed: 0.106 s - in org.apache.commons.imaging.formats.png.PngReadTest
[INFO] Running org.apache.commons.imaging.formats.png.PngMultipleRoundtripTest
[INFO] Tests run: 1, Failures: 0, Errors: 0, Skipped: 0, Time elapsed: 0.356 s - in org.apache.commons.imaging.formats.png.PngMultipleRoundtripTest
[INFO] Running org.apache.commons.imaging.formats.dcx.DcxReadTest
[WARNING] Tests run: 3, Failures: 0, Errors: 0, Skipped: 2, Time elapsed: 0.016 s - in org.apache.commons.imaging.formats.dcx.DcxReadTest
[INFO] Running org.apache.commons.imaging.formats.pnm.PnmImageParserTest
[INFO] Tests run: 5, Failures: 0, Errors: 0, Skipped: 0, Time elapsed: 0.005 s - in org.apache.commons.imaging.formats.pnm.PnmImageParserTest
[INFO] Running org.apache.commons.imaging.formats.pnm.PbmFileInfoTest
[INFO] Tests run: 1, Failures: 0, Errors: 0, Skipped: 0, Time elapsed: 0.003 s - in org.apache.commons.imaging.formats.pnm.PbmFileInfoTest
[INFO] Running org.apache.commons.imaging.formats.pnm.WhiteSpaceReaderTest
[INFO] Tests run: 1, Failures: 0, Errors: 0, Skipped: 0, Time elapsed: 0.004 s - in org.apache.commons.imaging.formats.pnm.WhiteSpaceReaderTest
[INFO] Running org.apache.commons.imaging.formats.ico.IcoReadTest
[WARNING] Tests run: 3, Failures: 0, Errors: 0, Skipped: 2, Time elapsed: 0.013 s - in org.apache.commons.imaging.formats.ico.IcoReadTest
[INFO] Running org.apache.commons.imaging.formats.ico.IcoRoundtripTest
[INFO] Tests run: 8, Failures: 0, Errors: 0, Skipped: 0, Time elapsed: 0.041 s - in org.apache.commons.imaging.formats.ico.IcoRoundtripTest
[INFO] Running org.apache.commons.imaging.formats.jpeg.decoder.DctTest
[INFO] Tests run: 2, Failures: 0, Errors: 0, Skipped: 0, Time elapsed: 0.001 s - in org.apache.commons.imaging.formats.jpeg.decoder.DctTest
[INFO] Running org.apache.commons.imaging.formats.jpeg.decoder.JpegDecoderTest
[INFO] Tests run: 1, Failures: 0, Errors: 0, Skipped: 0, Time elapsed: 0.393 s - in org.apache.commons.imaging.formats.jpeg.decoder.JpegDecoderTest
[INFO] Running org.apache.commons.imaging.formats.jpeg.exif.ExifDumpTest
[INFO] Tests run: 16, Failures: 0, Errors: 0, Skipped: 0, Time elapsed: 0.044 s - in org.apache.commons.imaging.formats.jpeg.exif.ExifDumpTest
[INFO] Running org.apache.commons.imaging.formats.jpeg.exif.ExifRewriteTest
[INFO] Tests run: 4, Failures: 0, Errors: 0, Skipped: 0, Time elapsed: 0.246 s - in org.apache.commons.imaging.formats.jpeg.exif.ExifRewriteTest
[INFO] Running org.apache.commons.imaging.formats.jpeg.exif.GpsTest
[INFO] Tests run: 8, Failures: 0, Errors: 0, Skipped: 0, Time elapsed: 0.014 s - in org.apache.commons.imaging.formats.jpeg.exif.GpsTest
[INFO] Running org.apache.commons.imaging.formats.jpeg.exif.MicrosoftTagTest
[INFO] Tests run: 2, Failures: 0, Errors: 0, Skipped: 0, Time elapsed: 0.02 s - in org.apache.commons.imaging.formats.jpeg.exif.MicrosoftTagTest
[INFO] Running org.apache.commons.imaging.formats.jpeg.exif.WriteExifMetadataExampleTest
[INFO] Tests run: 10, Failures: 0, Errors: 0, Skipped: 0, Time elapsed: 0.041 s - in org.apache.commons.imaging.formats.jpeg.exif.WriteExifMetadataExampleTest
[INFO] Running org.apache.commons.imaging.formats.jpeg.exif.AsciiFieldTest
[INFO] Tests run: 1, Failures: 0, Errors: 0, Skipped: 0, Time elapsed: 0.016 s - in org.apache.commons.imaging.formats.jpeg.exif.AsciiFieldTest
[INFO] Running org.apache.commons.imaging.formats.jpeg.exif.TextFieldTest
[INFO] Tests run: 8, Failures: 0, Errors: 0, Skipped: 0, Time elapsed: 0.014 s - in org.apache.commons.imaging.formats.jpeg.exif.TextFieldTest
[INFO] Running org.apache.commons.imaging.formats.jpeg.exif.MakerNoteFieldTest
[INFO] Tests run: 8, Failures: 0, Errors: 0, Skipped: 0, Time elapsed: 0.014 s - in org.apache.commons.imaging.formats.jpeg.exif.MakerNoteFieldTest
[INFO] Running org.apache.commons.imaging.formats.jpeg.JpegReadTest
[INFO] Tests run: 10, Failures: 0, Errors: 0, Skipped: 0, Time elapsed: 1.863 s - in org.apache.commons.imaging.formats.jpeg.JpegReadTest
[INFO] Running org.apache.commons.imaging.formats.jpeg.JpegWithInvalidDhtSegmentTest
[INFO] Tests run: 1, Failures: 0, Errors: 0, Skipped: 0, Time elapsed: 0.004 s - in org.apache.commons.imaging.formats.jpeg.JpegWithInvalidDhtSegmentTest
[INFO] Running org.apache.commons.imaging.formats.jpeg.segments.SosSegmentTest
[INFO] Tests run: 2, Failures: 0, Errors: 0, Skipped: 0, Time elapsed: 0.003 s - in org.apache.commons.imaging.formats.jpeg.segments.SosSegmentTest
[INFO] Running org.apache.commons.imaging.formats.jpeg.segments.JfifSegmentTest
[INFO] Tests run: 1, Failures: 0, Errors: 0, Skipped: 0, Time elapsed: 0.004 s - in org.apache.commons.imaging.formats.jpeg.segments.JfifSegmentTest
[INFO] Running org.apache.commons.imaging.formats.jpeg.segments.AppnSegmentTest
[INFO] Tests run: 1, Failures: 0, Errors: 0, Skipped: 0, Time elapsed: 0.002 s - in org.apache.commons.imaging.formats.jpeg.segments.AppnSegmentTest
[INFO] Running org.apache.commons.imaging.formats.jpeg.segments.NegSizeSegmentTest
[INFO] Tests run: 1, Failures: 0, Errors: 0, Skipped: 0, Time elapsed: 0.003 s - in org.apache.commons.imaging.formats.jpeg.segments.NegSizeSegmentTest
[INFO] Running org.apache.commons.imaging.formats.jpeg.iptc.IptcAddTest
[INFO] Tests run: 10, Failures: 0, Errors: 0, Skipped: 0, Time elapsed: 0.014 s - in org.apache.commons.imaging.formats.jpeg.iptc.IptcAddTest
[INFO] Running org.apache.commons.imaging.formats.jpeg.iptc.IptcFullDiscardTest
[INFO] Tests run: 2, Failures: 0, Errors: 0, Skipped: 0, Time elapsed: 0.058 s - in org.apache.commons.imaging.formats.jpeg.iptc.IptcFullDiscardTest
[INFO] Running org.apache.commons.imaging.formats.jpeg.iptc.IptcDumpTest
[INFO] Tests run: 4, Failures: 0, Errors: 0, Skipped: 0, Time elapsed: 0.013 s - in org.apache.commons.imaging.formats.jpeg.iptc.IptcDumpTest
[INFO] Running org.apache.commons.imaging.formats.jpeg.iptc.IptcUpdateTest
[INFO] Tests run: 16, Failures: 0, Errors: 0, Skipped: 0, Time elapsed: 0.024 s - in org.apache.commons.imaging.formats.jpeg.iptc.IptcUpdateTest
[INFO] Running org.apache.commons.imaging.formats.jpeg.iptc.IptcTypeLookupTest
[INFO] Tests run: 1, Failures: 0, Errors: 0, Skipped: 0, Time elapsed: 0.006 s - in org.apache.commons.imaging.formats.jpeg.iptc.IptcTypeLookupTest
[INFO] Running org.apache.commons.imaging.formats.jpeg.xmp.JpegXmpParserTest
[INFO] Tests run: 1, Failures: 0, Errors: 0, Skipped: 0, Time elapsed: 0.004 s - in org.apache.commons.imaging.formats.jpeg.xmp.JpegXmpParserTest
[INFO] Running org.apache.commons.imaging.formats.jpeg.xmp.JpegXmpDumpTest
[INFO] Tests run: 5, Failures: 0, Errors: 0, Skipped: 0, Time elapsed: 0.011 s - in org.apache.commons.imaging.formats.jpeg.xmp.JpegXmpDumpTest
[INFO] Running org.apache.commons.imaging.formats.jpeg.xmp.JpegXmpRewriteTest
[INFO] Tests run: 5, Failures: 0, Errors: 0, Skipped: 0, Time elapsed: 0.024 s - in org.apache.commons.imaging.formats.jpeg.xmp.JpegXmpRewriteTest
[INFO] Running org.apache.commons.imaging.formats.jpeg.JpegWithJpegThumbnailTest
[INFO] Tests run: 1, Failures: 0, Errors: 0, Skipped: 0, Time elapsed: 0.01 s - in org.apache.commons.imaging.formats.jpeg.JpegWithJpegThumbnailTest
[INFO] Running org.apache.commons.imaging.formats.bmp.BmpReadTest
[WARNING] Tests run: 15, Failures: 0, Errors: 0, Skipped: 5, Time elapsed: 0.012 s - in org.apache.commons.imaging.formats.bmp.BmpReadTest
[INFO] Running org.apache.commons.imaging.formats.bmp.BmpWriterRgbTest
[INFO] Tests run: 1, Failures: 0, Errors: 0, Skipped: 0, Time elapsed: 0 s - in org.apache.commons.imaging.formats.bmp.BmpWriterRgbTest
[INFO] Running org.apache.commons.imaging.formats.bmp.BmpRoundtripTest
[INFO] Tests run: 6, Failures: 0, Errors: 0, Skipped: 0, Time elapsed: 0.094 s - in org.apache.commons.imaging.formats.bmp.BmpRoundtripTest
[INFO] Running org.apache.commons.imaging.formats.xpm.XpmReadTest
[INFO] Tests run: 1, Failures: 0, Errors: 0, Skipped: 0, Time elapsed: 0.333 s - in org.apache.commons.imaging.formats.xpm.XpmReadTest
[INFO] Running org.apache.commons.imaging.formats.xmp.XmpUpdateTest
[INFO] Tests run: 1, Failures: 0, Errors: 0, Skipped: 0, Time elapsed: 0.077 s - in org.apache.commons.imaging.formats.xmp.XmpUpdateTest
[INFO] Running org.apache.commons.imaging.formats.xmp.XmpDumpTest
[INFO] Tests run: 1, Failures: 0, Errors: 0, Skipped: 0, Time elapsed: 0.012 s - in org.apache.commons.imaging.formats.xmp.XmpDumpTest
[INFO] Running org.apache.commons.imaging.formats.wbmp.WbmpReadTest
[INFO] Tests run: 1, Failures: 0, Errors: 0, Skipped: 0, Time elapsed: 0.007 s - in org.apache.commons.imaging.formats.wbmp.WbmpReadTest
[INFO] Running org.apache.commons.imaging.formats.rgbe.RgbeReadTest
[INFO] Tests run: 2, Failures: 0, Errors: 0, Skipped: 0, Time elapsed: 0.088 s - in org.apache.commons.imaging.formats.rgbe.RgbeReadTest
[INFO] Running org.apache.commons.imaging.formats.pcx.RleReaderTest
[INFO] Tests run: 1, Failures: 0, Errors: 0, Skipped: 0, Time elapsed: 0.002 s - in org.apache.commons.imaging.formats.pcx.RleReaderTest
[INFO] Running org.apache.commons.imaging.formats.pcx.PcxReadTest
[INFO] Tests run: 1, Failures: 0, Errors: 0, Skipped: 0, Time elapsed: 0.017 s - in org.apache.commons.imaging.formats.pcx.PcxReadTest
[INFO] Running org.apache.commons.imaging.formats.gif.GifReadTest
[WARNING] Tests run: 6, Failures: 0, Errors: 0, Skipped: 2, Time elapsed: 0.024 s - in org.apache.commons.imaging.formats.gif.GifReadTest
[INFO] Running org.apache.commons.imaging.color.ColorCmyTest
[INFO] Tests run: 5, Failures: 0, Errors: 0, Skipped: 0, Time elapsed: 0.009 s - in org.apache.commons.imaging.color.ColorCmyTest
[INFO] Running org.apache.commons.imaging.color.ColorConversionsTest
[INFO] Tests run: 4, Failures: 0, Errors: 0, Skipped: 0, Time elapsed: 0.014 s - in org.apache.commons.imaging.color.ColorConversionsTest
[INFO] Running org.apache.commons.imaging.color.ColorCieLchTest
[INFO] Tests run: 5, Failures: 0, Errors: 0, Skipped: 0, Time elapsed: 0.002 s - in org.apache.commons.imaging.color.ColorCieLchTest
[INFO] Running org.apache.commons.imaging.color.ColorHslTest
[INFO] Tests run: 5, Failures: 0, Errors: 0, Skipped: 0, Time elapsed: 0.002 s - in org.apache.commons.imaging.color.ColorHslTest
[INFO] Running org.apache.commons.imaging.color.ColorCmykTest
[INFO] Tests run: 6, Failures: 0, Errors: 0, Skipped: 0, Time elapsed: 0.003 s - in org.apache.commons.imaging.color.ColorCmykTest
[INFO] Running org.apache.commons.imaging.color.ColorCieLuvTest
[INFO] Tests run: 5, Failures: 0, Errors: 0, Skipped: 0, Time elapsed: 0.003 s - in org.apache.commons.imaging.color.ColorCieLuvTest
[INFO] Running org.apache.commons.imaging.color.ColorXyzTest
[INFO] Tests run: 5, Failures: 0, Errors: 0, Skipped: 0, Time elapsed: 0.003 s - in org.apache.commons.imaging.color.ColorXyzTest
[INFO] Running org.apache.commons.imaging.color.ColorHunterLabTest
[INFO] Tests run: 5, Failures: 0, Errors: 0, Skipped: 0, Time elapsed: 0.002 s - in org.apache.commons.imaging.color.ColorHunterLabTest
[INFO] Running org.apache.commons.imaging.color.ColorHsvTest
[INFO] Tests run: 5, Failures: 0, Errors: 0, Skipped: 0, Time elapsed: 0.003 s - in org.apache.commons.imaging.color.ColorHsvTest
[INFO] Running org.apache.commons.imaging.color.ColorCieLabTest
[INFO] Tests run: 5, Failures: 0, Errors: 0, Skipped: 0, Time elapsed: 0.005 s - in org.apache.commons.imaging.color.ColorCieLabTest
[INFO] Running org.apache.commons.imaging.ImagingGuessFormatTest
[INFO] Tests run: 11, Failures: 0, Errors: 0, Skipped: 0, Time elapsed: 0.007 s - in org.apache.commons.imaging.ImagingGuessFormatTest
[INFO] 
[INFO] Results:
[INFO] 
[WARNING] Tests run: 578, Failures: 0, Errors: 0, Skipped: 15
[INFO] 
[INFO] 
[INFO] --- animal-sniffer-maven-plugin:1.17:check (check-java-api) @ commons-imaging ---
[INFO] Checking unresolved references to org.codehaus.mojo.signature:java17:1.0
[INFO] 
[INFO] <<< ekstazi-maven-plugin:4.6.3:ekstazi (default-cli) < [ekstazi]test @ commons-imaging <<<
[INFO] 
[INFO] 
[INFO] --- ekstazi-maven-plugin:4.6.3:ekstazi (default-cli) @ commons-imaging ---
[INFO] ------------------------------------------------------------------------
[INFO] BUILD SUCCESS
[INFO] ------------------------------------------------------------------------
[INFO] Total time: 47.414 s
[INFO] Finished at: 2020-05-18T23:24:20-06:00
[INFO] ------------------------------------------------------------------------
