[INFO] Scanning for projects...
[WARNING] 
[WARNING] Some problems were encountered while building the effective model for org.asteriskjava:asterisk-java:jar:3.2.2-SNAPSHOT
[WARNING] 'version' contains an expression but should be a constant. @ org.asteriskjava:asterisk-java:${releaseVersion}, /s/chopin/a/grad/mkshin/newResearch/STARTS/asterisk/workingDir/pom.xml, line 8, column 11
[WARNING] 
[WARNING] It is highly recommended to fix these problems because they threaten the stability of your build.
[WARNING] 
[WARNING] For this reason, future Maven versions might no longer support building such malformed projects.
[WARNING] 
[INFO] 
[INFO] -------------------< org.asteriskjava:asterisk-java >-------------------
[INFO] Building Asterisk-Java 3.2.2-SNAPSHOT
[INFO] --------------------------------[ jar ]---------------------------------
[INFO] 
[INFO] >>> starts-maven-plugin:1.3:starts (default-cli) > [starts]test @ asterisk-java >>>
[INFO] 
[INFO] --- maven-resources-plugin:2.6:resources (default-resources) @ asterisk-java ---
[INFO] Using 'UTF-8' encoding to copy filtered resources.
[INFO] skip non existing resourceDirectory /s/chopin/a/grad/mkshin/newResearch/STARTS/asterisk/workingDir/src/main/resources
[INFO] 
[INFO] --- maven-compiler-plugin:3.2:compile (default-compile) @ asterisk-java ---
[INFO] Nothing to compile - all classes are up to date
[INFO] 
[INFO] --- bnd-maven-plugin:3.2.0:bnd-process (default) @ asterisk-java ---
[INFO] 
[INFO] --- maven-resources-plugin:2.6:testResources (default-testResources) @ asterisk-java ---
[INFO] Using 'UTF-8' encoding to copy filtered resources.
[INFO] Copying 5 resources
[INFO] 
[INFO] --- maven-compiler-plugin:3.2:testCompile (default-testCompile) @ asterisk-java ---
[INFO] Nothing to compile - all classes are up to date
[INFO] 
[INFO] >>> starts-maven-plugin:1.3:run (default-cli) > test-compile @ asterisk-java >>>
[INFO] 
[INFO] --- maven-resources-plugin:2.6:resources (default-resources) @ asterisk-java ---
[INFO] Using 'UTF-8' encoding to copy filtered resources.
[INFO] skip non existing resourceDirectory /s/chopin/a/grad/mkshin/newResearch/STARTS/asterisk/workingDir/src/main/resources
[INFO] 
[INFO] --- maven-compiler-plugin:3.2:compile (default-compile) @ asterisk-java ---
[INFO] Nothing to compile - all classes are up to date
[INFO] 
[INFO] --- bnd-maven-plugin:3.2.0:bnd-process (default) @ asterisk-java ---
[INFO] 
[INFO] --- maven-resources-plugin:2.6:testResources (default-testResources) @ asterisk-java ---
[INFO] Using 'UTF-8' encoding to copy filtered resources.
[INFO] Copying 5 resources
[INFO] 
[INFO] --- maven-compiler-plugin:3.2:testCompile (default-testCompile) @ asterisk-java ---
[INFO] Nothing to compile - all classes are up to date
[INFO] 
[INFO] <<< starts-maven-plugin:1.3:run (default-cli) < test-compile @ asterisk-java <<<
[INFO] 
[INFO] 
[INFO] --- starts-maven-plugin:1.3:run (default-cli) @ asterisk-java ---
INFO: ALL(count): 860
INFO: UNREACHED(count): 172
INFO: STARTS:Nodes: 3555
INFO: STARTS:Edges: 27709
INFO: STARTS:AffectedTests: 5
INFO: STARTS:TotalTests: 46
[INFO] 
[INFO] --- maven-surefire-plugin:3.0.0-M4:test (default-test) @ asterisk-java ---
[INFO] 
[INFO] -------------------------------------------------------
[INFO]  T E S T S
[INFO] -------------------------------------------------------
[INFO] Running org.asteriskjava.pbx.internal.core.ListenerManagerTest
12:16:58.690 [main] INFO  org.asteriskjava.util.ReflectionUtil - Loaded 39
12:16:58.696 [main] INFO  o.a.p.i.core.CoherentEventFactory - Manager Event Added class org.asteriskjava.manager.event.QueueCallerLeaveEvent --> class org.asteriskjava.pbx.asterisk.wrap.events.QueueCallerLeaveEvent
12:16:58.696 [main] INFO  o.a.p.i.core.CoherentEventFactory - Manager Event Added class org.asteriskjava.manager.event.DisconnectEvent --> class org.asteriskjava.pbx.asterisk.wrap.events.DisconnectEvent
12:16:58.697 [main] INFO  o.a.p.i.core.CoherentEventFactory - Manager Event Added class org.asteriskjava.manager.event.BridgeEvent --> class org.asteriskjava.pbx.asterisk.wrap.events.BridgeEvent
12:16:58.699 [main] INFO  o.a.p.i.core.CoherentEventFactory - Response Event Added class org.asteriskjava.manager.event.ConfbridgeListEvent --> class org.asteriskjava.pbx.asterisk.wrap.events.ConfbridgeListEvent
12:16:58.701 [main] INFO  o.a.p.i.core.CoherentEventFactory - Manager Event Added class org.asteriskjava.manager.event.UnparkedCallEvent --> class org.asteriskjava.pbx.asterisk.wrap.events.UnparkedCallEvent
12:16:58.702 [main] INFO  o.a.p.i.core.CoherentEventFactory - Skipping abstract class class org.asteriskjava.manager.event.AbstractParkedCallEvent
12:16:58.703 [main] INFO  o.a.p.i.core.CoherentEventFactory - Manager Event Added class org.asteriskjava.manager.event.NewExtenEvent --> class org.asteriskjava.pbx.asterisk.wrap.events.NewExtenEvent
12:16:58.704 [main] INFO  o.a.p.i.core.CoherentEventFactory - Manager Event Added class org.asteriskjava.manager.event.VarSetEvent --> class org.asteriskjava.pbx.asterisk.wrap.events.VarSetEvent
12:16:58.705 [main] INFO  o.a.p.i.core.CoherentEventFactory - Manager Event Added class org.asteriskjava.manager.event.RenameEvent --> class org.asteriskjava.pbx.asterisk.wrap.events.RenameEvent
12:16:58.707 [main] INFO  o.a.p.i.core.CoherentEventFactory - Manager Event Added class org.asteriskjava.manager.event.MeetMeLeaveEvent --> class org.asteriskjava.pbx.asterisk.wrap.events.MeetMeLeaveEvent
12:16:58.708 [main] INFO  o.a.p.i.core.CoherentEventFactory - Manager Event Added class org.asteriskjava.manager.event.UnlinkEvent --> class org.asteriskjava.pbx.asterisk.wrap.events.UnlinkEvent
12:16:58.709 [main] INFO  o.a.p.i.core.CoherentEventFactory - Response Event Added class org.asteriskjava.manager.event.OriginateResponseEvent --> class org.asteriskjava.pbx.asterisk.wrap.events.OriginateResponseEvent
12:16:58.711 [main] INFO  o.a.p.i.core.CoherentEventFactory - Manager Event Added class org.asteriskjava.manager.event.AgentConnectEvent --> class org.asteriskjava.pbx.asterisk.wrap.events.AgentConnectEvent
12:16:58.711 [main] INFO  o.a.p.i.core.CoherentEventFactory - Skipping abstract class class org.asteriskjava.manager.event.ResponseEvent
12:16:58.713 [main] INFO  o.a.p.i.core.CoherentEventFactory - Manager Event Added class org.asteriskjava.manager.event.AgentCalledEvent --> class org.asteriskjava.pbx.asterisk.wrap.events.AgentCalledEvent
12:16:58.713 [main] INFO  o.a.p.i.core.CoherentEventFactory - Response Event Added class org.asteriskjava.manager.event.PeerlistCompleteEvent --> class org.asteriskjava.pbx.asterisk.wrap.events.PeerlistCompleteEvent
12:16:58.715 [main] INFO  o.a.p.i.core.CoherentEventFactory - Manager Event Added class org.asteriskjava.manager.event.DialBeginEvent --> class org.asteriskjava.pbx.asterisk.wrap.events.DialBeginEvent
12:16:58.717 [main] INFO  o.a.p.i.core.CoherentEventFactory - Manager Event Added class org.asteriskjava.manager.event.HangupEvent --> class org.asteriskjava.pbx.asterisk.wrap.events.HangupEvent
12:16:58.717 [main] INFO  o.a.p.i.core.CoherentEventFactory - Skipping abstract class class org.asteriskjava.manager.event.ManagerEvent
12:16:58.719 [main] INFO  o.a.p.i.core.CoherentEventFactory - Manager Event Added class org.asteriskjava.manager.event.ParkedCallEvent --> class org.asteriskjava.pbx.asterisk.wrap.events.ParkedCallEvent
12:16:58.719 [main] INFO  o.a.p.i.core.CoherentEventFactory - Response Event Added class org.asteriskjava.manager.event.StatusCompleteEvent --> class org.asteriskjava.pbx.asterisk.wrap.events.StatusCompleteEvent
12:16:58.721 [main] INFO  o.a.p.i.core.CoherentEventFactory - Manager Event Added class org.asteriskjava.manager.event.BlindTransferEvent --> class org.asteriskjava.pbx.asterisk.wrap.events.BlindTransferEvent
12:16:58.722 [main] INFO  o.a.p.i.core.CoherentEventFactory - Manager Event Added class org.asteriskjava.manager.event.ReloadEvent --> class org.asteriskjava.pbx.asterisk.wrap.events.ReloadEvent
12:16:58.722 [main] INFO  o.a.p.i.core.CoherentEventFactory - Manager Event Added class org.asteriskjava.manager.event.LinkEvent --> class org.asteriskjava.pbx.asterisk.wrap.events.LinkEvent
12:16:58.723 [main] INFO  o.a.p.i.core.CoherentEventFactory - Manager Event Added class org.asteriskjava.manager.event.DbGetResponseEvent --> class org.asteriskjava.pbx.asterisk.wrap.events.DbGetResponseEvent
12:16:58.724 [main] INFO  o.a.p.i.core.CoherentEventFactory - Manager Event Added class org.asteriskjava.manager.event.DndStateEvent --> class org.asteriskjava.pbx.asterisk.wrap.events.DndStateEvent
12:16:58.724 [main] INFO  o.a.p.i.core.CoherentEventFactory - Manager Event Added class org.asteriskjava.manager.event.NewChannelEvent --> class org.asteriskjava.pbx.asterisk.wrap.events.NewChannelEvent
12:16:58.725 [main] INFO  o.a.p.i.core.CoherentEventFactory - Manager Event Added class org.asteriskjava.manager.event.NewStateEvent --> class org.asteriskjava.pbx.asterisk.wrap.events.NewStateEvent
12:16:58.726 [main] INFO  o.a.p.i.core.CoherentEventFactory - Manager Event Added class org.asteriskjava.manager.event.ConnectEvent --> class org.asteriskjava.pbx.asterisk.wrap.events.ConnectEvent
12:16:58.727 [main] INFO  o.a.p.i.core.CoherentEventFactory - Manager Event Added class org.asteriskjava.manager.event.DialEndEvent --> class org.asteriskjava.pbx.asterisk.wrap.events.DialEndEvent
12:16:58.728 [main] INFO  o.a.p.i.core.CoherentEventFactory - Manager Event Added class org.asteriskjava.manager.event.MeetMeJoinEvent --> class org.asteriskjava.pbx.asterisk.wrap.events.MeetMeJoinEvent
12:16:58.730 [main] INFO  o.a.p.i.core.CoherentEventFactory - Manager Event Added class org.asteriskjava.manager.event.PeerStatusEvent --> class org.asteriskjava.pbx.asterisk.wrap.events.PeerStatusEvent
12:16:58.731 [main] INFO  o.a.p.i.core.CoherentEventFactory - Response Event Added class org.asteriskjava.manager.event.PeerEntryEvent --> class org.asteriskjava.pbx.asterisk.wrap.events.PeerEntryEvent
12:16:58.732 [main] INFO  o.a.p.i.core.CoherentEventFactory - Response Event Added class org.asteriskjava.manager.event.StatusEvent --> class org.asteriskjava.pbx.asterisk.wrap.events.StatusEvent
12:16:58.732 [main] INFO  o.a.p.i.core.CoherentEventFactory - Manager Event Added class org.asteriskjava.manager.event.DialEvent --> class org.asteriskjava.pbx.asterisk.wrap.events.DialEvent
12:16:58.733 [main] INFO  o.a.p.i.core.CoherentEventFactory - Manager Event Added class org.asteriskjava.manager.event.MasqueradeEvent --> class org.asteriskjava.pbx.asterisk.wrap.events.MasqueradeEvent
12:16:58.734 [main] INFO  o.a.p.i.core.CoherentEventFactory - Manager Event Added class org.asteriskjava.manager.event.ConfbridgeListCompleteEvent --> class org.asteriskjava.pbx.asterisk.wrap.events.ConfbridgeListCompleteEvent
12:16:58.734 [main] INFO  o.a.p.i.core.CoherentEventFactory - Skipping abstract class class org.asteriskjava.manager.event.AbstractMeetMeEvent
12:16:58.735 [main] INFO  o.a.p.i.core.CoherentEventFactory - Manager Event Added class org.asteriskjava.manager.event.ExtensionStatusEvent --> class org.asteriskjava.pbx.asterisk.wrap.events.ExtensionStatusEvent
[INFO] Tests run: 1, Failures: 0, Errors: 0, Skipped: 0, Time elapsed: 0.432 s - in org.asteriskjava.pbx.internal.core.ListenerManagerTest
[INFO] Running org.asteriskjava.fastagi.internal.AgiChannelImplTest
12:16:58.811 [main] WARN  o.a.fastagi.internal.AgiChannelImpl - Request is null, I assume you're testing...
12:16:58.814 [main] WARN  o.a.fastagi.internal.AgiChannelImpl - Request is null, I assume you're testing...
12:16:58.815 [main] WARN  o.a.fastagi.internal.AgiChannelImpl - Request is null, I assume you're testing...
[INFO] Tests run: 3, Failures: 0, Errors: 0, Skipped: 0, Time elapsed: 0.01 s - in org.asteriskjava.fastagi.internal.AgiChannelImplTest
[INFO] Running org.asteriskjava.fastagi.DefaultAgiServerTest
[INFO] Tests run: 4, Failures: 0, Errors: 0, Skipped: 0, Time elapsed: 0.022 s - in org.asteriskjava.fastagi.DefaultAgiServerTest
[INFO] Running org.asteriskjava.manager.internal.ManagerConnectionImplTest
12:16:58.919 [Asterisk-Java ManagerConnection-0-Reconnect-0] INFO  o.a.m.i.ManagerConnectionImplTest$MockedManagerConnectionImpl - Connecting to localhost:5038
12:16:58.920 [Asterisk-Java ManagerConnection-0-Reconnect-0] INFO  o.a.m.i.ManagerConnectionImplTest$MockedManagerConnectionImpl - Closing socket.
12:16:58.920 [Asterisk-Java ManagerConnection-0-Reconnect-0] ERROR o.a.m.i.ManagerConnectionImplTest$MockedManagerConnectionImpl - TimeoutException while trying to log in after reconnect.
12:16:58.970 [Asterisk-Java ManagerConnection-0-Reconnect-0] INFO  o.a.m.i.ManagerConnectionImplTest$MockedManagerConnectionImpl - Connecting to localhost:5038
12:16:58.971 [Thread-2] INFO  o.a.m.i.ManagerConnectionImplTest$MockedManagerConnectionImpl - Connected via Asterisk Call Manager/1.0
12:16:58.971 [Thread-2] WARN  o.a.m.i.ManagerConnectionImplTest$MockedManagerConnectionImpl - Unsupported protocol version 'Asterisk Call Manager/1.0'. Use at your own risk.
12:16:59.021 [Thread-4] INFO  o.a.m.i.ManagerConnectionImplTest$MockedManagerConnectionImpl - Connected via Asterisk Call Manager/1.0
12:16:59.021 [Thread-4] WARN  o.a.m.i.ManagerConnectionImplTest$MockedManagerConnectionImpl - Unsupported protocol version 'Asterisk Call Manager/1.0'. Use at your own risk.
12:16:59.025 [Asterisk-Java ManagerConnection-0-Reconnect-0] INFO  o.a.m.i.ManagerConnectionImplTest$MockedManagerConnectionImpl - Successfully logged in
12:16:59.026 [Asterisk-Java ManagerConnection-0-Reconnect-0] INFO  o.a.m.i.ManagerConnectionImplTest$MockedManagerConnectionImpl - Determined Asterisk version: null
12:16:59.026 [Asterisk-Java ManagerConnection-0-Reconnect-0] INFO  o.a.m.i.ManagerConnectionImplTest$MockedManagerConnectionImpl - Successfully reconnected.
12:16:59.872 [main] INFO  o.a.m.i.ManagerConnectionImplTest$MockedManagerConnectionImpl - Connecting to localhost:5038
12:16:59.922 [Thread-8] INFO  o.a.m.i.ManagerConnectionImplTest$MockedManagerConnectionImpl - Connected via Asterisk Call Manager/1.0
12:16:59.922 [Thread-8] WARN  o.a.m.i.ManagerConnectionImplTest$MockedManagerConnectionImpl - Unsupported protocol version 'Asterisk Call Manager/1.0'. Use at your own risk.
12:16:59.963 [main] INFO  o.a.m.i.ManagerConnectionImplTest$MockedManagerConnectionImpl - Successfully logged in
12:16:59.964 [main] INFO  o.a.m.i.ManagerConnectionImplTest$MockedManagerConnectionImpl - Determined Asterisk version: null
12:17:00.065 [main] INFO  o.a.m.i.ManagerConnectionImplTest$MockedManagerConnectionImpl - Connecting to localhost:5038
12:17:00.115 [Thread-12] INFO  o.a.m.i.ManagerConnectionImplTest$MockedManagerConnectionImpl - Connected via Asterisk Call Manager/1.0
12:17:00.116 [Thread-12] WARN  o.a.m.i.ManagerConnectionImplTest$MockedManagerConnectionImpl - Unsupported protocol version 'Asterisk Call Manager/1.0'. Use at your own risk.
12:17:00.273 [main] INFO  o.a.m.i.ManagerConnectionImplTest$MockedManagerConnectionImpl - Connecting to localhost:5038
12:17:00.323 [Thread-14] INFO  o.a.m.i.ManagerConnectionImplTest$MockedManagerConnectionImpl - Connected via Asterisk Call Manager/1.0
12:17:00.323 [Thread-14] WARN  o.a.m.i.ManagerConnectionImplTest$MockedManagerConnectionImpl - Unsupported protocol version 'Asterisk Call Manager/1.0'. Use at your own risk.
12:17:00.344 [Asterisk-Java ManagerConnection-7-Reconnect-0] INFO  o.a.m.i.ManagerConnectionImplTest$MockedManagerConnectionImpl - Connecting to localhost:5038
12:17:00.344 [Asterisk-Java ManagerConnection-7-Reconnect-0] WARN  o.a.m.i.ManagerConnectionImplTest$MockedManagerConnectionImpl - Exception while trying to reconnect: IOException
12:17:00.395 [Asterisk-Java ManagerConnection-7-Reconnect-0] INFO  o.a.m.i.ManagerConnectionImplTest$MockedManagerConnectionImpl - Connecting to localhost:5038
12:17:00.445 [Thread-18] INFO  o.a.m.i.ManagerConnectionImplTest$MockedManagerConnectionImpl - Connected via Asterisk Call Manager/1.0
12:17:00.445 [Thread-18] WARN  o.a.m.i.ManagerConnectionImplTest$MockedManagerConnectionImpl - Unsupported protocol version 'Asterisk Call Manager/1.0'. Use at your own risk.
12:17:00.486 [Asterisk-Java ManagerConnection-7-Reconnect-0] INFO  o.a.m.i.ManagerConnectionImplTest$MockedManagerConnectionImpl - Successfully logged in
12:17:00.486 [Asterisk-Java ManagerConnection-7-Reconnect-0] INFO  o.a.m.i.ManagerConnectionImplTest$MockedManagerConnectionImpl - Determined Asterisk version: null
12:17:00.486 [Asterisk-Java ManagerConnection-7-Reconnect-0] INFO  o.a.m.i.ManagerConnectionImplTest$MockedManagerConnectionImpl - Successfully reconnected.
12:17:01.294 [main] INFO  o.a.m.i.ManagerConnectionImplTest$MockedManagerConnectionImpl - Connecting to localhost:5038
12:17:01.295 [main] INFO  o.a.m.i.ManagerConnectionImplTest$MockedManagerConnectionImpl - Connecting to localhost:5038
12:17:01.316 [main] INFO  o.a.m.i.ManagerConnectionImplTest$MockedManagerConnectionImpl - Closing socket.
12:17:01.316 [main] ERROR o.a.m.i.ManagerConnectionImplTest$MockedManagerConnectionImpl - Unable to retrieve internalActionId from response: actionId 'null':
org.asteriskjava.manager.response.ManagerResponse: actionId='null'; message='null'; response='Success'; uniqueId='null'; systemHashcode=959869407
12:17:01.317 [main] INFO  o.a.m.i.ManagerConnectionImplTest$MockedManagerConnectionImpl - Connecting to localhost:5038
12:17:01.345 [Thread-22] INFO  o.a.m.i.ManagerConnectionImplTest$MockedManagerConnectionImpl - Connected via Asterisk Call Manager/1.0
12:17:01.346 [Thread-22] WARN  o.a.m.i.ManagerConnectionImplTest$MockedManagerConnectionImpl - Unsupported protocol version 'Asterisk Call Manager/1.0'. Use at your own risk.
12:17:01.367 [Thread-25] INFO  o.a.m.i.ManagerConnectionImplTest$MockedManagerConnectionImpl - Connected via Asterisk Call Manager/1.0
12:17:01.367 [Thread-25] WARN  o.a.m.i.ManagerConnectionImplTest$MockedManagerConnectionImpl - Unsupported protocol version 'Asterisk Call Manager/1.0'. Use at your own risk.
12:17:01.408 [main] INFO  o.a.m.i.ManagerConnectionImplTest$MockedManagerConnectionImpl - Closing socket.
12:17:01.509 [main] INFO  o.a.m.i.ManagerConnectionImplTest$MockedManagerConnectionImpl - Connecting to localhost:5038
12:17:01.559 [main] INFO  o.a.m.i.ManagerConnectionImplTest$MockedManagerConnectionImpl - Closing socket.
12:17:01.571 [main] ERROR o.a.m.i.ManagerConnectionImplTest$MockedManagerConnectionImpl - Unable to dispatch null response. This should never happen. Please file a bug.
12:17:01.573 [main] ERROR o.a.m.i.ManagerConnectionImplTest$MockedManagerConnectionImpl - Unable to retrieve internalActionId from response: actionId '123_0-abc':
org.asteriskjava.manager.response.ManagerResponse: actionId='null'; message='null'; response='Success'; uniqueId='null'; systemHashcode=422396878
12:17:01.573 [main] INFO  o.a.m.i.ManagerConnectionImplTest$MockedManagerConnectionImpl - Connecting to localhost:5038
12:17:01.624 [Thread-30] INFO  o.a.m.i.ManagerConnectionImplTest$MockedManagerConnectionImpl - Connected via Asterisk Call Manager/1.0
12:17:01.624 [Thread-30] WARN  o.a.m.i.ManagerConnectionImplTest$MockedManagerConnectionImpl - Unsupported protocol version 'Asterisk Call Manager/1.0'. Use at your own risk.
12:17:01.824 [main] INFO  o.a.m.i.ManagerConnectionImplTest$MockedManagerConnectionImpl - Closing socket.
12:17:01.885 [Asterisk-Java ManagerConnection-17-Reconnect-0] INFO  o.a.m.i.ManagerConnectionImplTest$MockedManagerConnectionImpl - Connecting to localhost:5038
12:17:01.936 [Thread-33] INFO  o.a.m.i.ManagerConnectionImplTest$MockedManagerConnectionImpl - Connected via Asterisk Call Manager/1.0
12:17:01.936 [Thread-33] WARN  o.a.m.i.ManagerConnectionImplTest$MockedManagerConnectionImpl - Unsupported protocol version 'Asterisk Call Manager/1.0'. Use at your own risk.
12:17:01.976 [Asterisk-Java ManagerConnection-17-Reconnect-0] INFO  o.a.m.i.ManagerConnectionImplTest$MockedManagerConnectionImpl - Successfully logged in
12:17:01.977 [Asterisk-Java ManagerConnection-17-Reconnect-0] INFO  o.a.m.i.ManagerConnectionImplTest$MockedManagerConnectionImpl - Determined Asterisk version: null
12:17:01.977 [Asterisk-Java ManagerConnection-17-Reconnect-0] INFO  o.a.m.i.ManagerConnectionImplTest$MockedManagerConnectionImpl - Successfully reconnected.
12:17:02.836 [main] INFO  o.a.m.i.ManagerConnectionImplTest$MockedManagerConnectionImpl - Connecting to localhost:5038
12:17:02.836 [main] ERROR o.a.m.i.ManagerConnectionImplTest$MockedManagerConnectionImpl - Unable to retrieve internalActionId from response: actionId 'abc':
org.asteriskjava.manager.response.ManagerResponse: actionId='null'; message='null'; response='Success'; uniqueId='null'; systemHashcode=452805835
[INFO] Tests run: 22, Failures: 0, Errors: 0, Skipped: 0, Time elapsed: 3.989 s - in org.asteriskjava.manager.internal.ManagerConnectionImplTest
[INFO] Running org.asteriskjava.manager.internal.ManagerReaderImplTest
12:17:02.886 [Thread-37] INFO  o.a.m.i.ManagerConnectionImplTest$MockedManagerConnectionImpl - Connected via Asterisk Call Manager/1.0
12:17:02.886 [Thread-37] WARN  o.a.m.i.ManagerConnectionImplTest$MockedManagerConnectionImpl - Unsupported protocol version 'Asterisk Call Manager/1.0'. Use at your own risk.
12:17:03.276 [main] INFO  org.reflections.Reflections - Reflections took 363 ms to scan 2 urls, producing 31 keys and 208 values 
12:17:03.375 [main] INFO  o.a.m.internal.ManagerReaderImpl - Terminating reader thread: Something happened to the network...
[INFO] Tests run: 9, Failures: 0, Errors: 0, Skipped: 0, Time elapsed: 0.54 s - in org.asteriskjava.manager.internal.ManagerReaderImplTest
[INFO] 
[INFO] Results:
[INFO] 
[INFO] Tests run: 39, Failures: 0, Errors: 0, Skipped: 0
[INFO] 
[INFO] 
[INFO] <<< starts-maven-plugin:1.3:starts (default-cli) < [starts]test @ asterisk-java <<<
[INFO] 
[INFO] 
[INFO] --- starts-maven-plugin:1.3:starts (default-cli) @ asterisk-java ---
[INFO] ------------------------------------------------------------------------
[INFO] BUILD SUCCESS
[INFO] ------------------------------------------------------------------------
[INFO] Total time:  20.502 s
[INFO] Finished at: 2020-05-18T12:17:03-06:00
[INFO] ------------------------------------------------------------------------
